#! /usr/bin/vvp
:ivl_version "11.0 (stable)";
:ivl_delay_selection "TYPICAL";
:vpi_time_precision + 0;
:vpi_module "/usr/lib/x86_64-linux-gnu/ivl/system.vpi";
:vpi_module "/usr/lib/x86_64-linux-gnu/ivl/vhdl_sys.vpi";
:vpi_module "/usr/lib/x86_64-linux-gnu/ivl/vhdl_textio.vpi";
:vpi_module "/usr/lib/x86_64-linux-gnu/ivl/v2005_math.vpi";
:vpi_module "/usr/lib/x86_64-linux-gnu/ivl/va_math.vpi";
:vpi_module "/usr/lib/x86_64-linux-gnu/ivl/v2009.vpi";
S_0x55644964ecf0 .scope package, "$unit" "$unit" 2 1;
 .timescale 0 0;
S_0x55644964ee80 .scope module, "tb_alu" "tb_alu" 3 2;
 .timescale 0 0;
P_0x55644965ec00 .param/l "ALU_ADD" 1 3 17, C4<0000>;
P_0x55644965ec40 .param/l "ALU_AND" 1 3 19, C4<0010>;
P_0x55644965ec80 .param/l "ALU_OR" 1 3 20, C4<0011>;
P_0x55644965ecc0 .param/l "ALU_SLL" 1 3 22, C4<0101>;
P_0x55644965ed00 .param/l "ALU_SLT" 1 3 25, C4<1000>;
P_0x55644965ed40 .param/l "ALU_SLTU" 1 3 26, C4<1001>;
P_0x55644965ed80 .param/l "ALU_SRA" 1 3 24, C4<0111>;
P_0x55644965edc0 .param/l "ALU_SRL" 1 3 23, C4<0110>;
P_0x55644965ee00 .param/l "ALU_SUB" 1 3 18, C4<0001>;
P_0x55644965ee40 .param/l "ALU_XOR" 1 3 21, C4<0100>;
P_0x55644965ee80 .param/l "XLEN" 1 3 4, +C4<00000000000000000000000000100000>;
v0x556449680220_0 .var "a", 31 0;
v0x556449680350_0 .var "b", 31 0;
v0x556449680460_0 .var "op", 3 0;
v0x556449680500_0 .net "y", 31 0, v0x55644967f840_0;  1 drivers
v0x5564496805a0_0 .net "zero", 0 0, L_0x556449690700;  1 drivers
S_0x55644965eed0 .scope begin, "$ivl_for_loop0" "$ivl_for_loop0" 3 95, 3 95 0, S_0x55644964ee80;
 .timescale 0 0;
v0x55644964f010_0 .var/2s "i", 31 0;
S_0x55644967e3e0 .scope autotask, "check_one" "check_one" 3 52, 3 52 0, S_0x55644964ee80;
 .timescale 0 0;
v0x55644967e5e0_0 .var "exp", 31 0;
v0x55644967e6c0_0 .var "ta", 31 0;
v0x55644967e7a0_0 .var "tbv", 31 0;
v0x55644967e860_0 .var "top", 3 0;
TD_tb_alu.check_one ;
    %alloc S_0x55644967fab0;
    %load/vec4 v0x55644967e6c0_0;
    %load/vec4 v0x55644967e7a0_0;
    %load/vec4 v0x55644967e860_0;
    %store/vec4 v0x556449680140_0, 0, 4;
    %store/vec4 v0x55644967fe70_0, 0, 32;
    %store/vec4 v0x55644967fc90_0, 0, 32;
    %callf/vec4 TD_tb_alu.golden, S_0x55644967fab0;
    %free S_0x55644967fab0;
    %store/vec4 v0x55644967e5e0_0, 0, 32;
    %load/vec4 v0x55644967e6c0_0;
    %store/vec4 v0x556449680220_0, 0, 32;
    %load/vec4 v0x55644967e7a0_0;
    %store/vec4 v0x556449680350_0, 0, 32;
    %load/vec4 v0x55644967e860_0;
    %store/vec4 v0x556449680460_0, 0, 4;
    %delay 1, 0;
    %load/vec4 v0x556449680500_0;
    %load/vec4 v0x55644967e5e0_0;
    %cmp/ne;
    %jmp/0xz  T_0.0, 6;
    %vpi_call/w 3 67 "$display", "FAIL: op=%0h a=%h b=%h  got y=%h exp=%h", v0x556449680460_0, v0x556449680220_0, v0x556449680350_0, v0x556449680500_0, v0x55644967e5e0_0 {0 0 0};
    %vpi_call/w 3 68 "$finish" {0 0 0};
T_0.0 ;
    %load/vec4 v0x5564496805a0_0;
    %load/vec4 v0x55644967e5e0_0;
    %pushi/vec4 0, 0, 32;
    %cmp/e;
    %flag_get/vec4 4;
    %cmp/ne;
    %jmp/0xz  T_0.2, 6;
    %load/vec4 v0x55644967e5e0_0;
    %pushi/vec4 0, 0, 32;
    %cmp/e;
    %flag_get/vec4 4;
    %vpi_call/w 3 72 "$display", "FAIL(zero): op=%0h a=%h b=%h  got zero=%0b exp zero=%0b", v0x556449680460_0, v0x556449680220_0, v0x556449680350_0, v0x5564496805a0_0, S<0,vec4,u1> {1 0 0};
    %vpi_call/w 3 74 "$finish" {0 0 0};
T_0.2 ;
    %end;
S_0x55644967e940 .scope module, "dut" "alu" 3 11, 4 2 0, S_0x55644964ee80;
 .timescale 0 0;
    .port_info 0 /INPUT 32 "a";
    .port_info 1 /INPUT 32 "b";
    .port_info 2 /INPUT 4 "op";
    .port_info 3 /OUTPUT 32 "y";
    .port_info 4 /OUTPUT 1 "zero";
P_0x55644967eb20 .param/l "ALU_ADD" 1 4 14, C4<0000>;
P_0x55644967eb60 .param/l "ALU_AND" 1 4 16, C4<0010>;
P_0x55644967eba0 .param/l "ALU_OR" 1 4 17, C4<0011>;
P_0x55644967ebe0 .param/l "ALU_SLL" 1 4 19, C4<0101>;
P_0x55644967ec20 .param/l "ALU_SLT" 1 4 22, C4<1000>;
P_0x55644967ec60 .param/l "ALU_SLTU" 1 4 23, C4<1001>;
P_0x55644967eca0 .param/l "ALU_SRA" 1 4 21, C4<0111>;
P_0x55644967ece0 .param/l "ALU_SRL" 1 4 20, C4<0110>;
P_0x55644967ed20 .param/l "ALU_SUB" 1 4 15, C4<0001>;
P_0x55644967ed60 .param/l "ALU_XOR" 1 4 18, C4<0100>;
P_0x55644967eda0 .param/l "XLEN" 0 4 3, +C4<00000000000000000000000000100000>;
L_0x7f0acc302018 .functor BUFT 1, C4<00000000000000000000000000000000>, C4<0>, C4<0>, C4<0>;
v0x55644967f2d0_0 .net/2u *"_ivl_0", 31 0, L_0x7f0acc302018;  1 drivers
v0x55644967f3d0_0 .net "a", 31 0, v0x556449680220_0;  1 drivers
v0x55644967f4b0_0 .net/s "as", 31 0, v0x556449680220_0;  alias, 1 drivers
v0x55644967f5b0_0 .net "b", 31 0, v0x556449680350_0;  1 drivers
v0x55644967f670_0 .net/s "bs", 31 0, v0x556449680350_0;  alias, 1 drivers
v0x55644967f780_0 .net "op", 3 0, v0x556449680460_0;  1 drivers
v0x55644967f840_0 .var "y", 31 0;
v0x55644967f920_0 .net "zero", 0 0, L_0x556449690700;  alias, 1 drivers
E_0x55644964a3a0 .event edge, v0x55644967f780_0, v0x55644967f3d0_0, v0x55644967f5b0_0, v0x55644967f5b0_0;
L_0x556449690700 .cmp/eq 32, v0x55644967f840_0, L_0x7f0acc302018;
S_0x55644967fab0 .scope autofunction.vec4.s32, "golden" "golden" 3 28, 3 28 0, S_0x55644964ee80;
 .timescale 0 0;
v0x55644967fc90_0 .var "ga", 31 0;
v0x55644967fd90_0 .var/s "gas", 31 0;
v0x55644967fe70_0 .var "gb", 31 0;
v0x55644967ff30_0 .var/s "gbs", 31 0;
; Variable golden is vec4 return value of scope S_0x55644967fab0
v0x556449680140_0 .var "gop", 3 0;
TD_tb_alu.golden ;
    %load/vec4 v0x55644967fc90_0;
    %store/vec4 v0x55644967fd90_0, 0, 32;
    %load/vec4 v0x55644967fe70_0;
    %store/vec4 v0x55644967ff30_0, 0, 32;
    %load/vec4 v0x556449680140_0;
    %dup/vec4;
    %pushi/vec4 0, 0, 4;
    %cmp/u;
    %jmp/1 T_1.4, 6;
    %dup/vec4;
    %pushi/vec4 1, 0, 4;
    %cmp/u;
    %jmp/1 T_1.5, 6;
    %dup/vec4;
    %pushi/vec4 2, 0, 4;
    %cmp/u;
    %jmp/1 T_1.6, 6;
    %dup/vec4;
    %pushi/vec4 3, 0, 4;
    %cmp/u;
    %jmp/1 T_1.7, 6;
    %dup/vec4;
    %pushi/vec4 4, 0, 4;
    %cmp/u;
    %jmp/1 T_1.8, 6;
    %dup/vec4;
    %pushi/vec4 5, 0, 4;
    %cmp/u;
    %jmp/1 T_1.9, 6;
    %dup/vec4;
    %pushi/vec4 6, 0, 4;
    %cmp/u;
    %jmp/1 T_1.10, 6;
    %dup/vec4;
    %pushi/vec4 7, 0, 4;
    %cmp/u;
    %jmp/1 T_1.11, 6;
    %dup/vec4;
    %pushi/vec4 8, 0, 4;
    %cmp/u;
    %jmp/1 T_1.12, 6;
    %dup/vec4;
    %pushi/vec4 9, 0, 4;
    %cmp/u;
    %jmp/1 T_1.13, 6;
    %pushi/vec4 0, 0, 32;
    %ret/vec4 0, 0, 32;  Assign to golden (store_vec4_to_lval)
    %jmp T_1.15;
T_1.4 ;
    %load/vec4 v0x55644967fc90_0;
    %load/vec4 v0x55644967fe70_0;
    %add;
    %ret/vec4 0, 0, 32;  Assign to golden (store_vec4_to_lval)
    %jmp T_1.15;
T_1.5 ;
    %load/vec4 v0x55644967fc90_0;
    %load/vec4 v0x55644967fe70_0;
    %sub;
    %ret/vec4 0, 0, 32;  Assign to golden (store_vec4_to_lval)
    %jmp T_1.15;
T_1.6 ;
    %load/vec4 v0x55644967fc90_0;
    %load/vec4 v0x55644967fe70_0;
    %and;
    %ret/vec4 0, 0, 32;  Assign to golden (store_vec4_to_lval)
    %jmp T_1.15;
T_1.7 ;
    %load/vec4 v0x55644967fc90_0;
    %load/vec4 v0x55644967fe70_0;
    %or;
    %ret/vec4 0, 0, 32;  Assign to golden (store_vec4_to_lval)
    %jmp T_1.15;
T_1.8 ;
    %load/vec4 v0x55644967fc90_0;
    %load/vec4 v0x55644967fe70_0;
    %xor;
    %ret/vec4 0, 0, 32;  Assign to golden (store_vec4_to_lval)
    %jmp T_1.15;
T_1.9 ;
    %load/vec4 v0x55644967fc90_0;
    %load/vec4 v0x55644967fe70_0;
    %parti/s 5, 0, 2;
    %ix/vec4 4;
    %shiftl 4;
    %ret/vec4 0, 0, 32;  Assign to golden (store_vec4_to_lval)
    %jmp T_1.15;
T_1.10 ;
    %load/vec4 v0x55644967fc90_0;
    %load/vec4 v0x55644967fe70_0;
    %parti/s 5, 0, 2;
    %ix/vec4 4;
    %shiftr 4;
    %ret/vec4 0, 0, 32;  Assign to golden (store_vec4_to_lval)
    %jmp T_1.15;
T_1.11 ;
    %load/vec4 v0x55644967fd90_0;
    %load/vec4 v0x55644967fe70_0;
    %parti/s 5, 0, 2;
    %ix/vec4 4;
    %shiftr/s 4;
    %ret/vec4 0, 0, 32;  Assign to golden (store_vec4_to_lval)
    %jmp T_1.15;
T_1.12 ;
    %load/vec4 v0x55644967fd90_0;
    %load/vec4 v0x55644967ff30_0;
    %cmp/s;
    %flag_mov 8, 5;
    %jmp/0 T_1.16, 8;
    %pushi/vec4 1, 0, 32;
    %jmp/1 T_1.17, 8;
T_1.16 ; End of true expr.
    %pushi/vec4 0, 0, 32;
    %jmp/0 T_1.17, 8;
 ; End of false expr.
    %blend;
T_1.17;
    %ret/vec4 0, 0, 32;  Assign to golden (store_vec4_to_lval)
    %jmp T_1.15;
T_1.13 ;
    %load/vec4 v0x55644967fc90_0;
    %load/vec4 v0x55644967fe70_0;
    %cmp/u;
    %flag_mov 8, 5;
    %jmp/0 T_1.18, 8;
    %pushi/vec4 1, 0, 32;
    %jmp/1 T_1.19, 8;
T_1.18 ; End of true expr.
    %pushi/vec4 0, 0, 32;
    %jmp/0 T_1.19, 8;
 ; End of false expr.
    %blend;
T_1.19;
    %ret/vec4 0, 0, 32;  Assign to golden (store_vec4_to_lval)
    %jmp T_1.15;
T_1.15 ;
    %pop/vec4 1;
    %end;
    .scope S_0x55644967e940;
T_2 ;
Ewait_0 .event/or E_0x55644964a3a0, E_0x0;
    %wait Ewait_0;
    %pushi/vec4 0, 0, 32;
    %store/vec4 v0x55644967f840_0, 0, 32;
    %load/vec4 v0x55644967f780_0;
    %dup/vec4;
    %pushi/vec4 0, 0, 4;
    %cmp/u;
    %jmp/1 T_2.0, 6;
    %dup/vec4;
    %pushi/vec4 1, 0, 4;
    %cmp/u;
    %jmp/1 T_2.1, 6;
    %dup/vec4;
    %pushi/vec4 2, 0, 4;
    %cmp/u;
    %jmp/1 T_2.2, 6;
    %dup/vec4;
    %pushi/vec4 3, 0, 4;
    %cmp/u;
    %jmp/1 T_2.3, 6;
    %dup/vec4;
    %pushi/vec4 4, 0, 4;
    %cmp/u;
    %jmp/1 T_2.4, 6;
    %dup/vec4;
    %pushi/vec4 5, 0, 4;
    %cmp/u;
    %jmp/1 T_2.5, 6;
    %dup/vec4;
    %pushi/vec4 6, 0, 4;
    %cmp/u;
    %jmp/1 T_2.6, 6;
    %dup/vec4;
    %pushi/vec4 7, 0, 4;
    %cmp/u;
    %jmp/1 T_2.7, 6;
    %dup/vec4;
    %pushi/vec4 8, 0, 4;
    %cmp/u;
    %jmp/1 T_2.8, 6;
    %dup/vec4;
    %pushi/vec4 9, 0, 4;
    %cmp/u;
    %jmp/1 T_2.9, 6;
    %pushi/vec4 0, 0, 32;
    %store/vec4 v0x55644967f840_0, 0, 32;
    %jmp T_2.11;
T_2.0 ;
    %load/vec4 v0x55644967f3d0_0;
    %load/vec4 v0x55644967f5b0_0;
    %add;
    %store/vec4 v0x55644967f840_0, 0, 32;
    %jmp T_2.11;
T_2.1 ;
    %load/vec4 v0x55644967f3d0_0;
    %load/vec4 v0x55644967f5b0_0;
    %sub;
    %store/vec4 v0x55644967f840_0, 0, 32;
    %jmp T_2.11;
T_2.2 ;
    %load/vec4 v0x55644967f3d0_0;
    %load/vec4 v0x55644967f5b0_0;
    %and;
    %store/vec4 v0x55644967f840_0, 0, 32;
    %jmp T_2.11;
T_2.3 ;
    %load/vec4 v0x55644967f3d0_0;
    %load/vec4 v0x55644967f5b0_0;
    %or;
    %store/vec4 v0x55644967f840_0, 0, 32;
    %jmp T_2.11;
T_2.4 ;
    %load/vec4 v0x55644967f3d0_0;
    %load/vec4 v0x55644967f5b0_0;
    %xor;
    %store/vec4 v0x55644967f840_0, 0, 32;
    %jmp T_2.11;
T_2.5 ;
    %load/vec4 v0x55644967f3d0_0;
    %load/vec4 v0x55644967f5b0_0;
    %parti/s 5, 0, 2;
    %ix/vec4 4;
    %shiftl 4;
    %store/vec4 v0x55644967f840_0, 0, 32;
    %jmp T_2.11;
T_2.6 ;
    %load/vec4 v0x55644967f3d0_0;
    %load/vec4 v0x55644967f5b0_0;
    %parti/s 5, 0, 2;
    %ix/vec4 4;
    %shiftr 4;
    %store/vec4 v0x55644967f840_0, 0, 32;
    %jmp T_2.11;
T_2.7 ;
    %load/vec4 v0x55644967f4b0_0;
    %load/vec4 v0x55644967f5b0_0;
    %parti/s 5, 0, 2;
    %ix/vec4 4;
    %shiftr/s 4;
    %store/vec4 v0x55644967f840_0, 0, 32;
    %jmp T_2.11;
T_2.8 ;
    %load/vec4 v0x55644967f4b0_0;
    %load/vec4 v0x55644967f670_0;
    %cmp/s;
    %flag_mov 8, 5;
    %jmp/0 T_2.12, 8;
    %pushi/vec4 1, 0, 32;
    %jmp/1 T_2.13, 8;
T_2.12 ; End of true expr.
    %pushi/vec4 0, 0, 32;
    %jmp/0 T_2.13, 8;
 ; End of false expr.
    %blend;
T_2.13;
    %store/vec4 v0x55644967f840_0, 0, 32;
    %jmp T_2.11;
T_2.9 ;
    %load/vec4 v0x55644967f3d0_0;
    %load/vec4 v0x55644967f5b0_0;
    %cmp/u;
    %flag_mov 8, 5;
    %jmp/0 T_2.14, 8;
    %pushi/vec4 1, 0, 32;
    %jmp/1 T_2.15, 8;
T_2.14 ; End of true expr.
    %pushi/vec4 0, 0, 32;
    %jmp/0 T_2.15, 8;
 ; End of false expr.
    %blend;
T_2.15;
    %store/vec4 v0x55644967f840_0, 0, 32;
    %jmp T_2.11;
T_2.11 ;
    %pop/vec4 1;
    %jmp T_2;
    .thread T_2, $push;
    .scope S_0x55644964ee80;
T_3 ;
    %vpi_call/w 3 79 "$dumpfile", "build/wave.vcd" {0 0 0};
    %vpi_call/w 3 80 "$dumpvars", 32'sb00000000000000000000000000000000, S_0x55644964ee80 {0 0 0};
    %alloc S_0x55644967e3e0;
    %pushi/vec4 10, 0, 32;
    %store/vec4 v0x55644967e6c0_0, 0, 32;
    %pushi/vec4 3, 0, 32;
    %store/vec4 v0x55644967e7a0_0, 0, 32;
    %pushi/vec4 0, 0, 4;
    %store/vec4 v0x55644967e860_0, 0, 4;
    %fork TD_tb_alu.check_one, S_0x55644967e3e0;
    %join;
    %free S_0x55644967e3e0;
    %alloc S_0x55644967e3e0;
    %pushi/vec4 10, 0, 32;
    %store/vec4 v0x55644967e6c0_0, 0, 32;
    %pushi/vec4 3, 0, 32;
    %store/vec4 v0x55644967e7a0_0, 0, 32;
    %pushi/vec4 1, 0, 4;
    %store/vec4 v0x55644967e860_0, 0, 4;
    %fork TD_tb_alu.check_one, S_0x55644967e3e0;
    %join;
    %free S_0x55644967e3e0;
    %alloc S_0x55644967e3e0;
    %pushi/vec4 61680, 0, 32;
    %store/vec4 v0x55644967e6c0_0, 0, 32;
    %pushi/vec4 4080, 0, 32;
    %store/vec4 v0x55644967e7a0_0, 0, 32;
    %pushi/vec4 2, 0, 4;
    %store/vec4 v0x55644967e860_0, 0, 4;
    %fork TD_tb_alu.check_one, S_0x55644967e3e0;
    %join;
    %free S_0x55644967e3e0;
    %alloc S_0x55644967e3e0;
    %pushi/vec4 61680, 0, 32;
    %store/vec4 v0x55644967e6c0_0, 0, 32;
    %pushi/vec4 4080, 0, 32;
    %store/vec4 v0x55644967e7a0_0, 0, 32;
    %pushi/vec4 3, 0, 4;
    %store/vec4 v0x55644967e860_0, 0, 4;
    %fork TD_tb_alu.check_one, S_0x55644967e3e0;
    %join;
    %free S_0x55644967e3e0;
    %alloc S_0x55644967e3e0;
    %pushi/vec4 43690, 0, 32;
    %store/vec4 v0x55644967e6c0_0, 0, 32;
    %pushi/vec4 21845, 0, 32;
    %store/vec4 v0x55644967e7a0_0, 0, 32;
    %pushi/vec4 4, 0, 4;
    %store/vec4 v0x55644967e860_0, 0, 4;
    %fork TD_tb_alu.check_one, S_0x55644967e3e0;
    %join;
    %free S_0x55644967e3e0;
    %alloc S_0x55644967e3e0;
    %pushi/vec4 1, 0, 32;
    %store/vec4 v0x55644967e6c0_0, 0, 32;
    %pushi/vec4 5, 0, 32;
    %store/vec4 v0x55644967e7a0_0, 0, 32;
    %pushi/vec4 5, 0, 4;
    %store/vec4 v0x55644967e860_0, 0, 4;
    %fork TD_tb_alu.check_one, S_0x55644967e3e0;
    %join;
    %free S_0x55644967e3e0;
    %alloc S_0x55644967e3e0;
    %pushi/vec4 2147483648, 0, 32;
    %store/vec4 v0x55644967e6c0_0, 0, 32;
    %pushi/vec4 1, 0, 32;
    %store/vec4 v0x55644967e7a0_0, 0, 32;
    %pushi/vec4 6, 0, 4;
    %store/vec4 v0x55644967e860_0, 0, 4;
    %fork TD_tb_alu.check_one, S_0x55644967e3e0;
    %join;
    %free S_0x55644967e3e0;
    %alloc S_0x55644967e3e0;
    %pushi/vec4 2147483648, 0, 32;
    %store/vec4 v0x55644967e6c0_0, 0, 32;
    %pushi/vec4 1, 0, 32;
    %store/vec4 v0x55644967e7a0_0, 0, 32;
    %pushi/vec4 7, 0, 4;
    %store/vec4 v0x55644967e860_0, 0, 4;
    %fork TD_tb_alu.check_one, S_0x55644967e3e0;
    %join;
    %free S_0x55644967e3e0;
    %alloc S_0x55644967e3e0;
    %pushi/vec4 4294967295, 0, 32;
    %store/vec4 v0x55644967e6c0_0, 0, 32;
    %pushi/vec4 1, 0, 32;
    %store/vec4 v0x55644967e7a0_0, 0, 32;
    %pushi/vec4 8, 0, 4;
    %store/vec4 v0x55644967e860_0, 0, 4;
    %fork TD_tb_alu.check_one, S_0x55644967e3e0;
    %join;
    %free S_0x55644967e3e0;
    %alloc S_0x55644967e3e0;
    %pushi/vec4 4294967295, 0, 32;
    %store/vec4 v0x55644967e6c0_0, 0, 32;
    %pushi/vec4 1, 0, 32;
    %store/vec4 v0x55644967e7a0_0, 0, 32;
    %pushi/vec4 9, 0, 4;
    %store/vec4 v0x55644967e860_0, 0, 4;
    %fork TD_tb_alu.check_one, S_0x55644967e3e0;
    %join;
    %free S_0x55644967e3e0;
    %fork t_1, S_0x55644965eed0;
    %jmp t_0;
    .scope S_0x55644965eed0;
t_1 ;
    %pushi/vec4 0, 0, 32;
    %store/vec4 v0x55644964f010_0, 0, 32;
T_3.0 ;
    %load/vec4 v0x55644964f010_0;
    %cmpi/s 2000, 0, 32;
    %jmp/0xz T_3.1, 5;
    %alloc S_0x55644967e3e0;
    %vpi_func 3 96 "$urandom" 32 {0 0 0};
    %store/vec4 v0x55644967e6c0_0, 0, 32;
    %vpi_func 3 96 "$urandom" 32 {0 0 0};
    %store/vec4 v0x55644967e7a0_0, 0, 32;
    %vpi_func 3 96 "$urandom_range" 32, 32'sb00000000000000000000000000000000, 32'sb00000000000000000000000000001001 {0 0 0};
    %pad/u 4;
    %store/vec4 v0x55644967e860_0, 0, 4;
    %fork TD_tb_alu.check_one, S_0x55644967e3e0;
    %join;
    %free S_0x55644967e3e0;
    ; show_stmt_assign_vector: Get l-value for compressed += operand
    %load/vec4 v0x55644964f010_0;
    %pushi/vec4 1, 0, 32;
    %add;
    %cast2;
    %store/vec4 v0x55644964f010_0, 0, 32;
    %jmp T_3.0;
T_3.1 ;
    %end;
    .scope S_0x55644964ee80;
t_0 %join;
    %vpi_call/w 3 99 "$display", "PASS: ALU random regression ok" {0 0 0};
    %vpi_call/w 3 100 "$finish" {0 0 0};
    %end;
    .thread T_3;
# The file index is used to find the file name in the following table.
:file_names 5;
    "N/A";
    "<interactive>";
    "-";
    "tb/tb_alu.sv";
    "rtl/alu.sv";
