#! /usr/bin/vvp
:ivl_version "11.0 (stable)";
:ivl_delay_selection "TYPICAL";
:vpi_time_precision - 12;
:vpi_module "/usr/lib/x86_64-linux-gnu/ivl/system.vpi";
:vpi_module "/usr/lib/x86_64-linux-gnu/ivl/vhdl_sys.vpi";
:vpi_module "/usr/lib/x86_64-linux-gnu/ivl/vhdl_textio.vpi";
:vpi_module "/usr/lib/x86_64-linux-gnu/ivl/v2005_math.vpi";
:vpi_module "/usr/lib/x86_64-linux-gnu/ivl/va_math.vpi";
:vpi_module "/usr/lib/x86_64-linux-gnu/ivl/v2009.vpi";
S_0x55acb6cf7700 .scope package, "$unit" "$unit" 2 1;
 .timescale 0 0;
S_0x55acb6d3e640 .scope module, "tb_core_pipe5_jal" "tb_core_pipe5_jal" 3 2;
 .timescale -9 -12;
v0x55acb6d6f1f0_0 .var "clk", 0 0;
v0x55acb6d6f2b0_0 .net "illegal", 0 0, v0x55acb6d6dea0_0;  1 drivers
v0x55acb6d6f370_0 .net "pc", 31 0, v0x55acb6d6e8a0_0;  1 drivers
v0x55acb6d6f440_0 .var "rst", 0 0;
v0x55acb6d6f530_0 .net "x10", 31 0, L_0x55acb6d83300;  1 drivers
S_0x55acb6d3f190 .scope module, "dut" "core_pipe5" 3 13, 4 6 0, S_0x55acb6d3e640;
 .timescale -9 -12;
    .port_info 0 /INPUT 1 "clk";
    .port_info 1 /INPUT 1 "rst";
    .port_info 2 /OUTPUT 32 "pc";
    .port_info 3 /OUTPUT 1 "illegal_insn";
    .port_info 4 /OUTPUT 32 "dbg_x10";
P_0x55acb6cd5c70 .param/l "ALU_ADD" 1 4 87, +C4<00000000000000000000000000000000>;
P_0x55acb6cd5cb0 .param/l "ALU_SUB" 1 4 88, +C4<00000000000000000000000000000001>;
P_0x55acb6cd5cf0 .param/l "DMEM_WORDS" 0 4 10, +C4<00000000000000000000000001000000>;
P_0x55acb6cd5d30 .param/str "IMEM_HEX" 0 4 9, "build/padded.hex";
P_0x55acb6cd5d70 .param/l "IMEM_WORDS" 0 4 8, +C4<00000000000000000000000001000000>;
P_0x55acb6cd5db0 .param/l "NOP" 1 4 24, C4<00000000000000000000000000010011>;
P_0x55acb6cd5df0 .param/l "XLEN" 0 4 7, +C4<00000000000000000000000000100000>;
L_0x55acb6d36d30 .functor BUFZ 32, L_0x55acb6d6f670, C4<00000000000000000000000000000000>, C4<00000000000000000000000000000000>, C4<00000000000000000000000000000000>;
L_0x55acb6d35970 .functor BUFZ 32, L_0x55acb6d83490, C4<00000000000000000000000000000000>, C4<00000000000000000000000000000000>, C4<00000000000000000000000000000000>;
L_0x55acb6d83b40 .functor OR 1, L_0x55acb6d838d0, L_0x55acb6d835d0, C4<0>, C4<0>;
L_0x55acb6d83e30 .functor OR 1, L_0x55acb6d83b40, L_0x55acb6d83c50, C4<0>, C4<0>;
L_0x55acb6d842c0 .functor AND 1, v0x55acb6d6d560_0, L_0x55acb6d84030, C4<1>, C4<1>;
L_0x55acb6d84670 .functor AND 1, L_0x55acb6d83e30, L_0x55acb6d84470, C4<1>, C4<1>;
L_0x55acb6d847f0 .functor OR 1, L_0x55acb6d84380, L_0x55acb6d84670, C4<0>, C4<0>;
L_0x55acb6d84900 .functor AND 1, L_0x55acb6d842c0, L_0x55acb6d847f0, C4<1>, C4<1>;
L_0x55acb6d84a60 .functor BUFZ 32, v0x55acb6d6c010_0, C4<00000000000000000000000000000000>, C4<00000000000000000000000000000000>, C4<00000000000000000000000000000000>;
L_0x55acb6d85020 .functor AND 1, v0x55acb6d6d3e0_0, L_0x55acb6d84ee0, C4<1>, C4<1>;
v0x55acb6d68e40_0 .net *"_ivl_0", 31 0, L_0x55acb6d6f670;  1 drivers
v0x55acb6d68f40_0 .net *"_ivl_100", 31 0, L_0x55acb6d83f40;  1 drivers
L_0x7f818d552528 .functor BUFT 1, C4<000000000000000000000000000>, C4<0>, C4<0>, C4<0>;
v0x55acb6d69020_0 .net *"_ivl_103", 26 0, L_0x7f818d552528;  1 drivers
L_0x7f818d552570 .functor BUFT 1, C4<00000000000000000000000000000000>, C4<0>, C4<0>, C4<0>;
v0x55acb6d690e0_0 .net/2u *"_ivl_104", 31 0, L_0x7f818d552570;  1 drivers
v0x55acb6d691c0_0 .net *"_ivl_106", 0 0, L_0x55acb6d84030;  1 drivers
v0x55acb6d69280_0 .net *"_ivl_109", 0 0, L_0x55acb6d842c0;  1 drivers
v0x55acb6d69340_0 .net *"_ivl_110", 0 0, L_0x55acb6d84380;  1 drivers
v0x55acb6d69400_0 .net *"_ivl_112", 0 0, L_0x55acb6d84470;  1 drivers
v0x55acb6d694c0_0 .net *"_ivl_115", 0 0, L_0x55acb6d84670;  1 drivers
v0x55acb6d69580_0 .net *"_ivl_117", 0 0, L_0x55acb6d847f0;  1 drivers
L_0x7f818d5525b8 .functor BUFT 1, C4<00000000000000000000000000000100>, C4<0>, C4<0>, C4<0>;
v0x55acb6d69640_0 .net/2u *"_ivl_134", 31 0, L_0x7f818d5525b8;  1 drivers
v0x55acb6d69720_0 .net *"_ivl_23", 0 0, L_0x55acb6d6ff00;  1 drivers
v0x55acb6d69800_0 .net *"_ivl_24", 19 0, L_0x55acb6d70000;  1 drivers
v0x55acb6d698e0_0 .net *"_ivl_27", 11 0, L_0x55acb6d700a0;  1 drivers
v0x55acb6d699c0_0 .net *"_ivl_3", 5 0, L_0x55acb6d6f710;  1 drivers
v0x55acb6d69aa0_0 .net *"_ivl_31", 0 0, L_0x55acb6d702d0;  1 drivers
v0x55acb6d69b80_0 .net *"_ivl_32", 19 0, L_0x55acb6d703f0;  1 drivers
v0x55acb6d69c60_0 .net *"_ivl_35", 6 0, L_0x55acb6d708b0;  1 drivers
v0x55acb6d69d40_0 .net *"_ivl_37", 4 0, L_0x55acb6d709e0;  1 drivers
v0x55acb6d69e20_0 .net *"_ivl_4", 7 0, L_0x55acb6d6f800;  1 drivers
v0x55acb6d69f00_0 .net *"_ivl_41", 0 0, L_0x55acb6d70cf0;  1 drivers
v0x55acb6d69fe0_0 .net *"_ivl_42", 18 0, L_0x55acb6d70d90;  1 drivers
v0x55acb6d6a0c0_0 .net *"_ivl_45", 0 0, L_0x55acb6d70c50;  1 drivers
v0x55acb6d6a1a0_0 .net *"_ivl_47", 0 0, L_0x55acb6d711f0;  1 drivers
v0x55acb6d6a280_0 .net *"_ivl_49", 5 0, L_0x55acb6d71350;  1 drivers
v0x55acb6d6a360_0 .net *"_ivl_51", 3 0, L_0x55acb6d71420;  1 drivers
L_0x7f818d552060 .functor BUFT 1, C4<0>, C4<0>, C4<0>, C4<0>;
v0x55acb6d6a440_0 .net/2u *"_ivl_52", 0 0, L_0x7f818d552060;  1 drivers
v0x55acb6d6a520_0 .net *"_ivl_57", 0 0, L_0x55acb6d71a60;  1 drivers
v0x55acb6d6a600_0 .net *"_ivl_58", 10 0, L_0x55acb6d71be0;  1 drivers
v0x55acb6d6a6e0_0 .net *"_ivl_61", 0 0, L_0x55acb6d71cd0;  1 drivers
v0x55acb6d6a7c0_0 .net *"_ivl_63", 7 0, L_0x55acb6d71e60;  1 drivers
v0x55acb6d6a8a0_0 .net *"_ivl_65", 0 0, L_0x55acb6d71f00;  1 drivers
v0x55acb6d6a980_0 .net *"_ivl_67", 9 0, L_0x55acb6d720a0;  1 drivers
L_0x7f818d5520a8 .functor BUFT 1, C4<0>, C4<0>, C4<0>, C4<0>;
v0x55acb6d6ac70_0 .net/2u *"_ivl_68", 0 0, L_0x7f818d5520a8;  1 drivers
L_0x7f818d552018 .functor BUFT 1, C4<00>, C4<0>, C4<0>, C4<0>;
v0x55acb6d6ad50_0 .net *"_ivl_7", 1 0, L_0x7f818d552018;  1 drivers
v0x55acb6d6ae30_0 .net *"_ivl_74", 31 0, L_0x55acb6d83490;  1 drivers
v0x55acb6d6af10_0 .net *"_ivl_77", 5 0, L_0x55acb6d83530;  1 drivers
v0x55acb6d6aff0_0 .net *"_ivl_78", 7 0, L_0x55acb6d836f0;  1 drivers
L_0x7f818d552408 .functor BUFT 1, C4<00>, C4<0>, C4<0>, C4<0>;
v0x55acb6d6b0d0_0 .net *"_ivl_81", 1 0, L_0x7f818d552408;  1 drivers
L_0x7f818d552450 .functor BUFT 1, C4<0110011>, C4<0>, C4<0>, C4<0>;
v0x55acb6d6b1b0_0 .net/2u *"_ivl_84", 6 0, L_0x7f818d552450;  1 drivers
v0x55acb6d6b290_0 .net *"_ivl_86", 0 0, L_0x55acb6d838d0;  1 drivers
L_0x7f818d552498 .functor BUFT 1, C4<0100011>, C4<0>, C4<0>, C4<0>;
v0x55acb6d6b350_0 .net/2u *"_ivl_88", 6 0, L_0x7f818d552498;  1 drivers
v0x55acb6d6b430_0 .net *"_ivl_90", 0 0, L_0x55acb6d835d0;  1 drivers
v0x55acb6d6b4f0_0 .net *"_ivl_93", 0 0, L_0x55acb6d83b40;  1 drivers
L_0x7f818d5524e0 .functor BUFT 1, C4<1100011>, C4<0>, C4<0>, C4<0>;
v0x55acb6d6b5b0_0 .net/2u *"_ivl_94", 6 0, L_0x7f818d5524e0;  1 drivers
v0x55acb6d6b690_0 .net *"_ivl_96", 0 0, L_0x55acb6d83c50;  1 drivers
v0x55acb6d6b750_0 .net "clk", 0 0, v0x55acb6d6f1f0_0;  1 drivers
v0x55acb6d6b7f0_0 .net "dbg_x10", 31 0, L_0x55acb6d83300;  alias, 1 drivers
v0x55acb6d6b890 .array "dmem", 63 0, 31 0;
v0x55acb6d6b930_0 .net "dmem_rdata", 31 0, L_0x55acb6d35970;  1 drivers
v0x55acb6d6ba10_0 .net "ex_a", 31 0, L_0x55acb6d84a60;  1 drivers
v0x55acb6d6baf0_0 .net "ex_alu", 31 0, L_0x55acb6d84ba0;  1 drivers
v0x55acb6d6bbd0_0 .net "ex_b", 31 0, L_0x55acb6d84ad0;  1 drivers
v0x55acb6d6bcb0_0 .net "ex_beq", 0 0, L_0x55acb6d84ee0;  1 drivers
v0x55acb6d6bd70_0 .net "ex_branch_tgt", 31 0, L_0x55acb6d85140;  1 drivers
v0x55acb6d6be50_0 .net "ex_jal_tgt", 31 0, L_0x55acb6d853d0;  1 drivers
v0x55acb6d6bf30_0 .net "ex_pc_plus4", 31 0, L_0x55acb6d854c0;  1 drivers
v0x55acb6d6c010_0 .var "ex_rs1_fwd", 31 0;
v0x55acb6d6c0f0_0 .var "ex_rs2_fwd", 31 0;
v0x55acb6d6c1d0_0 .net "ex_take_branch", 0 0, L_0x55acb6d85020;  1 drivers
v0x55acb6d6c290_0 .var "exmem_alu", 31 0;
v0x55acb6d6c370_0 .var "exmem_is_load", 0 0;
v0x55acb6d6c430_0 .var "exmem_is_store", 0 0;
v0x55acb6d6c4f0_0 .var "exmem_rd", 4 0;
v0x55acb6d6c5d0_0 .var "exmem_regwrite", 0 0;
v0x55acb6d6caa0_0 .var "exmem_store_data", 31 0;
v0x55acb6d6cb80_0 .var "exmem_wb_data", 31 0;
v0x55acb6d6cc60_0 .net "f3_d", 2 0, L_0x55acb6d6fba0;  1 drivers
v0x55acb6d6cd40_0 .net "f7_d", 6 0, L_0x55acb6d6fe60;  1 drivers
v0x55acb6d6ce20_0 .var "flush_ifid", 0 0;
v0x55acb6d6cee0_0 .var/i "i", 31 0;
v0x55acb6d6cfc0_0 .net "id_uses_rs2", 0 0, L_0x55acb6d83e30;  1 drivers
v0x55acb6d6d080_0 .var "idex_alu_imm", 0 0;
v0x55acb6d6d140_0 .var "idex_alu_op", 3 0;
v0x55acb6d6d220_0 .var "idex_f3", 2 0;
v0x55acb6d6d300_0 .var "idex_imm", 31 0;
v0x55acb6d6d3e0_0 .var "idex_is_branch", 0 0;
v0x55acb6d6d4a0_0 .var "idex_is_jal", 0 0;
v0x55acb6d6d560_0 .var "idex_is_load", 0 0;
v0x55acb6d6d620_0 .var "idex_is_store", 0 0;
v0x55acb6d6d6e0_0 .var "idex_pc", 31 0;
v0x55acb6d6d7c0_0 .var "idex_rd", 4 0;
v0x55acb6d6d8a0_0 .var "idex_regwrite", 0 0;
v0x55acb6d6d960_0 .var "idex_rs1", 4 0;
v0x55acb6d6da40_0 .var "idex_rs1_val", 31 0;
v0x55acb6d6db20_0 .var "idex_rs2", 4 0;
v0x55acb6d6dc00_0 .var "idex_rs2_val", 31 0;
v0x55acb6d6dce0_0 .var "ifid_instr", 31 0;
v0x55acb6d6ddc0_0 .var "ifid_pc", 31 0;
v0x55acb6d6dea0_0 .var "illegal_insn", 0 0;
v0x55acb6d6df60 .array "imem", 63 0, 31 0;
v0x55acb6d6e020_0 .net "imm_b_d", 31 0, L_0x55acb6d71800;  1 drivers
v0x55acb6d6e100_0 .net "imm_i_d", 31 0, L_0x55acb6d701b0;  1 drivers
v0x55acb6d6e1e0_0 .net "imm_j_d", 31 0, L_0x55acb6d72170;  1 drivers
v0x55acb6d6e2c0_0 .net "imm_s_d", 31 0, L_0x55acb6d70ab0;  1 drivers
v0x55acb6d6e3a0_0 .net "instr_f", 31 0, L_0x55acb6d36d30;  1 drivers
v0x55acb6d6e480_0 .net "load_use_hazard", 0 0, L_0x55acb6d84900;  1 drivers
v0x55acb6d6e540_0 .var "memwb_rd", 4 0;
v0x55acb6d6e620_0 .var "memwb_wdata", 31 0;
v0x55acb6d6e700_0 .var "memwb_we", 0 0;
v0x55acb6d6e7c0_0 .net "op_d", 6 0, L_0x55acb6d6f9e0;  1 drivers
v0x55acb6d6e8a0_0 .var "pc", 31 0;
v0x55acb6d6e980_0 .var "pc_next", 31 0;
v0x55acb6d6ea60_0 .net "rd_d", 4 0, L_0x55acb6d6fab0;  1 drivers
v0x55acb6d6eb40_0 .net "rf_rd1", 31 0, L_0x55acb6d82930;  1 drivers
v0x55acb6d6ec00_0 .net "rf_rd2", 31 0, L_0x55acb6d82f10;  1 drivers
v0x55acb6d6eca0_0 .net "rs1_d", 4 0, L_0x55acb6d6fc80;  1 drivers
v0x55acb6d6ed70_0 .net "rs2_d", 4 0, L_0x55acb6d6fd70;  1 drivers
v0x55acb6d6ee40_0 .net "rst", 0 0, v0x55acb6d6f440_0;  1 drivers
v0x55acb6d6ef10_0 .var "wb_rd", 4 0;
v0x55acb6d6efe0_0 .var "wb_wd", 31 0;
v0x55acb6d6f0b0_0 .var "wb_we", 0 0;
E_0x55acb6d0df10 .event posedge, v0x55acb6d681a0_0;
E_0x55acb6d12050/0 .event edge, v0x55acb6d6e8a0_0, v0x55acb6d6c1d0_0, v0x55acb6d6bd70_0, v0x55acb6d6d4a0_0;
E_0x55acb6d12050/1 .event edge, v0x55acb6d6be50_0;
E_0x55acb6d12050 .event/or E_0x55acb6d12050/0, E_0x55acb6d12050/1;
E_0x55acb6ce8390/0 .event edge, v0x55acb6d6da40_0, v0x55acb6d6dc00_0, v0x55acb6d6c5d0_0, v0x55acb6d6c4f0_0;
E_0x55acb6ce8390/1 .event edge, v0x55acb6d6d960_0, v0x55acb6d6c290_0, v0x55acb6d6db20_0, v0x55acb6d6e700_0;
E_0x55acb6ce8390/2 .event edge, v0x55acb6d6e540_0, v0x55acb6d6e620_0;
E_0x55acb6ce8390 .event/or E_0x55acb6ce8390/0, E_0x55acb6ce8390/1, E_0x55acb6ce8390/2;
L_0x55acb6d6f670 .array/port v0x55acb6d6df60, L_0x55acb6d6f800;
L_0x55acb6d6f710 .part v0x55acb6d6e8a0_0, 2, 6;
L_0x55acb6d6f800 .concat [ 6 2 0 0], L_0x55acb6d6f710, L_0x7f818d552018;
L_0x55acb6d6f9e0 .part v0x55acb6d6dce0_0, 0, 7;
L_0x55acb6d6fab0 .part v0x55acb6d6dce0_0, 7, 5;
L_0x55acb6d6fba0 .part v0x55acb6d6dce0_0, 12, 3;
L_0x55acb6d6fc80 .part v0x55acb6d6dce0_0, 15, 5;
L_0x55acb6d6fd70 .part v0x55acb6d6dce0_0, 20, 5;
L_0x55acb6d6fe60 .part v0x55acb6d6dce0_0, 25, 7;
L_0x55acb6d6ff00 .part v0x55acb6d6dce0_0, 31, 1;
LS_0x55acb6d70000_0_0 .concat [ 1 1 1 1], L_0x55acb6d6ff00, L_0x55acb6d6ff00, L_0x55acb6d6ff00, L_0x55acb6d6ff00;
LS_0x55acb6d70000_0_4 .concat [ 1 1 1 1], L_0x55acb6d6ff00, L_0x55acb6d6ff00, L_0x55acb6d6ff00, L_0x55acb6d6ff00;
LS_0x55acb6d70000_0_8 .concat [ 1 1 1 1], L_0x55acb6d6ff00, L_0x55acb6d6ff00, L_0x55acb6d6ff00, L_0x55acb6d6ff00;
LS_0x55acb6d70000_0_12 .concat [ 1 1 1 1], L_0x55acb6d6ff00, L_0x55acb6d6ff00, L_0x55acb6d6ff00, L_0x55acb6d6ff00;
LS_0x55acb6d70000_0_16 .concat [ 1 1 1 1], L_0x55acb6d6ff00, L_0x55acb6d6ff00, L_0x55acb6d6ff00, L_0x55acb6d6ff00;
LS_0x55acb6d70000_1_0 .concat [ 4 4 4 4], LS_0x55acb6d70000_0_0, LS_0x55acb6d70000_0_4, LS_0x55acb6d70000_0_8, LS_0x55acb6d70000_0_12;
LS_0x55acb6d70000_1_4 .concat [ 4 0 0 0], LS_0x55acb6d70000_0_16;
L_0x55acb6d70000 .concat [ 16 4 0 0], LS_0x55acb6d70000_1_0, LS_0x55acb6d70000_1_4;
L_0x55acb6d700a0 .part v0x55acb6d6dce0_0, 20, 12;
L_0x55acb6d701b0 .concat [ 12 20 0 0], L_0x55acb6d700a0, L_0x55acb6d70000;
L_0x55acb6d702d0 .part v0x55acb6d6dce0_0, 31, 1;
LS_0x55acb6d703f0_0_0 .concat [ 1 1 1 1], L_0x55acb6d702d0, L_0x55acb6d702d0, L_0x55acb6d702d0, L_0x55acb6d702d0;
LS_0x55acb6d703f0_0_4 .concat [ 1 1 1 1], L_0x55acb6d702d0, L_0x55acb6d702d0, L_0x55acb6d702d0, L_0x55acb6d702d0;
LS_0x55acb6d703f0_0_8 .concat [ 1 1 1 1], L_0x55acb6d702d0, L_0x55acb6d702d0, L_0x55acb6d702d0, L_0x55acb6d702d0;
LS_0x55acb6d703f0_0_12 .concat [ 1 1 1 1], L_0x55acb6d702d0, L_0x55acb6d702d0, L_0x55acb6d702d0, L_0x55acb6d702d0;
LS_0x55acb6d703f0_0_16 .concat [ 1 1 1 1], L_0x55acb6d702d0, L_0x55acb6d702d0, L_0x55acb6d702d0, L_0x55acb6d702d0;
LS_0x55acb6d703f0_1_0 .concat [ 4 4 4 4], LS_0x55acb6d703f0_0_0, LS_0x55acb6d703f0_0_4, LS_0x55acb6d703f0_0_8, LS_0x55acb6d703f0_0_12;
LS_0x55acb6d703f0_1_4 .concat [ 4 0 0 0], LS_0x55acb6d703f0_0_16;
L_0x55acb6d703f0 .concat [ 16 4 0 0], LS_0x55acb6d703f0_1_0, LS_0x55acb6d703f0_1_4;
L_0x55acb6d708b0 .part v0x55acb6d6dce0_0, 25, 7;
L_0x55acb6d709e0 .part v0x55acb6d6dce0_0, 7, 5;
L_0x55acb6d70ab0 .concat [ 5 7 20 0], L_0x55acb6d709e0, L_0x55acb6d708b0, L_0x55acb6d703f0;
L_0x55acb6d70cf0 .part v0x55acb6d6dce0_0, 31, 1;
LS_0x55acb6d70d90_0_0 .concat [ 1 1 1 1], L_0x55acb6d70cf0, L_0x55acb6d70cf0, L_0x55acb6d70cf0, L_0x55acb6d70cf0;
LS_0x55acb6d70d90_0_4 .concat [ 1 1 1 1], L_0x55acb6d70cf0, L_0x55acb6d70cf0, L_0x55acb6d70cf0, L_0x55acb6d70cf0;
LS_0x55acb6d70d90_0_8 .concat [ 1 1 1 1], L_0x55acb6d70cf0, L_0x55acb6d70cf0, L_0x55acb6d70cf0, L_0x55acb6d70cf0;
LS_0x55acb6d70d90_0_12 .concat [ 1 1 1 1], L_0x55acb6d70cf0, L_0x55acb6d70cf0, L_0x55acb6d70cf0, L_0x55acb6d70cf0;
LS_0x55acb6d70d90_0_16 .concat [ 1 1 1 0], L_0x55acb6d70cf0, L_0x55acb6d70cf0, L_0x55acb6d70cf0;
LS_0x55acb6d70d90_1_0 .concat [ 4 4 4 4], LS_0x55acb6d70d90_0_0, LS_0x55acb6d70d90_0_4, LS_0x55acb6d70d90_0_8, LS_0x55acb6d70d90_0_12;
LS_0x55acb6d70d90_1_4 .concat [ 3 0 0 0], LS_0x55acb6d70d90_0_16;
L_0x55acb6d70d90 .concat [ 16 3 0 0], LS_0x55acb6d70d90_1_0, LS_0x55acb6d70d90_1_4;
L_0x55acb6d70c50 .part v0x55acb6d6dce0_0, 31, 1;
L_0x55acb6d711f0 .part v0x55acb6d6dce0_0, 7, 1;
L_0x55acb6d71350 .part v0x55acb6d6dce0_0, 25, 6;
L_0x55acb6d71420 .part v0x55acb6d6dce0_0, 8, 4;
LS_0x55acb6d71800_0_0 .concat [ 1 4 6 1], L_0x7f818d552060, L_0x55acb6d71420, L_0x55acb6d71350, L_0x55acb6d711f0;
LS_0x55acb6d71800_0_4 .concat [ 1 19 0 0], L_0x55acb6d70c50, L_0x55acb6d70d90;
L_0x55acb6d71800 .concat [ 12 20 0 0], LS_0x55acb6d71800_0_0, LS_0x55acb6d71800_0_4;
L_0x55acb6d71a60 .part v0x55acb6d6dce0_0, 31, 1;
LS_0x55acb6d71be0_0_0 .concat [ 1 1 1 1], L_0x55acb6d71a60, L_0x55acb6d71a60, L_0x55acb6d71a60, L_0x55acb6d71a60;
LS_0x55acb6d71be0_0_4 .concat [ 1 1 1 1], L_0x55acb6d71a60, L_0x55acb6d71a60, L_0x55acb6d71a60, L_0x55acb6d71a60;
LS_0x55acb6d71be0_0_8 .concat [ 1 1 1 0], L_0x55acb6d71a60, L_0x55acb6d71a60, L_0x55acb6d71a60;
L_0x55acb6d71be0 .concat [ 4 4 3 0], LS_0x55acb6d71be0_0_0, LS_0x55acb6d71be0_0_4, LS_0x55acb6d71be0_0_8;
L_0x55acb6d71cd0 .part v0x55acb6d6dce0_0, 31, 1;
L_0x55acb6d71e60 .part v0x55acb6d6dce0_0, 12, 8;
L_0x55acb6d71f00 .part v0x55acb6d6dce0_0, 20, 1;
L_0x55acb6d720a0 .part v0x55acb6d6dce0_0, 21, 10;
LS_0x55acb6d72170_0_0 .concat [ 1 10 1 8], L_0x7f818d5520a8, L_0x55acb6d720a0, L_0x55acb6d71f00, L_0x55acb6d71e60;
LS_0x55acb6d72170_0_4 .concat [ 1 11 0 0], L_0x55acb6d71cd0, L_0x55acb6d71be0;
L_0x55acb6d72170 .concat [ 20 12 0 0], LS_0x55acb6d72170_0_0, LS_0x55acb6d72170_0_4;
L_0x55acb6d83490 .array/port v0x55acb6d6b890, L_0x55acb6d836f0;
L_0x55acb6d83530 .part v0x55acb6d6c290_0, 2, 6;
L_0x55acb6d836f0 .concat [ 6 2 0 0], L_0x55acb6d83530, L_0x7f818d552408;
L_0x55acb6d838d0 .cmp/eq 7, L_0x55acb6d6f9e0, L_0x7f818d552450;
L_0x55acb6d835d0 .cmp/eq 7, L_0x55acb6d6f9e0, L_0x7f818d552498;
L_0x55acb6d83c50 .cmp/eq 7, L_0x55acb6d6f9e0, L_0x7f818d5524e0;
L_0x55acb6d83f40 .concat [ 5 27 0 0], v0x55acb6d6d7c0_0, L_0x7f818d552528;
L_0x55acb6d84030 .cmp/ne 32, L_0x55acb6d83f40, L_0x7f818d552570;
L_0x55acb6d84380 .cmp/eq 5, v0x55acb6d6d7c0_0, L_0x55acb6d6fc80;
L_0x55acb6d84470 .cmp/eq 5, v0x55acb6d6d7c0_0, L_0x55acb6d6fd70;
L_0x55acb6d84ad0 .functor MUXZ 32, v0x55acb6d6c0f0_0, v0x55acb6d6d300_0, v0x55acb6d6d080_0, C4<>;
L_0x55acb6d84ba0 .ufunc/vec4 TD_tb_core_pipe5_jal.dut.alu_fn, 32, v0x55acb6d6d140_0, L_0x55acb6d84a60, L_0x55acb6d84ad0 (v0x55acb6d032d0_0, v0x55acb6d02e50_0, v0x55acb6d03140_0) S_0x55acb6d39e30;
L_0x55acb6d84ee0 .cmp/eq 32, v0x55acb6d6c010_0, v0x55acb6d6c0f0_0;
L_0x55acb6d85140 .arith/sum 32, v0x55acb6d6d6e0_0, v0x55acb6d6d300_0;
L_0x55acb6d853d0 .arith/sum 32, v0x55acb6d6d6e0_0, v0x55acb6d6d300_0;
L_0x55acb6d854c0 .arith/sum 32, v0x55acb6d6d6e0_0, L_0x7f818d5525b8;
S_0x55acb6d39e30 .scope function.vec4.s32, "alu_fn" "alu_fn" 4 90, 4 90 0, S_0x55acb6d3f190;
 .timescale -9 -12;
v0x55acb6d02e50_0 .var "a", 31 0;
; Variable alu_fn is vec4 return value of scope S_0x55acb6d39e30
v0x55acb6d03140_0 .var "b", 31 0;
v0x55acb6d032d0_0 .var "op", 3 0;
TD_tb_core_pipe5_jal.dut.alu_fn ;
    %load/vec4 v0x55acb6d032d0_0;
    %dup/vec4;
    %pushi/vec4 0, 0, 4;
    %cmp/u;
    %jmp/1 T_0.0, 6;
    %dup/vec4;
    %pushi/vec4 1, 0, 4;
    %cmp/u;
    %jmp/1 T_0.1, 6;
    %pushi/vec4 0, 0, 32;
    %ret/vec4 0, 0, 32;  Assign to alu_fn (store_vec4_to_lval)
    %jmp T_0.3;
T_0.0 ;
    %load/vec4 v0x55acb6d02e50_0;
    %load/vec4 v0x55acb6d03140_0;
    %add;
    %ret/vec4 0, 0, 32;  Assign to alu_fn (store_vec4_to_lval)
    %jmp T_0.3;
T_0.1 ;
    %load/vec4 v0x55acb6d02e50_0;
    %load/vec4 v0x55acb6d03140_0;
    %sub;
    %ret/vec4 0, 0, 32;  Assign to alu_fn (store_vec4_to_lval)
    %jmp T_0.3;
T_0.3 ;
    %pop/vec4 1;
    %end;
S_0x55acb6d66d90 .scope module, "u_rf" "regfile" 4 55, 5 2 0, S_0x55acb6d3f190;
 .timescale -9 -12;
    .port_info 0 /INPUT 1 "clk";
    .port_info 1 /INPUT 1 "rst";
    .port_info 2 /INPUT 1 "we";
    .port_info 3 /INPUT 5 "rs1";
    .port_info 4 /INPUT 5 "rs2";
    .port_info 5 /INPUT 5 "rd";
    .port_info 6 /INPUT 32 "wd";
    .port_info 7 /OUTPUT 32 "rd1";
    .port_info 8 /OUTPUT 32 "rd2";
    .port_info 9 /INPUT 5 "dbg_addr";
    .port_info 10 /OUTPUT 32 "dbg_data";
P_0x55acb6d36ca0 .param/l "REG_COUNT" 0 5 4, +C4<00000000000000000000000000100000>;
P_0x55acb6d36ce0 .param/l "XLEN" 0 5 3, +C4<00000000000000000000000000100000>;
v0x55acb6cd7db0_0 .net *"_ivl_0", 31 0, L_0x55acb6d724e0;  1 drivers
v0x55acb6d36dc0_0 .net *"_ivl_10", 31 0, L_0x55acb6d82770;  1 drivers
v0x55acb6d359e0_0 .net *"_ivl_12", 6 0, L_0x55acb6d82810;  1 drivers
L_0x7f818d5521c8 .functor BUFT 1, C4<00>, C4<0>, C4<0>, C4<0>;
v0x55acb6d67110_0 .net *"_ivl_15", 1 0, L_0x7f818d5521c8;  1 drivers
v0x55acb6d671f0_0 .net *"_ivl_18", 31 0, L_0x55acb6d82b10;  1 drivers
L_0x7f818d552210 .functor BUFT 1, C4<000000000000000000000000000>, C4<0>, C4<0>, C4<0>;
v0x55acb6d67320_0 .net *"_ivl_21", 26 0, L_0x7f818d552210;  1 drivers
L_0x7f818d552258 .functor BUFT 1, C4<00000000000000000000000000000000>, C4<0>, C4<0>, C4<0>;
v0x55acb6d67400_0 .net/2u *"_ivl_22", 31 0, L_0x7f818d552258;  1 drivers
v0x55acb6d674e0_0 .net *"_ivl_24", 0 0, L_0x55acb6d82c40;  1 drivers
L_0x7f818d5522a0 .functor BUFT 1, C4<00000000000000000000000000000000>, C4<0>, C4<0>, C4<0>;
v0x55acb6d675a0_0 .net/2u *"_ivl_26", 31 0, L_0x7f818d5522a0;  1 drivers
v0x55acb6d67680_0 .net *"_ivl_28", 31 0, L_0x55acb6d82d30;  1 drivers
L_0x7f818d5520f0 .functor BUFT 1, C4<000000000000000000000000000>, C4<0>, C4<0>, C4<0>;
v0x55acb6d67760_0 .net *"_ivl_3", 26 0, L_0x7f818d5520f0;  1 drivers
v0x55acb6d67840_0 .net *"_ivl_30", 6 0, L_0x55acb6d82e20;  1 drivers
L_0x7f818d5522e8 .functor BUFT 1, C4<00>, C4<0>, C4<0>, C4<0>;
v0x55acb6d67920_0 .net *"_ivl_33", 1 0, L_0x7f818d5522e8;  1 drivers
L_0x7f818d552600 .functor BUFT 1, C4<00000000000000000000000000001010>, C4<0>, C4<0>, C4<0>;
v0x55acb6d67a00_0 .net *"_ivl_36", 31 0, L_0x7f818d552600;  1 drivers
L_0x7f818d552138 .functor BUFT 1, C4<00000000000000000000000000000000>, C4<0>, C4<0>, C4<0>;
v0x55acb6d67ae0_0 .net/2u *"_ivl_4", 31 0, L_0x7f818d552138;  1 drivers
L_0x7f818d552330 .functor BUFT 1, C4<00000000000000000000000000000000>, C4<0>, C4<0>, C4<0>;
v0x55acb6d67bc0_0 .net/2u *"_ivl_40", 31 0, L_0x7f818d552330;  1 drivers
v0x55acb6d67ca0_0 .net *"_ivl_42", 0 0, L_0x55acb6d83100;  1 drivers
L_0x7f818d552378 .functor BUFT 1, C4<00000000000000000000000000000000>, C4<0>, C4<0>, C4<0>;
v0x55acb6d67d60_0 .net/2u *"_ivl_44", 31 0, L_0x7f818d552378;  1 drivers
v0x55acb6d67e40_0 .net *"_ivl_46", 31 0, L_0x55acb6d831f0;  1 drivers
L_0x7f818d552648 .functor BUFT 1, C4<0001010>, C4<0>, C4<0>, C4<0>;
v0x55acb6d67f20_0 .net *"_ivl_48", 6 0, L_0x7f818d552648;  1 drivers
v0x55acb6d68000_0 .net *"_ivl_6", 0 0, L_0x55acb6d82630;  1 drivers
L_0x7f818d552180 .functor BUFT 1, C4<00000000000000000000000000000000>, C4<0>, C4<0>, C4<0>;
v0x55acb6d680c0_0 .net/2u *"_ivl_8", 31 0, L_0x7f818d552180;  1 drivers
v0x55acb6d681a0_0 .net "clk", 0 0, v0x55acb6d6f1f0_0;  alias, 1 drivers
L_0x7f818d5523c0 .functor BUFT 1, C4<01010>, C4<0>, C4<0>, C4<0>;
v0x55acb6d68260_0 .net "dbg_addr", 4 0, L_0x7f818d5523c0;  1 drivers
v0x55acb6d68340_0 .net "dbg_data", 31 0, L_0x55acb6d83300;  alias, 1 drivers
v0x55acb6d68420_0 .var/i "i", 31 0;
v0x55acb6d68500_0 .net "rd", 4 0, v0x55acb6d6ef10_0;  1 drivers
v0x55acb6d685e0_0 .net "rd1", 31 0, L_0x55acb6d82930;  alias, 1 drivers
v0x55acb6d686c0_0 .net "rd2", 31 0, L_0x55acb6d82f10;  alias, 1 drivers
v0x55acb6d687a0 .array "regs", 31 0, 31 0;
v0x55acb6d68860_0 .net "rs1", 4 0, L_0x55acb6d6fc80;  alias, 1 drivers
v0x55acb6d68940_0 .net "rs2", 4 0, L_0x55acb6d6fd70;  alias, 1 drivers
v0x55acb6d68a20_0 .net "rst", 0 0, v0x55acb6d6f440_0;  alias, 1 drivers
v0x55acb6d68ae0_0 .net "wd", 31 0, v0x55acb6d6efe0_0;  1 drivers
v0x55acb6d68bc0_0 .net "we", 0 0, v0x55acb6d6f0b0_0;  1 drivers
E_0x55acb6d4b4c0 .event negedge, v0x55acb6d681a0_0;
L_0x55acb6d724e0 .concat [ 5 27 0 0], L_0x55acb6d6fc80, L_0x7f818d5520f0;
L_0x55acb6d82630 .cmp/eq 32, L_0x55acb6d724e0, L_0x7f818d552138;
L_0x55acb6d82770 .array/port v0x55acb6d687a0, L_0x55acb6d82810;
L_0x55acb6d82810 .concat [ 5 2 0 0], L_0x55acb6d6fc80, L_0x7f818d5521c8;
L_0x55acb6d82930 .functor MUXZ 32, L_0x55acb6d82770, L_0x7f818d552180, L_0x55acb6d82630, C4<>;
L_0x55acb6d82b10 .concat [ 5 27 0 0], L_0x55acb6d6fd70, L_0x7f818d552210;
L_0x55acb6d82c40 .cmp/eq 32, L_0x55acb6d82b10, L_0x7f818d552258;
L_0x55acb6d82d30 .array/port v0x55acb6d687a0, L_0x55acb6d82e20;
L_0x55acb6d82e20 .concat [ 5 2 0 0], L_0x55acb6d6fd70, L_0x7f818d5522e8;
L_0x55acb6d82f10 .functor MUXZ 32, L_0x55acb6d82d30, L_0x7f818d5522a0, L_0x55acb6d82c40, C4<>;
L_0x55acb6d83100 .cmp/eq 32, L_0x7f818d552600, L_0x7f818d552330;
L_0x55acb6d831f0 .array/port v0x55acb6d687a0, L_0x7f818d552648;
L_0x55acb6d83300 .functor MUXZ 32, L_0x55acb6d831f0, L_0x7f818d552378, L_0x55acb6d83100, C4<>;
    .scope S_0x55acb6d66d90;
T_1 ;
    %wait E_0x55acb6d4b4c0;
    %load/vec4 v0x55acb6d68a20_0;
    %flag_set/vec4 8;
    %jmp/0xz  T_1.0, 8;
    %pushi/vec4 0, 0, 32;
    %store/vec4 v0x55acb6d68420_0, 0, 32;
T_1.2 ;
    %load/vec4 v0x55acb6d68420_0;
    %cmpi/s 32, 0, 32;
    %jmp/0xz T_1.3, 5;
    %pushi/vec4 0, 0, 32;
    %ix/getv/s 3, v0x55acb6d68420_0;
    %ix/load 4, 0, 0; Constant delay
    %assign/vec4/a/d v0x55acb6d687a0, 0, 4;
    %load/vec4 v0x55acb6d68420_0;
    %addi 1, 0, 32;
    %store/vec4 v0x55acb6d68420_0, 0, 32;
    %jmp T_1.2;
T_1.3 ;
    %jmp T_1.1;
T_1.0 ;
    %load/vec4 v0x55acb6d68bc0_0;
    %load/vec4 v0x55acb6d68500_0;
    %pad/u 32;
    %pushi/vec4 0, 0, 32;
    %cmp/ne;
    %flag_get/vec4 4;
    %and;
    %flag_set/vec4 8;
    %jmp/0xz  T_1.4, 8;
    %load/vec4 v0x55acb6d68ae0_0;
    %load/vec4 v0x55acb6d68500_0;
    %pad/u 7;
    %ix/vec4 3;
    %ix/load 4, 0, 0; Constant delay
    %assign/vec4/a/d v0x55acb6d687a0, 0, 4;
T_1.4 ;
T_1.1 ;
    %jmp T_1;
    .thread T_1;
    .scope S_0x55acb6d3f190;
T_2 ;
    %pushi/vec4 0, 0, 32;
    %store/vec4 v0x55acb6d6cee0_0, 0, 32;
T_2.0 ;
    %load/vec4 v0x55acb6d6cee0_0;
    %cmpi/s 64, 0, 32;
    %jmp/0xz T_2.1, 5;
    %pushi/vec4 19, 0, 32;
    %ix/getv/s 4, v0x55acb6d6cee0_0;
    %store/vec4a v0x55acb6d6df60, 4, 0;
    %load/vec4 v0x55acb6d6cee0_0;
    %addi 1, 0, 32;
    %store/vec4 v0x55acb6d6cee0_0, 0, 32;
    %jmp T_2.0;
T_2.1 ;
    %pushi/vec4 0, 0, 32;
    %store/vec4 v0x55acb6d6cee0_0, 0, 32;
T_2.2 ;
    %load/vec4 v0x55acb6d6cee0_0;
    %cmpi/s 64, 0, 32;
    %jmp/0xz T_2.3, 5;
    %pushi/vec4 0, 0, 32;
    %ix/getv/s 4, v0x55acb6d6cee0_0;
    %store/vec4a v0x55acb6d6b890, 4, 0;
    %load/vec4 v0x55acb6d6cee0_0;
    %addi 1, 0, 32;
    %store/vec4 v0x55acb6d6cee0_0, 0, 32;
    %jmp T_2.2;
T_2.3 ;
    %vpi_call/w 4 29 "$readmemh", P_0x55acb6cd5d30, v0x55acb6d6df60 {0 0 0};
    %end;
    .thread T_2;
    .scope S_0x55acb6d3f190;
T_3 ;
    %wait E_0x55acb6ce8390;
    %load/vec4 v0x55acb6d6da40_0;
    %store/vec4 v0x55acb6d6c010_0, 0, 32;
    %load/vec4 v0x55acb6d6dc00_0;
    %store/vec4 v0x55acb6d6c0f0_0, 0, 32;
    %load/vec4 v0x55acb6d6c5d0_0;
    %load/vec4 v0x55acb6d6c4f0_0;
    %pad/u 32;
    %pushi/vec4 0, 0, 32;
    %cmp/ne;
    %flag_get/vec4 4;
    %and;
    %load/vec4 v0x55acb6d6c4f0_0;
    %load/vec4 v0x55acb6d6d960_0;
    %cmp/e;
    %flag_get/vec4 4;
    %and;
    %flag_set/vec4 8;
    %jmp/0xz  T_3.0, 8;
    %load/vec4 v0x55acb6d6c290_0;
    %store/vec4 v0x55acb6d6c010_0, 0, 32;
T_3.0 ;
    %load/vec4 v0x55acb6d6c5d0_0;
    %load/vec4 v0x55acb6d6c4f0_0;
    %pad/u 32;
    %pushi/vec4 0, 0, 32;
    %cmp/ne;
    %flag_get/vec4 4;
    %and;
    %load/vec4 v0x55acb6d6c4f0_0;
    %load/vec4 v0x55acb6d6db20_0;
    %cmp/e;
    %flag_get/vec4 4;
    %and;
    %flag_set/vec4 8;
    %jmp/0xz  T_3.2, 8;
    %load/vec4 v0x55acb6d6c290_0;
    %store/vec4 v0x55acb6d6c0f0_0, 0, 32;
T_3.2 ;
    %load/vec4 v0x55acb6d6e700_0;
    %load/vec4 v0x55acb6d6e540_0;
    %pad/u 32;
    %pushi/vec4 0, 0, 32;
    %cmp/ne;
    %flag_get/vec4 4;
    %and;
    %load/vec4 v0x55acb6d6e540_0;
    %load/vec4 v0x55acb6d6d960_0;
    %cmp/e;
    %flag_get/vec4 4;
    %and;
    %flag_set/vec4 8;
    %jmp/0xz  T_3.4, 8;
    %load/vec4 v0x55acb6d6e620_0;
    %store/vec4 v0x55acb6d6c010_0, 0, 32;
T_3.4 ;
    %load/vec4 v0x55acb6d6e700_0;
    %load/vec4 v0x55acb6d6e540_0;
    %pad/u 32;
    %pushi/vec4 0, 0, 32;
    %cmp/ne;
    %flag_get/vec4 4;
    %and;
    %load/vec4 v0x55acb6d6e540_0;
    %load/vec4 v0x55acb6d6db20_0;
    %cmp/e;
    %flag_get/vec4 4;
    %and;
    %flag_set/vec4 8;
    %jmp/0xz  T_3.6, 8;
    %load/vec4 v0x55acb6d6e620_0;
    %store/vec4 v0x55acb6d6c0f0_0, 0, 32;
T_3.6 ;
    %jmp T_3;
    .thread T_3, $push;
    .scope S_0x55acb6d3f190;
T_4 ;
    %wait E_0x55acb6d12050;
    %pushi/vec4 0, 0, 1;
    %store/vec4 v0x55acb6d6ce20_0, 0, 1;
    %load/vec4 v0x55acb6d6e8a0_0;
    %addi 4, 0, 32;
    %store/vec4 v0x55acb6d6e980_0, 0, 32;
    %load/vec4 v0x55acb6d6c1d0_0;
    %flag_set/vec4 8;
    %jmp/0xz  T_4.0, 8;
    %load/vec4 v0x55acb6d6bd70_0;
    %store/vec4 v0x55acb6d6e980_0, 0, 32;
    %pushi/vec4 1, 0, 1;
    %store/vec4 v0x55acb6d6ce20_0, 0, 1;
T_4.0 ;
    %load/vec4 v0x55acb6d6d4a0_0;
    %flag_set/vec4 8;
    %jmp/0xz  T_4.2, 8;
    %load/vec4 v0x55acb6d6be50_0;
    %store/vec4 v0x55acb6d6e980_0, 0, 32;
    %pushi/vec4 1, 0, 1;
    %store/vec4 v0x55acb6d6ce20_0, 0, 1;
T_4.2 ;
    %jmp T_4;
    .thread T_4, $push;
    .scope S_0x55acb6d3f190;
T_5 ;
    %wait E_0x55acb6d0df10;
    %load/vec4 v0x55acb6d6ee40_0;
    %flag_set/vec4 8;
    %jmp/0xz  T_5.0, 8;
    %pushi/vec4 0, 0, 32;
    %assign/vec4 v0x55acb6d6e8a0_0, 0;
    %pushi/vec4 19, 0, 32;
    %assign/vec4 v0x55acb6d6dce0_0, 0;
    %pushi/vec4 0, 0, 32;
    %assign/vec4 v0x55acb6d6ddc0_0, 0;
    %jmp T_5.1;
T_5.0 ;
    %load/vec4 v0x55acb6d6e700_0;
    %assign/vec4 v0x55acb6d6f0b0_0, 0;
    %load/vec4 v0x55acb6d6e540_0;
    %assign/vec4 v0x55acb6d6ef10_0, 0;
    %load/vec4 v0x55acb6d6e620_0;
    %assign/vec4 v0x55acb6d6efe0_0, 0;
    %load/vec4 v0x55acb6d6c430_0;
    %flag_set/vec4 8;
    %jmp/0xz  T_5.2, 8;
    %load/vec4 v0x55acb6d6caa0_0;
    %load/vec4 v0x55acb6d6c290_0;
    %parti/s 6, 2, 3;
    %pad/u 8;
    %ix/vec4 3;
    %ix/load 4, 0, 0; Constant delay
    %assign/vec4/a/d v0x55acb6d6b890, 0, 4;
T_5.2 ;
    %load/vec4 v0x55acb6d6c370_0;
    %flag_set/vec4 8;
    %jmp/0 T_5.4, 8;
    %load/vec4 v0x55acb6d6b930_0;
    %jmp/1 T_5.5, 8;
T_5.4 ; End of true expr.
    %load/vec4 v0x55acb6d6cb80_0;
    %jmp/0 T_5.5, 8;
 ; End of false expr.
    %blend;
T_5.5;
    %assign/vec4 v0x55acb6d6e620_0, 0;
    %load/vec4 v0x55acb6d6c4f0_0;
    %assign/vec4 v0x55acb6d6e540_0, 0;
    %load/vec4 v0x55acb6d6c5d0_0;
    %assign/vec4 v0x55acb6d6e700_0, 0;
    %load/vec4 v0x55acb6d6baf0_0;
    %assign/vec4 v0x55acb6d6c290_0, 0;
    %load/vec4 v0x55acb6d6c0f0_0;
    %assign/vec4 v0x55acb6d6caa0_0, 0;
    %load/vec4 v0x55acb6d6d7c0_0;
    %assign/vec4 v0x55acb6d6c4f0_0, 0;
    %load/vec4 v0x55acb6d6d8a0_0;
    %assign/vec4 v0x55acb6d6c5d0_0, 0;
    %load/vec4 v0x55acb6d6d560_0;
    %assign/vec4 v0x55acb6d6c370_0, 0;
    %load/vec4 v0x55acb6d6d620_0;
    %assign/vec4 v0x55acb6d6c430_0, 0;
    %load/vec4 v0x55acb6d6d4a0_0;
    %flag_set/vec4 8;
    %jmp/0 T_5.6, 8;
    %load/vec4 v0x55acb6d6bf30_0;
    %jmp/1 T_5.7, 8;
T_5.6 ; End of true expr.
    %load/vec4 v0x55acb6d6baf0_0;
    %jmp/0 T_5.7, 8;
 ; End of false expr.
    %blend;
T_5.7;
    %assign/vec4 v0x55acb6d6cb80_0, 0;
    %load/vec4 v0x55acb6d6e480_0;
    %flag_set/vec4 8;
    %jmp/0xz  T_5.8, 8;
    %pushi/vec4 0, 0, 1;
    %assign/vec4 v0x55acb6d6d8a0_0, 0;
    %pushi/vec4 0, 0, 1;
    %assign/vec4 v0x55acb6d6d560_0, 0;
    %pushi/vec4 0, 0, 1;
    %assign/vec4 v0x55acb6d6d620_0, 0;
    %pushi/vec4 0, 0, 1;
    %assign/vec4 v0x55acb6d6d3e0_0, 0;
    %pushi/vec4 0, 0, 1;
    %assign/vec4 v0x55acb6d6d4a0_0, 0;
    %jmp T_5.9;
T_5.8 ;
    %load/vec4 v0x55acb6d6ddc0_0;
    %assign/vec4 v0x55acb6d6d6e0_0, 0;
    %load/vec4 v0x55acb6d6eb40_0;
    %assign/vec4 v0x55acb6d6da40_0, 0;
    %load/vec4 v0x55acb6d6ec00_0;
    %assign/vec4 v0x55acb6d6dc00_0, 0;
    %load/vec4 v0x55acb6d6eca0_0;
    %assign/vec4 v0x55acb6d6d960_0, 0;
    %load/vec4 v0x55acb6d6ed70_0;
    %assign/vec4 v0x55acb6d6db20_0, 0;
    %load/vec4 v0x55acb6d6ea60_0;
    %assign/vec4 v0x55acb6d6d7c0_0, 0;
    %load/vec4 v0x55acb6d6cc60_0;
    %assign/vec4 v0x55acb6d6d220_0, 0;
    %pushi/vec4 0, 0, 1;
    %assign/vec4 v0x55acb6d6d8a0_0, 0;
    %pushi/vec4 0, 0, 1;
    %assign/vec4 v0x55acb6d6d560_0, 0;
    %pushi/vec4 0, 0, 1;
    %assign/vec4 v0x55acb6d6d620_0, 0;
    %pushi/vec4 0, 0, 1;
    %assign/vec4 v0x55acb6d6d3e0_0, 0;
    %pushi/vec4 0, 0, 1;
    %assign/vec4 v0x55acb6d6d4a0_0, 0;
    %pushi/vec4 0, 0, 1;
    %assign/vec4 v0x55acb6d6d080_0, 0;
    %pushi/vec4 0, 0, 4;
    %assign/vec4 v0x55acb6d6d140_0, 0;
    %load/vec4 v0x55acb6d6e100_0;
    %assign/vec4 v0x55acb6d6d300_0, 0;
    %load/vec4 v0x55acb6d6e7c0_0;
    %dup/vec4;
    %pushi/vec4 51, 0, 7;
    %cmp/u;
    %jmp/1 T_5.10, 6;
    %dup/vec4;
    %pushi/vec4 19, 0, 7;
    %cmp/u;
    %jmp/1 T_5.11, 6;
    %dup/vec4;
    %pushi/vec4 3, 0, 7;
    %cmp/u;
    %jmp/1 T_5.12, 6;
    %dup/vec4;
    %pushi/vec4 35, 0, 7;
    %cmp/u;
    %jmp/1 T_5.13, 6;
    %dup/vec4;
    %pushi/vec4 99, 0, 7;
    %cmp/u;
    %jmp/1 T_5.14, 6;
    %dup/vec4;
    %pushi/vec4 111, 0, 7;
    %cmp/u;
    %jmp/1 T_5.15, 6;
    %pushi/vec4 1, 0, 1;
    %assign/vec4 v0x55acb6d6dea0_0, 0;
    %jmp T_5.17;
T_5.10 ;
    %pushi/vec4 1, 0, 1;
    %assign/vec4 v0x55acb6d6d8a0_0, 0;
    %jmp T_5.17;
T_5.11 ;
    %pushi/vec4 1, 0, 1;
    %assign/vec4 v0x55acb6d6d8a0_0, 0;
    %pushi/vec4 1, 0, 1;
    %assign/vec4 v0x55acb6d6d080_0, 0;
    %jmp T_5.17;
T_5.12 ;
    %pushi/vec4 1, 0, 1;
    %assign/vec4 v0x55acb6d6d8a0_0, 0;
    %pushi/vec4 1, 0, 1;
    %assign/vec4 v0x55acb6d6d560_0, 0;
    %pushi/vec4 1, 0, 1;
    %assign/vec4 v0x55acb6d6d080_0, 0;
    %jmp T_5.17;
T_5.13 ;
    %pushi/vec4 1, 0, 1;
    %assign/vec4 v0x55acb6d6d620_0, 0;
    %pushi/vec4 1, 0, 1;
    %assign/vec4 v0x55acb6d6d080_0, 0;
    %load/vec4 v0x55acb6d6e2c0_0;
    %assign/vec4 v0x55acb6d6d300_0, 0;
    %jmp T_5.17;
T_5.14 ;
    %pushi/vec4 1, 0, 1;
    %assign/vec4 v0x55acb6d6d3e0_0, 0;
    %load/vec4 v0x55acb6d6e020_0;
    %assign/vec4 v0x55acb6d6d300_0, 0;
    %jmp T_5.17;
T_5.15 ;
    %pushi/vec4 1, 0, 1;
    %assign/vec4 v0x55acb6d6d8a0_0, 0;
    %pushi/vec4 1, 0, 1;
    %assign/vec4 v0x55acb6d6d4a0_0, 0;
    %load/vec4 v0x55acb6d6e1e0_0;
    %assign/vec4 v0x55acb6d6d300_0, 0;
    %jmp T_5.17;
T_5.17 ;
    %pop/vec4 1;
T_5.9 ;
    %load/vec4 v0x55acb6d6ce20_0;
    %flag_set/vec4 8;
    %jmp/0xz  T_5.18, 8;
    %pushi/vec4 19, 0, 32;
    %assign/vec4 v0x55acb6d6dce0_0, 0;
    %load/vec4 v0x55acb6d6e980_0;
    %assign/vec4 v0x55acb6d6e8a0_0, 0;
    %jmp T_5.19;
T_5.18 ;
    %load/vec4 v0x55acb6d6e480_0;
    %flag_set/vec4 8;
    %jmp/0xz  T_5.20, 8;
    %load/vec4 v0x55acb6d6e8a0_0;
    %assign/vec4 v0x55acb6d6e8a0_0, 0;
    %load/vec4 v0x55acb6d6dce0_0;
    %assign/vec4 v0x55acb6d6dce0_0, 0;
    %jmp T_5.21;
T_5.20 ;
    %load/vec4 v0x55acb6d6e8a0_0;
    %assign/vec4 v0x55acb6d6ddc0_0, 0;
    %load/vec4 v0x55acb6d6e3a0_0;
    %assign/vec4 v0x55acb6d6dce0_0, 0;
    %load/vec4 v0x55acb6d6e980_0;
    %assign/vec4 v0x55acb6d6e8a0_0, 0;
T_5.21 ;
T_5.19 ;
T_5.1 ;
    %jmp T_5;
    .thread T_5;
    .scope S_0x55acb6d3e640;
T_6 ;
    %pushi/vec4 0, 0, 1;
    %store/vec4 v0x55acb6d6f1f0_0, 0, 1;
    %end;
    .thread T_6;
    .scope S_0x55acb6d3e640;
T_7 ;
    %delay 5000, 0;
    %load/vec4 v0x55acb6d6f1f0_0;
    %inv;
    %store/vec4 v0x55acb6d6f1f0_0, 0, 1;
    %jmp T_7;
    .thread T_7;
    .scope S_0x55acb6d3e640;
T_8 ;
    %vpi_call/w 3 25 "$display", "SIM START (PIPE JAL)" {0 0 0};
    %pushi/vec4 1, 0, 1;
    %store/vec4 v0x55acb6d6f440_0, 0, 1;
    %delay 20000, 0;
    %pushi/vec4 0, 0, 1;
    %store/vec4 v0x55acb6d6f440_0, 0, 1;
    %delay 600000, 0;
    %load/vec4 v0x55acb6d6f2b0_0;
    %flag_set/vec4 8;
    %jmp/0xz  T_8.0, 8;
    %vpi_call/w 3 30 "$display", "FAIL: illegal_insn=1" {0 0 0};
    %jmp T_8.1;
T_8.0 ;
    %load/vec4 v0x55acb6d6f530_0;
    %cmpi/e 12, 0, 32;
    %jmp/0xz  T_8.2, 4;
    %vpi_call/w 3 31 "$display", "PASS: x10=%0d", v0x55acb6d6f530_0 {0 0 0};
    %jmp T_8.3;
T_8.2 ;
    %vpi_call/w 3 32 "$display", "FAIL: x10=%0d expected 12", v0x55acb6d6f530_0 {0 0 0};
T_8.3 ;
T_8.1 ;
    %vpi_call/w 3 34 "$finish" {0 0 0};
    %end;
    .thread T_8;
# The file index is used to find the file name in the following table.
:file_names 6;
    "N/A";
    "<interactive>";
    "-";
    "tb/tb_core_pipe5_jal.sv";
    "rtl/core_pipe5.sv";
    "rtl/regfile.sv";
