#! /usr/bin/vvp
:ivl_version "11.0 (stable)";
:ivl_delay_selection "TYPICAL";
:vpi_time_precision - 12;
:vpi_module "/usr/lib/x86_64-linux-gnu/ivl/system.vpi";
:vpi_module "/usr/lib/x86_64-linux-gnu/ivl/vhdl_sys.vpi";
:vpi_module "/usr/lib/x86_64-linux-gnu/ivl/vhdl_textio.vpi";
:vpi_module "/usr/lib/x86_64-linux-gnu/ivl/v2005_math.vpi";
:vpi_module "/usr/lib/x86_64-linux-gnu/ivl/va_math.vpi";
:vpi_module "/usr/lib/x86_64-linux-gnu/ivl/v2009.vpi";
S_0x55e48f6098c0 .scope package, "$unit" "$unit" 2 1;
 .timescale 0 0;
S_0x55e48f652520 .scope module, "tb_core_pipe5_lw_sw" "tb_core_pipe5_lw_sw" 3 2;
 .timescale -9 -12;
v0x55e48f683ef0_0 .var "clk", 0 0;
v0x55e48f683fb0_0 .var/i "cyc", 31 0;
v0x55e48f684090_0 .net "illegal", 0 0, v0x55e48f682ba0_0;  1 drivers
v0x55e48f684130_0 .net "pc", 31 0, v0x55e48f6835a0_0;  1 drivers
v0x55e48f684200_0 .var "rst", 0 0;
v0x55e48f684340_0 .net "x10", 31 0, L_0x55e48f6980c0;  1 drivers
S_0x55e48f653070 .scope module, "dut" "core_pipe5" 3 14, 4 6 0, S_0x55e48f652520;
 .timescale -9 -12;
    .port_info 0 /INPUT 1 "clk";
    .port_info 1 /INPUT 1 "rst";
    .port_info 2 /OUTPUT 32 "pc";
    .port_info 3 /OUTPUT 1 "illegal_insn";
    .port_info 4 /OUTPUT 32 "dbg_x10";
P_0x55e48f5e7c70 .param/l "ALU_ADD" 1 4 87, +C4<00000000000000000000000000000000>;
P_0x55e48f5e7cb0 .param/l "ALU_SUB" 1 4 88, +C4<00000000000000000000000000000001>;
P_0x55e48f5e7cf0 .param/l "DMEM_WORDS" 0 4 10, +C4<00000000000000000000000001000000>;
P_0x55e48f5e7d30 .param/str "IMEM_HEX" 0 4 9, "build/padded.hex";
P_0x55e48f5e7d70 .param/l "IMEM_WORDS" 0 4 8, +C4<00000000000000000000000001000000>;
P_0x55e48f5e7db0 .param/l "NOP" 1 4 24, C4<00000000000000000000000000010011>;
P_0x55e48f5e7df0 .param/l "XLEN" 0 4 7, +C4<00000000000000000000000000100000>;
L_0x55e48f65ece0 .functor BUFZ 32, L_0x55e48f684430, C4<00000000000000000000000000000000>, C4<00000000000000000000000000000000>, C4<00000000000000000000000000000000>;
L_0x55e48f64ac10 .functor BUFZ 32, L_0x55e48f698250, C4<00000000000000000000000000000000>, C4<00000000000000000000000000000000>, C4<00000000000000000000000000000000>;
L_0x55e48f649850 .functor OR 1, L_0x55e48f698690, L_0x55e48f698390, C4<0>, C4<0>;
L_0x55e48f698b80 .functor OR 1, L_0x55e48f649850, L_0x55e48f6989a0, C4<0>, C4<0>;
L_0x55e48f699010 .functor AND 1, v0x55e48f682260_0, L_0x55e48f698d80, C4<1>, C4<1>;
L_0x55e48f6993c0 .functor AND 1, L_0x55e48f698b80, L_0x55e48f6991c0, C4<1>, C4<1>;
L_0x55e48f699540 .functor OR 1, L_0x55e48f6990d0, L_0x55e48f6993c0, C4<0>, C4<0>;
L_0x55e48f699650 .functor AND 1, L_0x55e48f699010, L_0x55e48f699540, C4<1>, C4<1>;
L_0x55e48f6997b0 .functor BUFZ 32, v0x55e48f680d10_0, C4<00000000000000000000000000000000>, C4<00000000000000000000000000000000>, C4<00000000000000000000000000000000>;
L_0x55e48f699d70 .functor AND 1, v0x55e48f6820e0_0, L_0x55e48f699c30, C4<1>, C4<1>;
v0x55e48f67db40_0 .net *"_ivl_0", 31 0, L_0x55e48f684430;  1 drivers
v0x55e48f67dc40_0 .net *"_ivl_100", 31 0, L_0x55e48f698c90;  1 drivers
L_0x7f4992b04528 .functor BUFT 1, C4<000000000000000000000000000>, C4<0>, C4<0>, C4<0>;
v0x55e48f67dd20_0 .net *"_ivl_103", 26 0, L_0x7f4992b04528;  1 drivers
L_0x7f4992b04570 .functor BUFT 1, C4<00000000000000000000000000000000>, C4<0>, C4<0>, C4<0>;
v0x55e48f67dde0_0 .net/2u *"_ivl_104", 31 0, L_0x7f4992b04570;  1 drivers
v0x55e48f67dec0_0 .net *"_ivl_106", 0 0, L_0x55e48f698d80;  1 drivers
v0x55e48f67df80_0 .net *"_ivl_109", 0 0, L_0x55e48f699010;  1 drivers
v0x55e48f67e040_0 .net *"_ivl_110", 0 0, L_0x55e48f6990d0;  1 drivers
v0x55e48f67e100_0 .net *"_ivl_112", 0 0, L_0x55e48f6991c0;  1 drivers
v0x55e48f67e1c0_0 .net *"_ivl_115", 0 0, L_0x55e48f6993c0;  1 drivers
v0x55e48f67e280_0 .net *"_ivl_117", 0 0, L_0x55e48f699540;  1 drivers
L_0x7f4992b045b8 .functor BUFT 1, C4<00000000000000000000000000000100>, C4<0>, C4<0>, C4<0>;
v0x55e48f67e340_0 .net/2u *"_ivl_134", 31 0, L_0x7f4992b045b8;  1 drivers
v0x55e48f67e420_0 .net *"_ivl_23", 0 0, L_0x55e48f684cc0;  1 drivers
v0x55e48f67e500_0 .net *"_ivl_24", 19 0, L_0x55e48f684dc0;  1 drivers
v0x55e48f67e5e0_0 .net *"_ivl_27", 11 0, L_0x55e48f684e60;  1 drivers
v0x55e48f67e6c0_0 .net *"_ivl_3", 5 0, L_0x55e48f6844d0;  1 drivers
v0x55e48f67e7a0_0 .net *"_ivl_31", 0 0, L_0x55e48f685090;  1 drivers
v0x55e48f67e880_0 .net *"_ivl_32", 19 0, L_0x55e48f6851b0;  1 drivers
v0x55e48f67e960_0 .net *"_ivl_35", 6 0, L_0x55e48f685670;  1 drivers
v0x55e48f67ea40_0 .net *"_ivl_37", 4 0, L_0x55e48f6857a0;  1 drivers
v0x55e48f67eb20_0 .net *"_ivl_4", 7 0, L_0x55e48f6845c0;  1 drivers
v0x55e48f67ec00_0 .net *"_ivl_41", 0 0, L_0x55e48f685ab0;  1 drivers
v0x55e48f67ece0_0 .net *"_ivl_42", 18 0, L_0x55e48f685b50;  1 drivers
v0x55e48f67edc0_0 .net *"_ivl_45", 0 0, L_0x55e48f685a10;  1 drivers
v0x55e48f67eea0_0 .net *"_ivl_47", 0 0, L_0x55e48f685fb0;  1 drivers
v0x55e48f67ef80_0 .net *"_ivl_49", 5 0, L_0x55e48f686110;  1 drivers
v0x55e48f67f060_0 .net *"_ivl_51", 3 0, L_0x55e48f6861e0;  1 drivers
L_0x7f4992b04060 .functor BUFT 1, C4<0>, C4<0>, C4<0>, C4<0>;
v0x55e48f67f140_0 .net/2u *"_ivl_52", 0 0, L_0x7f4992b04060;  1 drivers
v0x55e48f67f220_0 .net *"_ivl_57", 0 0, L_0x55e48f686820;  1 drivers
v0x55e48f67f300_0 .net *"_ivl_58", 10 0, L_0x55e48f6869a0;  1 drivers
v0x55e48f67f3e0_0 .net *"_ivl_61", 0 0, L_0x55e48f686a90;  1 drivers
v0x55e48f67f4c0_0 .net *"_ivl_63", 7 0, L_0x55e48f686c20;  1 drivers
v0x55e48f67f5a0_0 .net *"_ivl_65", 0 0, L_0x55e48f686cc0;  1 drivers
v0x55e48f67f680_0 .net *"_ivl_67", 9 0, L_0x55e48f686e60;  1 drivers
L_0x7f4992b040a8 .functor BUFT 1, C4<0>, C4<0>, C4<0>, C4<0>;
v0x55e48f67f970_0 .net/2u *"_ivl_68", 0 0, L_0x7f4992b040a8;  1 drivers
L_0x7f4992b04018 .functor BUFT 1, C4<00>, C4<0>, C4<0>, C4<0>;
v0x55e48f67fa50_0 .net *"_ivl_7", 1 0, L_0x7f4992b04018;  1 drivers
v0x55e48f67fb30_0 .net *"_ivl_74", 31 0, L_0x55e48f698250;  1 drivers
v0x55e48f67fc10_0 .net *"_ivl_77", 5 0, L_0x55e48f6982f0;  1 drivers
v0x55e48f67fcf0_0 .net *"_ivl_78", 7 0, L_0x55e48f6984b0;  1 drivers
L_0x7f4992b04408 .functor BUFT 1, C4<00>, C4<0>, C4<0>, C4<0>;
v0x55e48f67fdd0_0 .net *"_ivl_81", 1 0, L_0x7f4992b04408;  1 drivers
L_0x7f4992b04450 .functor BUFT 1, C4<0110011>, C4<0>, C4<0>, C4<0>;
v0x55e48f67feb0_0 .net/2u *"_ivl_84", 6 0, L_0x7f4992b04450;  1 drivers
v0x55e48f67ff90_0 .net *"_ivl_86", 0 0, L_0x55e48f698690;  1 drivers
L_0x7f4992b04498 .functor BUFT 1, C4<0100011>, C4<0>, C4<0>, C4<0>;
v0x55e48f680050_0 .net/2u *"_ivl_88", 6 0, L_0x7f4992b04498;  1 drivers
v0x55e48f680130_0 .net *"_ivl_90", 0 0, L_0x55e48f698390;  1 drivers
v0x55e48f6801f0_0 .net *"_ivl_93", 0 0, L_0x55e48f649850;  1 drivers
L_0x7f4992b044e0 .functor BUFT 1, C4<1100011>, C4<0>, C4<0>, C4<0>;
v0x55e48f6802b0_0 .net/2u *"_ivl_94", 6 0, L_0x7f4992b044e0;  1 drivers
v0x55e48f680390_0 .net *"_ivl_96", 0 0, L_0x55e48f6989a0;  1 drivers
v0x55e48f680450_0 .net "clk", 0 0, v0x55e48f683ef0_0;  1 drivers
v0x55e48f6804f0_0 .net "dbg_x10", 31 0, L_0x55e48f6980c0;  alias, 1 drivers
v0x55e48f680590 .array "dmem", 63 0, 31 0;
v0x55e48f680630_0 .net "dmem_rdata", 31 0, L_0x55e48f64ac10;  1 drivers
v0x55e48f680710_0 .net "ex_a", 31 0, L_0x55e48f6997b0;  1 drivers
v0x55e48f6807f0_0 .net "ex_alu", 31 0, L_0x55e48f6998f0;  1 drivers
v0x55e48f6808d0_0 .net "ex_b", 31 0, L_0x55e48f699820;  1 drivers
v0x55e48f6809b0_0 .net "ex_beq", 0 0, L_0x55e48f699c30;  1 drivers
v0x55e48f680a70_0 .net "ex_branch_tgt", 31 0, L_0x55e48f699e90;  1 drivers
v0x55e48f680b50_0 .net "ex_jal_tgt", 31 0, L_0x55e48f69a120;  1 drivers
v0x55e48f680c30_0 .net "ex_pc_plus4", 31 0, L_0x55e48f69a210;  1 drivers
v0x55e48f680d10_0 .var "ex_rs1_fwd", 31 0;
v0x55e48f680df0_0 .var "ex_rs2_fwd", 31 0;
v0x55e48f680ed0_0 .net "ex_take_branch", 0 0, L_0x55e48f699d70;  1 drivers
v0x55e48f680f90_0 .var "exmem_alu", 31 0;
v0x55e48f681070_0 .var "exmem_is_load", 0 0;
v0x55e48f681130_0 .var "exmem_is_store", 0 0;
v0x55e48f6811f0_0 .var "exmem_rd", 4 0;
v0x55e48f6812d0_0 .var "exmem_regwrite", 0 0;
v0x55e48f6817a0_0 .var "exmem_store_data", 31 0;
v0x55e48f681880_0 .var "exmem_wb_data", 31 0;
v0x55e48f681960_0 .net "f3_d", 2 0, L_0x55e48f684960;  1 drivers
v0x55e48f681a40_0 .net "f7_d", 6 0, L_0x55e48f684c20;  1 drivers
v0x55e48f681b20_0 .var "flush_ifid", 0 0;
v0x55e48f681be0_0 .var/i "i", 31 0;
v0x55e48f681cc0_0 .net "id_uses_rs2", 0 0, L_0x55e48f698b80;  1 drivers
v0x55e48f681d80_0 .var "idex_alu_imm", 0 0;
v0x55e48f681e40_0 .var "idex_alu_op", 3 0;
v0x55e48f681f20_0 .var "idex_f3", 2 0;
v0x55e48f682000_0 .var "idex_imm", 31 0;
v0x55e48f6820e0_0 .var "idex_is_branch", 0 0;
v0x55e48f6821a0_0 .var "idex_is_jal", 0 0;
v0x55e48f682260_0 .var "idex_is_load", 0 0;
v0x55e48f682320_0 .var "idex_is_store", 0 0;
v0x55e48f6823e0_0 .var "idex_pc", 31 0;
v0x55e48f6824c0_0 .var "idex_rd", 4 0;
v0x55e48f6825a0_0 .var "idex_regwrite", 0 0;
v0x55e48f682660_0 .var "idex_rs1", 4 0;
v0x55e48f682740_0 .var "idex_rs1_val", 31 0;
v0x55e48f682820_0 .var "idex_rs2", 4 0;
v0x55e48f682900_0 .var "idex_rs2_val", 31 0;
v0x55e48f6829e0_0 .var "ifid_instr", 31 0;
v0x55e48f682ac0_0 .var "ifid_pc", 31 0;
v0x55e48f682ba0_0 .var "illegal_insn", 0 0;
v0x55e48f682c60 .array "imem", 63 0, 31 0;
v0x55e48f682d20_0 .net "imm_b_d", 31 0, L_0x55e48f6865c0;  1 drivers
v0x55e48f682e00_0 .net "imm_i_d", 31 0, L_0x55e48f684f70;  1 drivers
v0x55e48f682ee0_0 .net "imm_j_d", 31 0, L_0x55e48f686f30;  1 drivers
v0x55e48f682fc0_0 .net "imm_s_d", 31 0, L_0x55e48f685870;  1 drivers
v0x55e48f6830a0_0 .net "instr_f", 31 0, L_0x55e48f65ece0;  1 drivers
v0x55e48f683180_0 .net "load_use_hazard", 0 0, L_0x55e48f699650;  1 drivers
v0x55e48f683240_0 .var "memwb_rd", 4 0;
v0x55e48f683320_0 .var "memwb_wdata", 31 0;
v0x55e48f683400_0 .var "memwb_we", 0 0;
v0x55e48f6834c0_0 .net "op_d", 6 0, L_0x55e48f6847a0;  1 drivers
v0x55e48f6835a0_0 .var "pc", 31 0;
v0x55e48f683680_0 .var "pc_next", 31 0;
v0x55e48f683760_0 .net "rd_d", 4 0, L_0x55e48f684870;  1 drivers
v0x55e48f683840_0 .net "rf_rd1", 31 0, L_0x55e48f6976f0;  1 drivers
v0x55e48f683900_0 .net "rf_rd2", 31 0, L_0x55e48f697cd0;  1 drivers
v0x55e48f6839a0_0 .net "rs1_d", 4 0, L_0x55e48f684a40;  1 drivers
v0x55e48f683a70_0 .net "rs2_d", 4 0, L_0x55e48f684b30;  1 drivers
v0x55e48f683b40_0 .net "rst", 0 0, v0x55e48f684200_0;  1 drivers
v0x55e48f683c10_0 .var "wb_rd", 4 0;
v0x55e48f683ce0_0 .var "wb_wd", 31 0;
v0x55e48f683db0_0 .var "wb_we", 0 0;
E_0x55e48f624050 .event posedge, v0x55e48f67cea0_0;
E_0x55e48f5fa390/0 .event edge, v0x55e48f6835a0_0, v0x55e48f680ed0_0, v0x55e48f680a70_0, v0x55e48f6821a0_0;
E_0x55e48f5fa390/1 .event edge, v0x55e48f680b50_0;
E_0x55e48f5fa390 .event/or E_0x55e48f5fa390/0, E_0x55e48f5fa390/1;
E_0x55e48f660450/0 .event edge, v0x55e48f682740_0, v0x55e48f682900_0, v0x55e48f6812d0_0, v0x55e48f6811f0_0;
E_0x55e48f660450/1 .event edge, v0x55e48f682660_0, v0x55e48f680f90_0, v0x55e48f682820_0, v0x55e48f683400_0;
E_0x55e48f660450/2 .event edge, v0x55e48f683240_0, v0x55e48f683320_0;
E_0x55e48f660450 .event/or E_0x55e48f660450/0, E_0x55e48f660450/1, E_0x55e48f660450/2;
L_0x55e48f684430 .array/port v0x55e48f682c60, L_0x55e48f6845c0;
L_0x55e48f6844d0 .part v0x55e48f6835a0_0, 2, 6;
L_0x55e48f6845c0 .concat [ 6 2 0 0], L_0x55e48f6844d0, L_0x7f4992b04018;
L_0x55e48f6847a0 .part v0x55e48f6829e0_0, 0, 7;
L_0x55e48f684870 .part v0x55e48f6829e0_0, 7, 5;
L_0x55e48f684960 .part v0x55e48f6829e0_0, 12, 3;
L_0x55e48f684a40 .part v0x55e48f6829e0_0, 15, 5;
L_0x55e48f684b30 .part v0x55e48f6829e0_0, 20, 5;
L_0x55e48f684c20 .part v0x55e48f6829e0_0, 25, 7;
L_0x55e48f684cc0 .part v0x55e48f6829e0_0, 31, 1;
LS_0x55e48f684dc0_0_0 .concat [ 1 1 1 1], L_0x55e48f684cc0, L_0x55e48f684cc0, L_0x55e48f684cc0, L_0x55e48f684cc0;
LS_0x55e48f684dc0_0_4 .concat [ 1 1 1 1], L_0x55e48f684cc0, L_0x55e48f684cc0, L_0x55e48f684cc0, L_0x55e48f684cc0;
LS_0x55e48f684dc0_0_8 .concat [ 1 1 1 1], L_0x55e48f684cc0, L_0x55e48f684cc0, L_0x55e48f684cc0, L_0x55e48f684cc0;
LS_0x55e48f684dc0_0_12 .concat [ 1 1 1 1], L_0x55e48f684cc0, L_0x55e48f684cc0, L_0x55e48f684cc0, L_0x55e48f684cc0;
LS_0x55e48f684dc0_0_16 .concat [ 1 1 1 1], L_0x55e48f684cc0, L_0x55e48f684cc0, L_0x55e48f684cc0, L_0x55e48f684cc0;
LS_0x55e48f684dc0_1_0 .concat [ 4 4 4 4], LS_0x55e48f684dc0_0_0, LS_0x55e48f684dc0_0_4, LS_0x55e48f684dc0_0_8, LS_0x55e48f684dc0_0_12;
LS_0x55e48f684dc0_1_4 .concat [ 4 0 0 0], LS_0x55e48f684dc0_0_16;
L_0x55e48f684dc0 .concat [ 16 4 0 0], LS_0x55e48f684dc0_1_0, LS_0x55e48f684dc0_1_4;
L_0x55e48f684e60 .part v0x55e48f6829e0_0, 20, 12;
L_0x55e48f684f70 .concat [ 12 20 0 0], L_0x55e48f684e60, L_0x55e48f684dc0;
L_0x55e48f685090 .part v0x55e48f6829e0_0, 31, 1;
LS_0x55e48f6851b0_0_0 .concat [ 1 1 1 1], L_0x55e48f685090, L_0x55e48f685090, L_0x55e48f685090, L_0x55e48f685090;
LS_0x55e48f6851b0_0_4 .concat [ 1 1 1 1], L_0x55e48f685090, L_0x55e48f685090, L_0x55e48f685090, L_0x55e48f685090;
LS_0x55e48f6851b0_0_8 .concat [ 1 1 1 1], L_0x55e48f685090, L_0x55e48f685090, L_0x55e48f685090, L_0x55e48f685090;
LS_0x55e48f6851b0_0_12 .concat [ 1 1 1 1], L_0x55e48f685090, L_0x55e48f685090, L_0x55e48f685090, L_0x55e48f685090;
LS_0x55e48f6851b0_0_16 .concat [ 1 1 1 1], L_0x55e48f685090, L_0x55e48f685090, L_0x55e48f685090, L_0x55e48f685090;
LS_0x55e48f6851b0_1_0 .concat [ 4 4 4 4], LS_0x55e48f6851b0_0_0, LS_0x55e48f6851b0_0_4, LS_0x55e48f6851b0_0_8, LS_0x55e48f6851b0_0_12;
LS_0x55e48f6851b0_1_4 .concat [ 4 0 0 0], LS_0x55e48f6851b0_0_16;
L_0x55e48f6851b0 .concat [ 16 4 0 0], LS_0x55e48f6851b0_1_0, LS_0x55e48f6851b0_1_4;
L_0x55e48f685670 .part v0x55e48f6829e0_0, 25, 7;
L_0x55e48f6857a0 .part v0x55e48f6829e0_0, 7, 5;
L_0x55e48f685870 .concat [ 5 7 20 0], L_0x55e48f6857a0, L_0x55e48f685670, L_0x55e48f6851b0;
L_0x55e48f685ab0 .part v0x55e48f6829e0_0, 31, 1;
LS_0x55e48f685b50_0_0 .concat [ 1 1 1 1], L_0x55e48f685ab0, L_0x55e48f685ab0, L_0x55e48f685ab0, L_0x55e48f685ab0;
LS_0x55e48f685b50_0_4 .concat [ 1 1 1 1], L_0x55e48f685ab0, L_0x55e48f685ab0, L_0x55e48f685ab0, L_0x55e48f685ab0;
LS_0x55e48f685b50_0_8 .concat [ 1 1 1 1], L_0x55e48f685ab0, L_0x55e48f685ab0, L_0x55e48f685ab0, L_0x55e48f685ab0;
LS_0x55e48f685b50_0_12 .concat [ 1 1 1 1], L_0x55e48f685ab0, L_0x55e48f685ab0, L_0x55e48f685ab0, L_0x55e48f685ab0;
LS_0x55e48f685b50_0_16 .concat [ 1 1 1 0], L_0x55e48f685ab0, L_0x55e48f685ab0, L_0x55e48f685ab0;
LS_0x55e48f685b50_1_0 .concat [ 4 4 4 4], LS_0x55e48f685b50_0_0, LS_0x55e48f685b50_0_4, LS_0x55e48f685b50_0_8, LS_0x55e48f685b50_0_12;
LS_0x55e48f685b50_1_4 .concat [ 3 0 0 0], LS_0x55e48f685b50_0_16;
L_0x55e48f685b50 .concat [ 16 3 0 0], LS_0x55e48f685b50_1_0, LS_0x55e48f685b50_1_4;
L_0x55e48f685a10 .part v0x55e48f6829e0_0, 31, 1;
L_0x55e48f685fb0 .part v0x55e48f6829e0_0, 7, 1;
L_0x55e48f686110 .part v0x55e48f6829e0_0, 25, 6;
L_0x55e48f6861e0 .part v0x55e48f6829e0_0, 8, 4;
LS_0x55e48f6865c0_0_0 .concat [ 1 4 6 1], L_0x7f4992b04060, L_0x55e48f6861e0, L_0x55e48f686110, L_0x55e48f685fb0;
LS_0x55e48f6865c0_0_4 .concat [ 1 19 0 0], L_0x55e48f685a10, L_0x55e48f685b50;
L_0x55e48f6865c0 .concat [ 12 20 0 0], LS_0x55e48f6865c0_0_0, LS_0x55e48f6865c0_0_4;
L_0x55e48f686820 .part v0x55e48f6829e0_0, 31, 1;
LS_0x55e48f6869a0_0_0 .concat [ 1 1 1 1], L_0x55e48f686820, L_0x55e48f686820, L_0x55e48f686820, L_0x55e48f686820;
LS_0x55e48f6869a0_0_4 .concat [ 1 1 1 1], L_0x55e48f686820, L_0x55e48f686820, L_0x55e48f686820, L_0x55e48f686820;
LS_0x55e48f6869a0_0_8 .concat [ 1 1 1 0], L_0x55e48f686820, L_0x55e48f686820, L_0x55e48f686820;
L_0x55e48f6869a0 .concat [ 4 4 3 0], LS_0x55e48f6869a0_0_0, LS_0x55e48f6869a0_0_4, LS_0x55e48f6869a0_0_8;
L_0x55e48f686a90 .part v0x55e48f6829e0_0, 31, 1;
L_0x55e48f686c20 .part v0x55e48f6829e0_0, 12, 8;
L_0x55e48f686cc0 .part v0x55e48f6829e0_0, 20, 1;
L_0x55e48f686e60 .part v0x55e48f6829e0_0, 21, 10;
LS_0x55e48f686f30_0_0 .concat [ 1 10 1 8], L_0x7f4992b040a8, L_0x55e48f686e60, L_0x55e48f686cc0, L_0x55e48f686c20;
LS_0x55e48f686f30_0_4 .concat [ 1 11 0 0], L_0x55e48f686a90, L_0x55e48f6869a0;
L_0x55e48f686f30 .concat [ 20 12 0 0], LS_0x55e48f686f30_0_0, LS_0x55e48f686f30_0_4;
L_0x55e48f698250 .array/port v0x55e48f680590, L_0x55e48f6984b0;
L_0x55e48f6982f0 .part v0x55e48f680f90_0, 2, 6;
L_0x55e48f6984b0 .concat [ 6 2 0 0], L_0x55e48f6982f0, L_0x7f4992b04408;
L_0x55e48f698690 .cmp/eq 7, L_0x55e48f6847a0, L_0x7f4992b04450;
L_0x55e48f698390 .cmp/eq 7, L_0x55e48f6847a0, L_0x7f4992b04498;
L_0x55e48f6989a0 .cmp/eq 7, L_0x55e48f6847a0, L_0x7f4992b044e0;
L_0x55e48f698c90 .concat [ 5 27 0 0], v0x55e48f6824c0_0, L_0x7f4992b04528;
L_0x55e48f698d80 .cmp/ne 32, L_0x55e48f698c90, L_0x7f4992b04570;
L_0x55e48f6990d0 .cmp/eq 5, v0x55e48f6824c0_0, L_0x55e48f684a40;
L_0x55e48f6991c0 .cmp/eq 5, v0x55e48f6824c0_0, L_0x55e48f684b30;
L_0x55e48f699820 .functor MUXZ 32, v0x55e48f680df0_0, v0x55e48f682000_0, v0x55e48f681d80_0, C4<>;
L_0x55e48f6998f0 .ufunc/vec4 TD_tb_core_pipe5_lw_sw.dut.alu_fn, 32, v0x55e48f681e40_0, L_0x55e48f6997b0, L_0x55e48f699820 (v0x55e48f5e9db0_0, v0x55e48f614fe0_0, v0x55e48f6152d0_0) S_0x55e48f64dd10;
L_0x55e48f699c30 .cmp/eq 32, v0x55e48f680d10_0, v0x55e48f680df0_0;
L_0x55e48f699e90 .arith/sum 32, v0x55e48f6823e0_0, v0x55e48f682000_0;
L_0x55e48f69a120 .arith/sum 32, v0x55e48f6823e0_0, v0x55e48f682000_0;
L_0x55e48f69a210 .arith/sum 32, v0x55e48f6823e0_0, L_0x7f4992b045b8;
S_0x55e48f64dd10 .scope function.vec4.s32, "alu_fn" "alu_fn" 4 90, 4 90 0, S_0x55e48f653070;
 .timescale -9 -12;
v0x55e48f614fe0_0 .var "a", 31 0;
; Variable alu_fn is vec4 return value of scope S_0x55e48f64dd10
v0x55e48f6152d0_0 .var "b", 31 0;
v0x55e48f5e9db0_0 .var "op", 3 0;
TD_tb_core_pipe5_lw_sw.dut.alu_fn ;
    %load/vec4 v0x55e48f5e9db0_0;
    %dup/vec4;
    %pushi/vec4 0, 0, 4;
    %cmp/u;
    %jmp/1 T_0.0, 6;
    %dup/vec4;
    %pushi/vec4 1, 0, 4;
    %cmp/u;
    %jmp/1 T_0.1, 6;
    %pushi/vec4 0, 0, 32;
    %ret/vec4 0, 0, 32;  Assign to alu_fn (store_vec4_to_lval)
    %jmp T_0.3;
T_0.0 ;
    %load/vec4 v0x55e48f614fe0_0;
    %load/vec4 v0x55e48f6152d0_0;
    %add;
    %ret/vec4 0, 0, 32;  Assign to alu_fn (store_vec4_to_lval)
    %jmp T_0.3;
T_0.1 ;
    %load/vec4 v0x55e48f614fe0_0;
    %load/vec4 v0x55e48f6152d0_0;
    %sub;
    %ret/vec4 0, 0, 32;  Assign to alu_fn (store_vec4_to_lval)
    %jmp T_0.3;
T_0.3 ;
    %pop/vec4 1;
    %end;
S_0x55e48f67ba90 .scope module, "u_rf" "regfile" 4 55, 5 2 0, S_0x55e48f653070;
 .timescale -9 -12;
    .port_info 0 /INPUT 1 "clk";
    .port_info 1 /INPUT 1 "rst";
    .port_info 2 /INPUT 1 "we";
    .port_info 3 /INPUT 5 "rs1";
    .port_info 4 /INPUT 5 "rs2";
    .port_info 5 /INPUT 5 "rd";
    .port_info 6 /INPUT 32 "wd";
    .port_info 7 /OUTPUT 32 "rd1";
    .port_info 8 /OUTPUT 32 "rd2";
    .port_info 9 /INPUT 5 "dbg_addr";
    .port_info 10 /OUTPUT 32 "dbg_data";
P_0x55e48f64ab80 .param/l "REG_COUNT" 0 5 4, +C4<00000000000000000000000000100000>;
P_0x55e48f64abc0 .param/l "XLEN" 0 5 3, +C4<00000000000000000000000000100000>;
v0x55e48f65ee40_0 .net *"_ivl_0", 31 0, L_0x55e48f6872a0;  1 drivers
v0x55e48f64aca0_0 .net *"_ivl_10", 31 0, L_0x55e48f697530;  1 drivers
v0x55e48f6498c0_0 .net *"_ivl_12", 6 0, L_0x55e48f6975d0;  1 drivers
L_0x7f4992b041c8 .functor BUFT 1, C4<00>, C4<0>, C4<0>, C4<0>;
v0x55e48f67be10_0 .net *"_ivl_15", 1 0, L_0x7f4992b041c8;  1 drivers
v0x55e48f67bef0_0 .net *"_ivl_18", 31 0, L_0x55e48f6978d0;  1 drivers
L_0x7f4992b04210 .functor BUFT 1, C4<000000000000000000000000000>, C4<0>, C4<0>, C4<0>;
v0x55e48f67c020_0 .net *"_ivl_21", 26 0, L_0x7f4992b04210;  1 drivers
L_0x7f4992b04258 .functor BUFT 1, C4<00000000000000000000000000000000>, C4<0>, C4<0>, C4<0>;
v0x55e48f67c100_0 .net/2u *"_ivl_22", 31 0, L_0x7f4992b04258;  1 drivers
v0x55e48f67c1e0_0 .net *"_ivl_24", 0 0, L_0x55e48f697a00;  1 drivers
L_0x7f4992b042a0 .functor BUFT 1, C4<00000000000000000000000000000000>, C4<0>, C4<0>, C4<0>;
v0x55e48f67c2a0_0 .net/2u *"_ivl_26", 31 0, L_0x7f4992b042a0;  1 drivers
v0x55e48f67c380_0 .net *"_ivl_28", 31 0, L_0x55e48f697af0;  1 drivers
L_0x7f4992b040f0 .functor BUFT 1, C4<000000000000000000000000000>, C4<0>, C4<0>, C4<0>;
v0x55e48f67c460_0 .net *"_ivl_3", 26 0, L_0x7f4992b040f0;  1 drivers
v0x55e48f67c540_0 .net *"_ivl_30", 6 0, L_0x55e48f697be0;  1 drivers
L_0x7f4992b042e8 .functor BUFT 1, C4<00>, C4<0>, C4<0>, C4<0>;
v0x55e48f67c620_0 .net *"_ivl_33", 1 0, L_0x7f4992b042e8;  1 drivers
L_0x7f4992b04600 .functor BUFT 1, C4<00000000000000000000000000001010>, C4<0>, C4<0>, C4<0>;
v0x55e48f67c700_0 .net *"_ivl_36", 31 0, L_0x7f4992b04600;  1 drivers
L_0x7f4992b04138 .functor BUFT 1, C4<00000000000000000000000000000000>, C4<0>, C4<0>, C4<0>;
v0x55e48f67c7e0_0 .net/2u *"_ivl_4", 31 0, L_0x7f4992b04138;  1 drivers
L_0x7f4992b04330 .functor BUFT 1, C4<00000000000000000000000000000000>, C4<0>, C4<0>, C4<0>;
v0x55e48f67c8c0_0 .net/2u *"_ivl_40", 31 0, L_0x7f4992b04330;  1 drivers
v0x55e48f67c9a0_0 .net *"_ivl_42", 0 0, L_0x55e48f697ec0;  1 drivers
L_0x7f4992b04378 .functor BUFT 1, C4<00000000000000000000000000000000>, C4<0>, C4<0>, C4<0>;
v0x55e48f67ca60_0 .net/2u *"_ivl_44", 31 0, L_0x7f4992b04378;  1 drivers
v0x55e48f67cb40_0 .net *"_ivl_46", 31 0, L_0x55e48f697fb0;  1 drivers
L_0x7f4992b04648 .functor BUFT 1, C4<0001010>, C4<0>, C4<0>, C4<0>;
v0x55e48f67cc20_0 .net *"_ivl_48", 6 0, L_0x7f4992b04648;  1 drivers
v0x55e48f67cd00_0 .net *"_ivl_6", 0 0, L_0x55e48f6973f0;  1 drivers
L_0x7f4992b04180 .functor BUFT 1, C4<00000000000000000000000000000000>, C4<0>, C4<0>, C4<0>;
v0x55e48f67cdc0_0 .net/2u *"_ivl_8", 31 0, L_0x7f4992b04180;  1 drivers
v0x55e48f67cea0_0 .net "clk", 0 0, v0x55e48f683ef0_0;  alias, 1 drivers
L_0x7f4992b043c0 .functor BUFT 1, C4<01010>, C4<0>, C4<0>, C4<0>;
v0x55e48f67cf60_0 .net "dbg_addr", 4 0, L_0x7f4992b043c0;  1 drivers
v0x55e48f67d040_0 .net "dbg_data", 31 0, L_0x55e48f6980c0;  alias, 1 drivers
v0x55e48f67d120_0 .var/i "i", 31 0;
v0x55e48f67d200_0 .net "rd", 4 0, v0x55e48f683c10_0;  1 drivers
v0x55e48f67d2e0_0 .net "rd1", 31 0, L_0x55e48f6976f0;  alias, 1 drivers
v0x55e48f67d3c0_0 .net "rd2", 31 0, L_0x55e48f697cd0;  alias, 1 drivers
v0x55e48f67d4a0 .array "regs", 31 0, 31 0;
v0x55e48f67d560_0 .net "rs1", 4 0, L_0x55e48f684a40;  alias, 1 drivers
v0x55e48f67d640_0 .net "rs2", 4 0, L_0x55e48f684b30;  alias, 1 drivers
v0x55e48f67d720_0 .net "rst", 0 0, v0x55e48f684200_0;  alias, 1 drivers
v0x55e48f67d7e0_0 .net "wd", 31 0, v0x55e48f683ce0_0;  1 drivers
v0x55e48f67d8c0_0 .net "we", 0 0, v0x55e48f683db0_0;  1 drivers
E_0x55e48f6605f0 .event negedge, v0x55e48f67cea0_0;
L_0x55e48f6872a0 .concat [ 5 27 0 0], L_0x55e48f684a40, L_0x7f4992b040f0;
L_0x55e48f6973f0 .cmp/eq 32, L_0x55e48f6872a0, L_0x7f4992b04138;
L_0x55e48f697530 .array/port v0x55e48f67d4a0, L_0x55e48f6975d0;
L_0x55e48f6975d0 .concat [ 5 2 0 0], L_0x55e48f684a40, L_0x7f4992b041c8;
L_0x55e48f6976f0 .functor MUXZ 32, L_0x55e48f697530, L_0x7f4992b04180, L_0x55e48f6973f0, C4<>;
L_0x55e48f6978d0 .concat [ 5 27 0 0], L_0x55e48f684b30, L_0x7f4992b04210;
L_0x55e48f697a00 .cmp/eq 32, L_0x55e48f6978d0, L_0x7f4992b04258;
L_0x55e48f697af0 .array/port v0x55e48f67d4a0, L_0x55e48f697be0;
L_0x55e48f697be0 .concat [ 5 2 0 0], L_0x55e48f684b30, L_0x7f4992b042e8;
L_0x55e48f697cd0 .functor MUXZ 32, L_0x55e48f697af0, L_0x7f4992b042a0, L_0x55e48f697a00, C4<>;
L_0x55e48f697ec0 .cmp/eq 32, L_0x7f4992b04600, L_0x7f4992b04330;
L_0x55e48f697fb0 .array/port v0x55e48f67d4a0, L_0x7f4992b04648;
L_0x55e48f6980c0 .functor MUXZ 32, L_0x55e48f697fb0, L_0x7f4992b04378, L_0x55e48f697ec0, C4<>;
    .scope S_0x55e48f67ba90;
T_1 ;
    %wait E_0x55e48f6605f0;
    %load/vec4 v0x55e48f67d720_0;
    %flag_set/vec4 8;
    %jmp/0xz  T_1.0, 8;
    %pushi/vec4 0, 0, 32;
    %store/vec4 v0x55e48f67d120_0, 0, 32;
T_1.2 ;
    %load/vec4 v0x55e48f67d120_0;
    %cmpi/s 32, 0, 32;
    %jmp/0xz T_1.3, 5;
    %pushi/vec4 0, 0, 32;
    %ix/getv/s 3, v0x55e48f67d120_0;
    %ix/load 4, 0, 0; Constant delay
    %assign/vec4/a/d v0x55e48f67d4a0, 0, 4;
    %load/vec4 v0x55e48f67d120_0;
    %addi 1, 0, 32;
    %store/vec4 v0x55e48f67d120_0, 0, 32;
    %jmp T_1.2;
T_1.3 ;
    %jmp T_1.1;
T_1.0 ;
    %load/vec4 v0x55e48f67d8c0_0;
    %load/vec4 v0x55e48f67d200_0;
    %pad/u 32;
    %pushi/vec4 0, 0, 32;
    %cmp/ne;
    %flag_get/vec4 4;
    %and;
    %flag_set/vec4 8;
    %jmp/0xz  T_1.4, 8;
    %load/vec4 v0x55e48f67d7e0_0;
    %load/vec4 v0x55e48f67d200_0;
    %pad/u 7;
    %ix/vec4 3;
    %ix/load 4, 0, 0; Constant delay
    %assign/vec4/a/d v0x55e48f67d4a0, 0, 4;
T_1.4 ;
T_1.1 ;
    %jmp T_1;
    .thread T_1;
    .scope S_0x55e48f653070;
T_2 ;
    %pushi/vec4 0, 0, 32;
    %store/vec4 v0x55e48f681be0_0, 0, 32;
T_2.0 ;
    %load/vec4 v0x55e48f681be0_0;
    %cmpi/s 64, 0, 32;
    %jmp/0xz T_2.1, 5;
    %pushi/vec4 19, 0, 32;
    %ix/getv/s 4, v0x55e48f681be0_0;
    %store/vec4a v0x55e48f682c60, 4, 0;
    %load/vec4 v0x55e48f681be0_0;
    %addi 1, 0, 32;
    %store/vec4 v0x55e48f681be0_0, 0, 32;
    %jmp T_2.0;
T_2.1 ;
    %pushi/vec4 0, 0, 32;
    %store/vec4 v0x55e48f681be0_0, 0, 32;
T_2.2 ;
    %load/vec4 v0x55e48f681be0_0;
    %cmpi/s 64, 0, 32;
    %jmp/0xz T_2.3, 5;
    %pushi/vec4 0, 0, 32;
    %ix/getv/s 4, v0x55e48f681be0_0;
    %store/vec4a v0x55e48f680590, 4, 0;
    %load/vec4 v0x55e48f681be0_0;
    %addi 1, 0, 32;
    %store/vec4 v0x55e48f681be0_0, 0, 32;
    %jmp T_2.2;
T_2.3 ;
    %vpi_call/w 4 29 "$readmemh", P_0x55e48f5e7d30, v0x55e48f682c60 {0 0 0};
    %end;
    .thread T_2;
    .scope S_0x55e48f653070;
T_3 ;
    %wait E_0x55e48f660450;
    %load/vec4 v0x55e48f682740_0;
    %store/vec4 v0x55e48f680d10_0, 0, 32;
    %load/vec4 v0x55e48f682900_0;
    %store/vec4 v0x55e48f680df0_0, 0, 32;
    %load/vec4 v0x55e48f6812d0_0;
    %load/vec4 v0x55e48f6811f0_0;
    %pad/u 32;
    %pushi/vec4 0, 0, 32;
    %cmp/ne;
    %flag_get/vec4 4;
    %and;
    %load/vec4 v0x55e48f6811f0_0;
    %load/vec4 v0x55e48f682660_0;
    %cmp/e;
    %flag_get/vec4 4;
    %and;
    %flag_set/vec4 8;
    %jmp/0xz  T_3.0, 8;
    %load/vec4 v0x55e48f680f90_0;
    %store/vec4 v0x55e48f680d10_0, 0, 32;
T_3.0 ;
    %load/vec4 v0x55e48f6812d0_0;
    %load/vec4 v0x55e48f6811f0_0;
    %pad/u 32;
    %pushi/vec4 0, 0, 32;
    %cmp/ne;
    %flag_get/vec4 4;
    %and;
    %load/vec4 v0x55e48f6811f0_0;
    %load/vec4 v0x55e48f682820_0;
    %cmp/e;
    %flag_get/vec4 4;
    %and;
    %flag_set/vec4 8;
    %jmp/0xz  T_3.2, 8;
    %load/vec4 v0x55e48f680f90_0;
    %store/vec4 v0x55e48f680df0_0, 0, 32;
T_3.2 ;
    %load/vec4 v0x55e48f683400_0;
    %load/vec4 v0x55e48f683240_0;
    %pad/u 32;
    %pushi/vec4 0, 0, 32;
    %cmp/ne;
    %flag_get/vec4 4;
    %and;
    %load/vec4 v0x55e48f683240_0;
    %load/vec4 v0x55e48f682660_0;
    %cmp/e;
    %flag_get/vec4 4;
    %and;
    %flag_set/vec4 8;
    %jmp/0xz  T_3.4, 8;
    %load/vec4 v0x55e48f683320_0;
    %store/vec4 v0x55e48f680d10_0, 0, 32;
T_3.4 ;
    %load/vec4 v0x55e48f683400_0;
    %load/vec4 v0x55e48f683240_0;
    %pad/u 32;
    %pushi/vec4 0, 0, 32;
    %cmp/ne;
    %flag_get/vec4 4;
    %and;
    %load/vec4 v0x55e48f683240_0;
    %load/vec4 v0x55e48f682820_0;
    %cmp/e;
    %flag_get/vec4 4;
    %and;
    %flag_set/vec4 8;
    %jmp/0xz  T_3.6, 8;
    %load/vec4 v0x55e48f683320_0;
    %store/vec4 v0x55e48f680df0_0, 0, 32;
T_3.6 ;
    %jmp T_3;
    .thread T_3, $push;
    .scope S_0x55e48f653070;
T_4 ;
    %wait E_0x55e48f5fa390;
    %pushi/vec4 0, 0, 1;
    %store/vec4 v0x55e48f681b20_0, 0, 1;
    %load/vec4 v0x55e48f6835a0_0;
    %addi 4, 0, 32;
    %store/vec4 v0x55e48f683680_0, 0, 32;
    %load/vec4 v0x55e48f680ed0_0;
    %flag_set/vec4 8;
    %jmp/0xz  T_4.0, 8;
    %load/vec4 v0x55e48f680a70_0;
    %store/vec4 v0x55e48f683680_0, 0, 32;
    %pushi/vec4 1, 0, 1;
    %store/vec4 v0x55e48f681b20_0, 0, 1;
T_4.0 ;
    %load/vec4 v0x55e48f6821a0_0;
    %flag_set/vec4 8;
    %jmp/0xz  T_4.2, 8;
    %load/vec4 v0x55e48f680b50_0;
    %store/vec4 v0x55e48f683680_0, 0, 32;
    %pushi/vec4 1, 0, 1;
    %store/vec4 v0x55e48f681b20_0, 0, 1;
T_4.2 ;
    %jmp T_4;
    .thread T_4, $push;
    .scope S_0x55e48f653070;
T_5 ;
    %wait E_0x55e48f624050;
    %load/vec4 v0x55e48f683b40_0;
    %flag_set/vec4 8;
    %jmp/0xz  T_5.0, 8;
    %pushi/vec4 0, 0, 32;
    %assign/vec4 v0x55e48f6835a0_0, 0;
    %pushi/vec4 19, 0, 32;
    %assign/vec4 v0x55e48f6829e0_0, 0;
    %pushi/vec4 0, 0, 32;
    %assign/vec4 v0x55e48f682ac0_0, 0;
    %jmp T_5.1;
T_5.0 ;
    %load/vec4 v0x55e48f683400_0;
    %assign/vec4 v0x55e48f683db0_0, 0;
    %load/vec4 v0x55e48f683240_0;
    %assign/vec4 v0x55e48f683c10_0, 0;
    %load/vec4 v0x55e48f683320_0;
    %assign/vec4 v0x55e48f683ce0_0, 0;
    %load/vec4 v0x55e48f681130_0;
    %flag_set/vec4 8;
    %jmp/0xz  T_5.2, 8;
    %load/vec4 v0x55e48f6817a0_0;
    %load/vec4 v0x55e48f680f90_0;
    %parti/s 6, 2, 3;
    %pad/u 8;
    %ix/vec4 3;
    %ix/load 4, 0, 0; Constant delay
    %assign/vec4/a/d v0x55e48f680590, 0, 4;
T_5.2 ;
    %load/vec4 v0x55e48f681070_0;
    %flag_set/vec4 8;
    %jmp/0 T_5.4, 8;
    %load/vec4 v0x55e48f680630_0;
    %jmp/1 T_5.5, 8;
T_5.4 ; End of true expr.
    %load/vec4 v0x55e48f681880_0;
    %jmp/0 T_5.5, 8;
 ; End of false expr.
    %blend;
T_5.5;
    %assign/vec4 v0x55e48f683320_0, 0;
    %load/vec4 v0x55e48f6811f0_0;
    %assign/vec4 v0x55e48f683240_0, 0;
    %load/vec4 v0x55e48f6812d0_0;
    %assign/vec4 v0x55e48f683400_0, 0;
    %load/vec4 v0x55e48f6807f0_0;
    %assign/vec4 v0x55e48f680f90_0, 0;
    %load/vec4 v0x55e48f680df0_0;
    %assign/vec4 v0x55e48f6817a0_0, 0;
    %load/vec4 v0x55e48f6824c0_0;
    %assign/vec4 v0x55e48f6811f0_0, 0;
    %load/vec4 v0x55e48f6825a0_0;
    %assign/vec4 v0x55e48f6812d0_0, 0;
    %load/vec4 v0x55e48f682260_0;
    %assign/vec4 v0x55e48f681070_0, 0;
    %load/vec4 v0x55e48f682320_0;
    %assign/vec4 v0x55e48f681130_0, 0;
    %load/vec4 v0x55e48f6821a0_0;
    %flag_set/vec4 8;
    %jmp/0 T_5.6, 8;
    %load/vec4 v0x55e48f680c30_0;
    %jmp/1 T_5.7, 8;
T_5.6 ; End of true expr.
    %load/vec4 v0x55e48f6807f0_0;
    %jmp/0 T_5.7, 8;
 ; End of false expr.
    %blend;
T_5.7;
    %assign/vec4 v0x55e48f681880_0, 0;
    %load/vec4 v0x55e48f683180_0;
    %flag_set/vec4 8;
    %jmp/0xz  T_5.8, 8;
    %pushi/vec4 0, 0, 1;
    %assign/vec4 v0x55e48f6825a0_0, 0;
    %pushi/vec4 0, 0, 1;
    %assign/vec4 v0x55e48f682260_0, 0;
    %pushi/vec4 0, 0, 1;
    %assign/vec4 v0x55e48f682320_0, 0;
    %pushi/vec4 0, 0, 1;
    %assign/vec4 v0x55e48f6820e0_0, 0;
    %pushi/vec4 0, 0, 1;
    %assign/vec4 v0x55e48f6821a0_0, 0;
    %jmp T_5.9;
T_5.8 ;
    %load/vec4 v0x55e48f682ac0_0;
    %assign/vec4 v0x55e48f6823e0_0, 0;
    %load/vec4 v0x55e48f683840_0;
    %assign/vec4 v0x55e48f682740_0, 0;
    %load/vec4 v0x55e48f683900_0;
    %assign/vec4 v0x55e48f682900_0, 0;
    %load/vec4 v0x55e48f6839a0_0;
    %assign/vec4 v0x55e48f682660_0, 0;
    %load/vec4 v0x55e48f683a70_0;
    %assign/vec4 v0x55e48f682820_0, 0;
    %load/vec4 v0x55e48f683760_0;
    %assign/vec4 v0x55e48f6824c0_0, 0;
    %load/vec4 v0x55e48f681960_0;
    %assign/vec4 v0x55e48f681f20_0, 0;
    %pushi/vec4 0, 0, 1;
    %assign/vec4 v0x55e48f6825a0_0, 0;
    %pushi/vec4 0, 0, 1;
    %assign/vec4 v0x55e48f682260_0, 0;
    %pushi/vec4 0, 0, 1;
    %assign/vec4 v0x55e48f682320_0, 0;
    %pushi/vec4 0, 0, 1;
    %assign/vec4 v0x55e48f6820e0_0, 0;
    %pushi/vec4 0, 0, 1;
    %assign/vec4 v0x55e48f6821a0_0, 0;
    %pushi/vec4 0, 0, 1;
    %assign/vec4 v0x55e48f681d80_0, 0;
    %pushi/vec4 0, 0, 4;
    %assign/vec4 v0x55e48f681e40_0, 0;
    %load/vec4 v0x55e48f682e00_0;
    %assign/vec4 v0x55e48f682000_0, 0;
    %load/vec4 v0x55e48f6834c0_0;
    %dup/vec4;
    %pushi/vec4 51, 0, 7;
    %cmp/u;
    %jmp/1 T_5.10, 6;
    %dup/vec4;
    %pushi/vec4 19, 0, 7;
    %cmp/u;
    %jmp/1 T_5.11, 6;
    %dup/vec4;
    %pushi/vec4 3, 0, 7;
    %cmp/u;
    %jmp/1 T_5.12, 6;
    %dup/vec4;
    %pushi/vec4 35, 0, 7;
    %cmp/u;
    %jmp/1 T_5.13, 6;
    %dup/vec4;
    %pushi/vec4 99, 0, 7;
    %cmp/u;
    %jmp/1 T_5.14, 6;
    %dup/vec4;
    %pushi/vec4 111, 0, 7;
    %cmp/u;
    %jmp/1 T_5.15, 6;
    %pushi/vec4 1, 0, 1;
    %assign/vec4 v0x55e48f682ba0_0, 0;
    %jmp T_5.17;
T_5.10 ;
    %pushi/vec4 1, 0, 1;
    %assign/vec4 v0x55e48f6825a0_0, 0;
    %jmp T_5.17;
T_5.11 ;
    %pushi/vec4 1, 0, 1;
    %assign/vec4 v0x55e48f6825a0_0, 0;
    %pushi/vec4 1, 0, 1;
    %assign/vec4 v0x55e48f681d80_0, 0;
    %jmp T_5.17;
T_5.12 ;
    %pushi/vec4 1, 0, 1;
    %assign/vec4 v0x55e48f6825a0_0, 0;
    %pushi/vec4 1, 0, 1;
    %assign/vec4 v0x55e48f682260_0, 0;
    %pushi/vec4 1, 0, 1;
    %assign/vec4 v0x55e48f681d80_0, 0;
    %jmp T_5.17;
T_5.13 ;
    %pushi/vec4 1, 0, 1;
    %assign/vec4 v0x55e48f682320_0, 0;
    %pushi/vec4 1, 0, 1;
    %assign/vec4 v0x55e48f681d80_0, 0;
    %load/vec4 v0x55e48f682fc0_0;
    %assign/vec4 v0x55e48f682000_0, 0;
    %jmp T_5.17;
T_5.14 ;
    %pushi/vec4 1, 0, 1;
    %assign/vec4 v0x55e48f6820e0_0, 0;
    %load/vec4 v0x55e48f682d20_0;
    %assign/vec4 v0x55e48f682000_0, 0;
    %jmp T_5.17;
T_5.15 ;
    %pushi/vec4 1, 0, 1;
    %assign/vec4 v0x55e48f6825a0_0, 0;
    %pushi/vec4 1, 0, 1;
    %assign/vec4 v0x55e48f6821a0_0, 0;
    %load/vec4 v0x55e48f682ee0_0;
    %assign/vec4 v0x55e48f682000_0, 0;
    %jmp T_5.17;
T_5.17 ;
    %pop/vec4 1;
T_5.9 ;
    %load/vec4 v0x55e48f681b20_0;
    %flag_set/vec4 8;
    %jmp/0xz  T_5.18, 8;
    %pushi/vec4 19, 0, 32;
    %assign/vec4 v0x55e48f6829e0_0, 0;
    %load/vec4 v0x55e48f683680_0;
    %assign/vec4 v0x55e48f6835a0_0, 0;
    %jmp T_5.19;
T_5.18 ;
    %load/vec4 v0x55e48f683180_0;
    %flag_set/vec4 8;
    %jmp/0xz  T_5.20, 8;
    %load/vec4 v0x55e48f6835a0_0;
    %assign/vec4 v0x55e48f6835a0_0, 0;
    %load/vec4 v0x55e48f6829e0_0;
    %assign/vec4 v0x55e48f6829e0_0, 0;
    %jmp T_5.21;
T_5.20 ;
    %load/vec4 v0x55e48f6835a0_0;
    %assign/vec4 v0x55e48f682ac0_0, 0;
    %load/vec4 v0x55e48f6830a0_0;
    %assign/vec4 v0x55e48f6829e0_0, 0;
    %load/vec4 v0x55e48f683680_0;
    %assign/vec4 v0x55e48f6835a0_0, 0;
T_5.21 ;
T_5.19 ;
T_5.1 ;
    %jmp T_5;
    .thread T_5;
    .scope S_0x55e48f652520;
T_6 ;
    %pushi/vec4 0, 0, 1;
    %store/vec4 v0x55e48f683ef0_0, 0, 1;
    %end;
    .thread T_6;
    .scope S_0x55e48f652520;
T_7 ;
    %delay 5000, 0;
    %load/vec4 v0x55e48f683ef0_0;
    %inv;
    %store/vec4 v0x55e48f683ef0_0, 0, 1;
    %jmp T_7;
    .thread T_7;
    .scope S_0x55e48f652520;
T_8 ;
    %vpi_call/w 3 28 "$display", "SIM START (PIPE LW/SW)" {0 0 0};
    %pushi/vec4 1, 0, 1;
    %store/vec4 v0x55e48f684200_0, 0, 1;
    %delay 20000, 0;
    %pushi/vec4 0, 0, 1;
    %store/vec4 v0x55e48f684200_0, 0, 1;
    %pushi/vec4 0, 0, 32;
    %store/vec4 v0x55e48f683fb0_0, 0, 32;
T_8.0 ;
    %load/vec4 v0x55e48f683fb0_0;
    %cmpi/s 120, 0, 32;
    %jmp/0xz T_8.1, 5;
    %wait E_0x55e48f624050;
    %load/vec4 v0x55e48f684090_0;
    %flag_set/vec4 8;
    %jmp/0xz  T_8.2, 8;
    %vpi_call/w 3 37 "$display", "FAIL: illegal_insn=1 at cyc=%0d pc=%h", v0x55e48f683fb0_0, v0x55e48f684130_0 {0 0 0};
    %vpi_call/w 3 38 "$fatal" {0 0 0};
T_8.2 ;
    %load/vec4 v0x55e48f684340_0;
    %cmpi/e 12, 0, 32;
    %jmp/0xz  T_8.4, 4;
    %vpi_call/w 3 43 "$display", "PASS: x10=%0d at cyc=%0d pc=%h dmem0=%0d", v0x55e48f684340_0, v0x55e48f683fb0_0, v0x55e48f684130_0, &A<v0x55e48f680590, 0> {0 0 0};
    %vpi_call/w 3 44 "$finish" {0 0 0};
T_8.4 ;
    %load/vec4 v0x55e48f683fb0_0;
    %addi 1, 0, 32;
    %store/vec4 v0x55e48f683fb0_0, 0, 32;
    %jmp T_8.0;
T_8.1 ;
    %vpi_call/w 3 48 "$display", "FAIL: timeout. x10=%0d dmem0=%0d pc=%h", v0x55e48f684340_0, &A<v0x55e48f680590, 0>, v0x55e48f684130_0 {0 0 0};
    %vpi_call/w 3 49 "$fatal" {0 0 0};
    %end;
    .thread T_8;
# The file index is used to find the file name in the following table.
:file_names 6;
    "N/A";
    "<interactive>";
    "-";
    "tb/tb_core_pipe5_lw_sw.sv";
    "rtl/core_pipe5.sv";
    "rtl/regfile.sv";
