#! /usr/bin/vvp
:ivl_version "11.0 (stable)";
:ivl_delay_selection "TYPICAL";
:vpi_time_precision - 12;
:vpi_module "/usr/lib/x86_64-linux-gnu/ivl/system.vpi";
:vpi_module "/usr/lib/x86_64-linux-gnu/ivl/vhdl_sys.vpi";
:vpi_module "/usr/lib/x86_64-linux-gnu/ivl/vhdl_textio.vpi";
:vpi_module "/usr/lib/x86_64-linux-gnu/ivl/v2005_math.vpi";
:vpi_module "/usr/lib/x86_64-linux-gnu/ivl/va_math.vpi";
:vpi_module "/usr/lib/x86_64-linux-gnu/ivl/v2009.vpi";
S_0x561f9ecfb730 .scope package, "$unit" "$unit" 2 1;
 .timescale 0 0;
S_0x561f9ed429b0 .scope module, "tb_core_pipe5" "tb_core_pipe5" 3 2;
 .timescale -9 -12;
v0x561f9ed73d00_0 .var "clk", 0 0;
v0x561f9ed73dc0_0 .net "illegal", 0 0, v0x561f9ed729b0_0;  1 drivers
v0x561f9ed73e80_0 .net "pc", 31 0, v0x561f9ed733b0_0;  1 drivers
v0x561f9ed73f50_0 .var "rst", 0 0;
v0x561f9ed74040_0 .net "x10", 31 0, L_0x561f9ed87e10;  1 drivers
S_0x561f9ed43500 .scope module, "dut" "core_pipe5" 3 13, 4 6 0, S_0x561f9ed429b0;
 .timescale -9 -12;
    .port_info 0 /INPUT 1 "clk";
    .port_info 1 /INPUT 1 "rst";
    .port_info 2 /OUTPUT 32 "pc";
    .port_info 3 /OUTPUT 1 "illegal_insn";
    .port_info 4 /OUTPUT 32 "dbg_x10";
P_0x561f9ecd9c70 .param/l "ALU_ADD" 1 4 87, +C4<00000000000000000000000000000000>;
P_0x561f9ecd9cb0 .param/l "ALU_SUB" 1 4 88, +C4<00000000000000000000000000000001>;
P_0x561f9ecd9cf0 .param/l "DMEM_WORDS" 0 4 10, +C4<00000000000000000000000001000000>;
P_0x561f9ecd9d30 .param/str "IMEM_HEX" 0 4 9, "build/padded.hex";
P_0x561f9ecd9d70 .param/l "IMEM_WORDS" 0 4 8, +C4<00000000000000000000000001000000>;
P_0x561f9ecd9db0 .param/l "NOP" 1 4 24, C4<00000000000000000000000000010011>;
P_0x561f9ecd9df0 .param/l "XLEN" 0 4 7, +C4<00000000000000000000000000100000>;
L_0x561f9ed3b0a0 .functor BUFZ 32, L_0x561f9ed74180, C4<00000000000000000000000000000000>, C4<00000000000000000000000000000000>, C4<00000000000000000000000000000000>;
L_0x561f9ed39ce0 .functor BUFZ 32, L_0x561f9ed87fa0, C4<00000000000000000000000000000000>, C4<00000000000000000000000000000000>, C4<00000000000000000000000000000000>;
L_0x561f9ed88650 .functor OR 1, L_0x561f9ed883e0, L_0x561f9ed880e0, C4<0>, C4<0>;
L_0x561f9ed88940 .functor OR 1, L_0x561f9ed88650, L_0x561f9ed88760, C4<0>, C4<0>;
L_0x561f9ed88dd0 .functor AND 1, v0x561f9ed72070_0, L_0x561f9ed88b40, C4<1>, C4<1>;
L_0x561f9ed89180 .functor AND 1, L_0x561f9ed88940, L_0x561f9ed88f80, C4<1>, C4<1>;
L_0x561f9ed89300 .functor OR 1, L_0x561f9ed88e90, L_0x561f9ed89180, C4<0>, C4<0>;
L_0x561f9ed89410 .functor AND 1, L_0x561f9ed88dd0, L_0x561f9ed89300, C4<1>, C4<1>;
L_0x561f9ed89570 .functor BUFZ 32, v0x561f9ed70b20_0, C4<00000000000000000000000000000000>, C4<00000000000000000000000000000000>, C4<00000000000000000000000000000000>;
L_0x561f9ed89b30 .functor AND 1, v0x561f9ed71ef0_0, L_0x561f9ed899f0, C4<1>, C4<1>;
v0x561f9ed6d950_0 .net *"_ivl_0", 31 0, L_0x561f9ed74180;  1 drivers
v0x561f9ed6da50_0 .net *"_ivl_100", 31 0, L_0x561f9ed88a50;  1 drivers
L_0x7fac9317f528 .functor BUFT 1, C4<000000000000000000000000000>, C4<0>, C4<0>, C4<0>;
v0x561f9ed6db30_0 .net *"_ivl_103", 26 0, L_0x7fac9317f528;  1 drivers
L_0x7fac9317f570 .functor BUFT 1, C4<00000000000000000000000000000000>, C4<0>, C4<0>, C4<0>;
v0x561f9ed6dbf0_0 .net/2u *"_ivl_104", 31 0, L_0x7fac9317f570;  1 drivers
v0x561f9ed6dcd0_0 .net *"_ivl_106", 0 0, L_0x561f9ed88b40;  1 drivers
v0x561f9ed6dd90_0 .net *"_ivl_109", 0 0, L_0x561f9ed88dd0;  1 drivers
v0x561f9ed6de50_0 .net *"_ivl_110", 0 0, L_0x561f9ed88e90;  1 drivers
v0x561f9ed6df10_0 .net *"_ivl_112", 0 0, L_0x561f9ed88f80;  1 drivers
v0x561f9ed6dfd0_0 .net *"_ivl_115", 0 0, L_0x561f9ed89180;  1 drivers
v0x561f9ed6e090_0 .net *"_ivl_117", 0 0, L_0x561f9ed89300;  1 drivers
L_0x7fac9317f5b8 .functor BUFT 1, C4<00000000000000000000000000000100>, C4<0>, C4<0>, C4<0>;
v0x561f9ed6e150_0 .net/2u *"_ivl_134", 31 0, L_0x7fac9317f5b8;  1 drivers
v0x561f9ed6e230_0 .net *"_ivl_23", 0 0, L_0x561f9ed74a10;  1 drivers
v0x561f9ed6e310_0 .net *"_ivl_24", 19 0, L_0x561f9ed74b10;  1 drivers
v0x561f9ed6e3f0_0 .net *"_ivl_27", 11 0, L_0x561f9ed74bb0;  1 drivers
v0x561f9ed6e4d0_0 .net *"_ivl_3", 5 0, L_0x561f9ed74220;  1 drivers
v0x561f9ed6e5b0_0 .net *"_ivl_31", 0 0, L_0x561f9ed74de0;  1 drivers
v0x561f9ed6e690_0 .net *"_ivl_32", 19 0, L_0x561f9ed74f00;  1 drivers
v0x561f9ed6e770_0 .net *"_ivl_35", 6 0, L_0x561f9ed753c0;  1 drivers
v0x561f9ed6e850_0 .net *"_ivl_37", 4 0, L_0x561f9ed754f0;  1 drivers
v0x561f9ed6e930_0 .net *"_ivl_4", 7 0, L_0x561f9ed74310;  1 drivers
v0x561f9ed6ea10_0 .net *"_ivl_41", 0 0, L_0x561f9ed75800;  1 drivers
v0x561f9ed6eaf0_0 .net *"_ivl_42", 18 0, L_0x561f9ed758a0;  1 drivers
v0x561f9ed6ebd0_0 .net *"_ivl_45", 0 0, L_0x561f9ed75760;  1 drivers
v0x561f9ed6ecb0_0 .net *"_ivl_47", 0 0, L_0x561f9ed75d00;  1 drivers
v0x561f9ed6ed90_0 .net *"_ivl_49", 5 0, L_0x561f9ed75e60;  1 drivers
v0x561f9ed6ee70_0 .net *"_ivl_51", 3 0, L_0x561f9ed75f30;  1 drivers
L_0x7fac9317f060 .functor BUFT 1, C4<0>, C4<0>, C4<0>, C4<0>;
v0x561f9ed6ef50_0 .net/2u *"_ivl_52", 0 0, L_0x7fac9317f060;  1 drivers
v0x561f9ed6f030_0 .net *"_ivl_57", 0 0, L_0x561f9ed76570;  1 drivers
v0x561f9ed6f110_0 .net *"_ivl_58", 10 0, L_0x561f9ed766f0;  1 drivers
v0x561f9ed6f1f0_0 .net *"_ivl_61", 0 0, L_0x561f9ed767e0;  1 drivers
v0x561f9ed6f2d0_0 .net *"_ivl_63", 7 0, L_0x561f9ed76970;  1 drivers
v0x561f9ed6f3b0_0 .net *"_ivl_65", 0 0, L_0x561f9ed76a10;  1 drivers
v0x561f9ed6f490_0 .net *"_ivl_67", 9 0, L_0x561f9ed76bb0;  1 drivers
L_0x7fac9317f0a8 .functor BUFT 1, C4<0>, C4<0>, C4<0>, C4<0>;
v0x561f9ed6f780_0 .net/2u *"_ivl_68", 0 0, L_0x7fac9317f0a8;  1 drivers
L_0x7fac9317f018 .functor BUFT 1, C4<00>, C4<0>, C4<0>, C4<0>;
v0x561f9ed6f860_0 .net *"_ivl_7", 1 0, L_0x7fac9317f018;  1 drivers
v0x561f9ed6f940_0 .net *"_ivl_74", 31 0, L_0x561f9ed87fa0;  1 drivers
v0x561f9ed6fa20_0 .net *"_ivl_77", 5 0, L_0x561f9ed88040;  1 drivers
v0x561f9ed6fb00_0 .net *"_ivl_78", 7 0, L_0x561f9ed88200;  1 drivers
L_0x7fac9317f408 .functor BUFT 1, C4<00>, C4<0>, C4<0>, C4<0>;
v0x561f9ed6fbe0_0 .net *"_ivl_81", 1 0, L_0x7fac9317f408;  1 drivers
L_0x7fac9317f450 .functor BUFT 1, C4<0110011>, C4<0>, C4<0>, C4<0>;
v0x561f9ed6fcc0_0 .net/2u *"_ivl_84", 6 0, L_0x7fac9317f450;  1 drivers
v0x561f9ed6fda0_0 .net *"_ivl_86", 0 0, L_0x561f9ed883e0;  1 drivers
L_0x7fac9317f498 .functor BUFT 1, C4<0100011>, C4<0>, C4<0>, C4<0>;
v0x561f9ed6fe60_0 .net/2u *"_ivl_88", 6 0, L_0x7fac9317f498;  1 drivers
v0x561f9ed6ff40_0 .net *"_ivl_90", 0 0, L_0x561f9ed880e0;  1 drivers
v0x561f9ed70000_0 .net *"_ivl_93", 0 0, L_0x561f9ed88650;  1 drivers
L_0x7fac9317f4e0 .functor BUFT 1, C4<1100011>, C4<0>, C4<0>, C4<0>;
v0x561f9ed700c0_0 .net/2u *"_ivl_94", 6 0, L_0x7fac9317f4e0;  1 drivers
v0x561f9ed701a0_0 .net *"_ivl_96", 0 0, L_0x561f9ed88760;  1 drivers
v0x561f9ed70260_0 .net "clk", 0 0, v0x561f9ed73d00_0;  1 drivers
v0x561f9ed70300_0 .net "dbg_x10", 31 0, L_0x561f9ed87e10;  alias, 1 drivers
v0x561f9ed703a0 .array "dmem", 63 0, 31 0;
v0x561f9ed70440_0 .net "dmem_rdata", 31 0, L_0x561f9ed39ce0;  1 drivers
v0x561f9ed70520_0 .net "ex_a", 31 0, L_0x561f9ed89570;  1 drivers
v0x561f9ed70600_0 .net "ex_alu", 31 0, L_0x561f9ed896b0;  1 drivers
v0x561f9ed706e0_0 .net "ex_b", 31 0, L_0x561f9ed895e0;  1 drivers
v0x561f9ed707c0_0 .net "ex_beq", 0 0, L_0x561f9ed899f0;  1 drivers
v0x561f9ed70880_0 .net "ex_branch_tgt", 31 0, L_0x561f9ed89c50;  1 drivers
v0x561f9ed70960_0 .net "ex_jal_tgt", 31 0, L_0x561f9ed89ee0;  1 drivers
v0x561f9ed70a40_0 .net "ex_pc_plus4", 31 0, L_0x561f9ed89fd0;  1 drivers
v0x561f9ed70b20_0 .var "ex_rs1_fwd", 31 0;
v0x561f9ed70c00_0 .var "ex_rs2_fwd", 31 0;
v0x561f9ed70ce0_0 .net "ex_take_branch", 0 0, L_0x561f9ed89b30;  1 drivers
v0x561f9ed70da0_0 .var "exmem_alu", 31 0;
v0x561f9ed70e80_0 .var "exmem_is_load", 0 0;
v0x561f9ed70f40_0 .var "exmem_is_store", 0 0;
v0x561f9ed71000_0 .var "exmem_rd", 4 0;
v0x561f9ed710e0_0 .var "exmem_regwrite", 0 0;
v0x561f9ed715b0_0 .var "exmem_store_data", 31 0;
v0x561f9ed71690_0 .var "exmem_wb_data", 31 0;
v0x561f9ed71770_0 .net "f3_d", 2 0, L_0x561f9ed746b0;  1 drivers
v0x561f9ed71850_0 .net "f7_d", 6 0, L_0x561f9ed74970;  1 drivers
v0x561f9ed71930_0 .var "flush_ifid", 0 0;
v0x561f9ed719f0_0 .var/i "i", 31 0;
v0x561f9ed71ad0_0 .net "id_uses_rs2", 0 0, L_0x561f9ed88940;  1 drivers
v0x561f9ed71b90_0 .var "idex_alu_imm", 0 0;
v0x561f9ed71c50_0 .var "idex_alu_op", 3 0;
v0x561f9ed71d30_0 .var "idex_f3", 2 0;
v0x561f9ed71e10_0 .var "idex_imm", 31 0;
v0x561f9ed71ef0_0 .var "idex_is_branch", 0 0;
v0x561f9ed71fb0_0 .var "idex_is_jal", 0 0;
v0x561f9ed72070_0 .var "idex_is_load", 0 0;
v0x561f9ed72130_0 .var "idex_is_store", 0 0;
v0x561f9ed721f0_0 .var "idex_pc", 31 0;
v0x561f9ed722d0_0 .var "idex_rd", 4 0;
v0x561f9ed723b0_0 .var "idex_regwrite", 0 0;
v0x561f9ed72470_0 .var "idex_rs1", 4 0;
v0x561f9ed72550_0 .var "idex_rs1_val", 31 0;
v0x561f9ed72630_0 .var "idex_rs2", 4 0;
v0x561f9ed72710_0 .var "idex_rs2_val", 31 0;
v0x561f9ed727f0_0 .var "ifid_instr", 31 0;
v0x561f9ed728d0_0 .var "ifid_pc", 31 0;
v0x561f9ed729b0_0 .var "illegal_insn", 0 0;
v0x561f9ed72a70 .array "imem", 63 0, 31 0;
v0x561f9ed72b30_0 .net "imm_b_d", 31 0, L_0x561f9ed76310;  1 drivers
v0x561f9ed72c10_0 .net "imm_i_d", 31 0, L_0x561f9ed74cc0;  1 drivers
v0x561f9ed72cf0_0 .net "imm_j_d", 31 0, L_0x561f9ed76c80;  1 drivers
v0x561f9ed72dd0_0 .net "imm_s_d", 31 0, L_0x561f9ed755c0;  1 drivers
v0x561f9ed72eb0_0 .net "instr_f", 31 0, L_0x561f9ed3b0a0;  1 drivers
v0x561f9ed72f90_0 .net "load_use_hazard", 0 0, L_0x561f9ed89410;  1 drivers
v0x561f9ed73050_0 .var "memwb_rd", 4 0;
v0x561f9ed73130_0 .var "memwb_wdata", 31 0;
v0x561f9ed73210_0 .var "memwb_we", 0 0;
v0x561f9ed732d0_0 .net "op_d", 6 0, L_0x561f9ed744f0;  1 drivers
v0x561f9ed733b0_0 .var "pc", 31 0;
v0x561f9ed73490_0 .var "pc_next", 31 0;
v0x561f9ed73570_0 .net "rd_d", 4 0, L_0x561f9ed745c0;  1 drivers
v0x561f9ed73650_0 .net "rf_rd1", 31 0, L_0x561f9ed87440;  1 drivers
v0x561f9ed73710_0 .net "rf_rd2", 31 0, L_0x561f9ed87a20;  1 drivers
v0x561f9ed737b0_0 .net "rs1_d", 4 0, L_0x561f9ed74790;  1 drivers
v0x561f9ed73880_0 .net "rs2_d", 4 0, L_0x561f9ed74880;  1 drivers
v0x561f9ed73950_0 .net "rst", 0 0, v0x561f9ed73f50_0;  1 drivers
v0x561f9ed73a20_0 .var "wb_rd", 4 0;
v0x561f9ed73af0_0 .var "wb_wd", 31 0;
v0x561f9ed73bc0_0 .var "wb_we", 0 0;
E_0x561f9ed11f10 .event posedge, v0x561f9ed6ccb0_0;
E_0x561f9ed16050/0 .event edge, v0x561f9ed733b0_0, v0x561f9ed70ce0_0, v0x561f9ed70880_0, v0x561f9ed71fb0_0;
E_0x561f9ed16050/1 .event edge, v0x561f9ed70960_0;
E_0x561f9ed16050 .event/or E_0x561f9ed16050/0, E_0x561f9ed16050/1;
E_0x561f9ecec390/0 .event edge, v0x561f9ed72550_0, v0x561f9ed72710_0, v0x561f9ed710e0_0, v0x561f9ed71000_0;
E_0x561f9ecec390/1 .event edge, v0x561f9ed72470_0, v0x561f9ed70da0_0, v0x561f9ed72630_0, v0x561f9ed73210_0;
E_0x561f9ecec390/2 .event edge, v0x561f9ed73050_0, v0x561f9ed73130_0;
E_0x561f9ecec390 .event/or E_0x561f9ecec390/0, E_0x561f9ecec390/1, E_0x561f9ecec390/2;
L_0x561f9ed74180 .array/port v0x561f9ed72a70, L_0x561f9ed74310;
L_0x561f9ed74220 .part v0x561f9ed733b0_0, 2, 6;
L_0x561f9ed74310 .concat [ 6 2 0 0], L_0x561f9ed74220, L_0x7fac9317f018;
L_0x561f9ed744f0 .part v0x561f9ed727f0_0, 0, 7;
L_0x561f9ed745c0 .part v0x561f9ed727f0_0, 7, 5;
L_0x561f9ed746b0 .part v0x561f9ed727f0_0, 12, 3;
L_0x561f9ed74790 .part v0x561f9ed727f0_0, 15, 5;
L_0x561f9ed74880 .part v0x561f9ed727f0_0, 20, 5;
L_0x561f9ed74970 .part v0x561f9ed727f0_0, 25, 7;
L_0x561f9ed74a10 .part v0x561f9ed727f0_0, 31, 1;
LS_0x561f9ed74b10_0_0 .concat [ 1 1 1 1], L_0x561f9ed74a10, L_0x561f9ed74a10, L_0x561f9ed74a10, L_0x561f9ed74a10;
LS_0x561f9ed74b10_0_4 .concat [ 1 1 1 1], L_0x561f9ed74a10, L_0x561f9ed74a10, L_0x561f9ed74a10, L_0x561f9ed74a10;
LS_0x561f9ed74b10_0_8 .concat [ 1 1 1 1], L_0x561f9ed74a10, L_0x561f9ed74a10, L_0x561f9ed74a10, L_0x561f9ed74a10;
LS_0x561f9ed74b10_0_12 .concat [ 1 1 1 1], L_0x561f9ed74a10, L_0x561f9ed74a10, L_0x561f9ed74a10, L_0x561f9ed74a10;
LS_0x561f9ed74b10_0_16 .concat [ 1 1 1 1], L_0x561f9ed74a10, L_0x561f9ed74a10, L_0x561f9ed74a10, L_0x561f9ed74a10;
LS_0x561f9ed74b10_1_0 .concat [ 4 4 4 4], LS_0x561f9ed74b10_0_0, LS_0x561f9ed74b10_0_4, LS_0x561f9ed74b10_0_8, LS_0x561f9ed74b10_0_12;
LS_0x561f9ed74b10_1_4 .concat [ 4 0 0 0], LS_0x561f9ed74b10_0_16;
L_0x561f9ed74b10 .concat [ 16 4 0 0], LS_0x561f9ed74b10_1_0, LS_0x561f9ed74b10_1_4;
L_0x561f9ed74bb0 .part v0x561f9ed727f0_0, 20, 12;
L_0x561f9ed74cc0 .concat [ 12 20 0 0], L_0x561f9ed74bb0, L_0x561f9ed74b10;
L_0x561f9ed74de0 .part v0x561f9ed727f0_0, 31, 1;
LS_0x561f9ed74f00_0_0 .concat [ 1 1 1 1], L_0x561f9ed74de0, L_0x561f9ed74de0, L_0x561f9ed74de0, L_0x561f9ed74de0;
LS_0x561f9ed74f00_0_4 .concat [ 1 1 1 1], L_0x561f9ed74de0, L_0x561f9ed74de0, L_0x561f9ed74de0, L_0x561f9ed74de0;
LS_0x561f9ed74f00_0_8 .concat [ 1 1 1 1], L_0x561f9ed74de0, L_0x561f9ed74de0, L_0x561f9ed74de0, L_0x561f9ed74de0;
LS_0x561f9ed74f00_0_12 .concat [ 1 1 1 1], L_0x561f9ed74de0, L_0x561f9ed74de0, L_0x561f9ed74de0, L_0x561f9ed74de0;
LS_0x561f9ed74f00_0_16 .concat [ 1 1 1 1], L_0x561f9ed74de0, L_0x561f9ed74de0, L_0x561f9ed74de0, L_0x561f9ed74de0;
LS_0x561f9ed74f00_1_0 .concat [ 4 4 4 4], LS_0x561f9ed74f00_0_0, LS_0x561f9ed74f00_0_4, LS_0x561f9ed74f00_0_8, LS_0x561f9ed74f00_0_12;
LS_0x561f9ed74f00_1_4 .concat [ 4 0 0 0], LS_0x561f9ed74f00_0_16;
L_0x561f9ed74f00 .concat [ 16 4 0 0], LS_0x561f9ed74f00_1_0, LS_0x561f9ed74f00_1_4;
L_0x561f9ed753c0 .part v0x561f9ed727f0_0, 25, 7;
L_0x561f9ed754f0 .part v0x561f9ed727f0_0, 7, 5;
L_0x561f9ed755c0 .concat [ 5 7 20 0], L_0x561f9ed754f0, L_0x561f9ed753c0, L_0x561f9ed74f00;
L_0x561f9ed75800 .part v0x561f9ed727f0_0, 31, 1;
LS_0x561f9ed758a0_0_0 .concat [ 1 1 1 1], L_0x561f9ed75800, L_0x561f9ed75800, L_0x561f9ed75800, L_0x561f9ed75800;
LS_0x561f9ed758a0_0_4 .concat [ 1 1 1 1], L_0x561f9ed75800, L_0x561f9ed75800, L_0x561f9ed75800, L_0x561f9ed75800;
LS_0x561f9ed758a0_0_8 .concat [ 1 1 1 1], L_0x561f9ed75800, L_0x561f9ed75800, L_0x561f9ed75800, L_0x561f9ed75800;
LS_0x561f9ed758a0_0_12 .concat [ 1 1 1 1], L_0x561f9ed75800, L_0x561f9ed75800, L_0x561f9ed75800, L_0x561f9ed75800;
LS_0x561f9ed758a0_0_16 .concat [ 1 1 1 0], L_0x561f9ed75800, L_0x561f9ed75800, L_0x561f9ed75800;
LS_0x561f9ed758a0_1_0 .concat [ 4 4 4 4], LS_0x561f9ed758a0_0_0, LS_0x561f9ed758a0_0_4, LS_0x561f9ed758a0_0_8, LS_0x561f9ed758a0_0_12;
LS_0x561f9ed758a0_1_4 .concat [ 3 0 0 0], LS_0x561f9ed758a0_0_16;
L_0x561f9ed758a0 .concat [ 16 3 0 0], LS_0x561f9ed758a0_1_0, LS_0x561f9ed758a0_1_4;
L_0x561f9ed75760 .part v0x561f9ed727f0_0, 31, 1;
L_0x561f9ed75d00 .part v0x561f9ed727f0_0, 7, 1;
L_0x561f9ed75e60 .part v0x561f9ed727f0_0, 25, 6;
L_0x561f9ed75f30 .part v0x561f9ed727f0_0, 8, 4;
LS_0x561f9ed76310_0_0 .concat [ 1 4 6 1], L_0x7fac9317f060, L_0x561f9ed75f30, L_0x561f9ed75e60, L_0x561f9ed75d00;
LS_0x561f9ed76310_0_4 .concat [ 1 19 0 0], L_0x561f9ed75760, L_0x561f9ed758a0;
L_0x561f9ed76310 .concat [ 12 20 0 0], LS_0x561f9ed76310_0_0, LS_0x561f9ed76310_0_4;
L_0x561f9ed76570 .part v0x561f9ed727f0_0, 31, 1;
LS_0x561f9ed766f0_0_0 .concat [ 1 1 1 1], L_0x561f9ed76570, L_0x561f9ed76570, L_0x561f9ed76570, L_0x561f9ed76570;
LS_0x561f9ed766f0_0_4 .concat [ 1 1 1 1], L_0x561f9ed76570, L_0x561f9ed76570, L_0x561f9ed76570, L_0x561f9ed76570;
LS_0x561f9ed766f0_0_8 .concat [ 1 1 1 0], L_0x561f9ed76570, L_0x561f9ed76570, L_0x561f9ed76570;
L_0x561f9ed766f0 .concat [ 4 4 3 0], LS_0x561f9ed766f0_0_0, LS_0x561f9ed766f0_0_4, LS_0x561f9ed766f0_0_8;
L_0x561f9ed767e0 .part v0x561f9ed727f0_0, 31, 1;
L_0x561f9ed76970 .part v0x561f9ed727f0_0, 12, 8;
L_0x561f9ed76a10 .part v0x561f9ed727f0_0, 20, 1;
L_0x561f9ed76bb0 .part v0x561f9ed727f0_0, 21, 10;
LS_0x561f9ed76c80_0_0 .concat [ 1 10 1 8], L_0x7fac9317f0a8, L_0x561f9ed76bb0, L_0x561f9ed76a10, L_0x561f9ed76970;
LS_0x561f9ed76c80_0_4 .concat [ 1 11 0 0], L_0x561f9ed767e0, L_0x561f9ed766f0;
L_0x561f9ed76c80 .concat [ 20 12 0 0], LS_0x561f9ed76c80_0_0, LS_0x561f9ed76c80_0_4;
L_0x561f9ed87fa0 .array/port v0x561f9ed703a0, L_0x561f9ed88200;
L_0x561f9ed88040 .part v0x561f9ed70da0_0, 2, 6;
L_0x561f9ed88200 .concat [ 6 2 0 0], L_0x561f9ed88040, L_0x7fac9317f408;
L_0x561f9ed883e0 .cmp/eq 7, L_0x561f9ed744f0, L_0x7fac9317f450;
L_0x561f9ed880e0 .cmp/eq 7, L_0x561f9ed744f0, L_0x7fac9317f498;
L_0x561f9ed88760 .cmp/eq 7, L_0x561f9ed744f0, L_0x7fac9317f4e0;
L_0x561f9ed88a50 .concat [ 5 27 0 0], v0x561f9ed722d0_0, L_0x7fac9317f528;
L_0x561f9ed88b40 .cmp/ne 32, L_0x561f9ed88a50, L_0x7fac9317f570;
L_0x561f9ed88e90 .cmp/eq 5, v0x561f9ed722d0_0, L_0x561f9ed74790;
L_0x561f9ed88f80 .cmp/eq 5, v0x561f9ed722d0_0, L_0x561f9ed74880;
L_0x561f9ed895e0 .functor MUXZ 32, v0x561f9ed70c00_0, v0x561f9ed71e10_0, v0x561f9ed71b90_0, C4<>;
L_0x561f9ed896b0 .ufunc/vec4 TD_tb_core_pipe5.dut.alu_fn, 32, v0x561f9ed71c50_0, L_0x561f9ed89570, L_0x561f9ed895e0 (v0x561f9ed072d0_0, v0x561f9ed06e50_0, v0x561f9ed07140_0) S_0x561f9ed3e1a0;
L_0x561f9ed899f0 .cmp/eq 32, v0x561f9ed70b20_0, v0x561f9ed70c00_0;
L_0x561f9ed89c50 .arith/sum 32, v0x561f9ed721f0_0, v0x561f9ed71e10_0;
L_0x561f9ed89ee0 .arith/sum 32, v0x561f9ed721f0_0, v0x561f9ed71e10_0;
L_0x561f9ed89fd0 .arith/sum 32, v0x561f9ed721f0_0, L_0x7fac9317f5b8;
S_0x561f9ed3e1a0 .scope function.vec4.s32, "alu_fn" "alu_fn" 4 90, 4 90 0, S_0x561f9ed43500;
 .timescale -9 -12;
v0x561f9ed06e50_0 .var "a", 31 0;
; Variable alu_fn is vec4 return value of scope S_0x561f9ed3e1a0
v0x561f9ed07140_0 .var "b", 31 0;
v0x561f9ed072d0_0 .var "op", 3 0;
TD_tb_core_pipe5.dut.alu_fn ;
    %load/vec4 v0x561f9ed072d0_0;
    %dup/vec4;
    %pushi/vec4 0, 0, 4;
    %cmp/u;
    %jmp/1 T_0.0, 6;
    %dup/vec4;
    %pushi/vec4 1, 0, 4;
    %cmp/u;
    %jmp/1 T_0.1, 6;
    %pushi/vec4 0, 0, 32;
    %ret/vec4 0, 0, 32;  Assign to alu_fn (store_vec4_to_lval)
    %jmp T_0.3;
T_0.0 ;
    %load/vec4 v0x561f9ed06e50_0;
    %load/vec4 v0x561f9ed07140_0;
    %add;
    %ret/vec4 0, 0, 32;  Assign to alu_fn (store_vec4_to_lval)
    %jmp T_0.3;
T_0.1 ;
    %load/vec4 v0x561f9ed06e50_0;
    %load/vec4 v0x561f9ed07140_0;
    %sub;
    %ret/vec4 0, 0, 32;  Assign to alu_fn (store_vec4_to_lval)
    %jmp T_0.3;
T_0.3 ;
    %pop/vec4 1;
    %end;
S_0x561f9ed6b8a0 .scope module, "u_rf" "regfile" 4 55, 5 2 0, S_0x561f9ed43500;
 .timescale -9 -12;
    .port_info 0 /INPUT 1 "clk";
    .port_info 1 /INPUT 1 "rst";
    .port_info 2 /INPUT 1 "we";
    .port_info 3 /INPUT 5 "rs1";
    .port_info 4 /INPUT 5 "rs2";
    .port_info 5 /INPUT 5 "rd";
    .port_info 6 /INPUT 32 "wd";
    .port_info 7 /OUTPUT 32 "rd1";
    .port_info 8 /OUTPUT 32 "rd2";
    .port_info 9 /INPUT 5 "dbg_addr";
    .port_info 10 /OUTPUT 32 "dbg_data";
P_0x561f9ed3b010 .param/l "REG_COUNT" 0 5 4, +C4<00000000000000000000000000100000>;
P_0x561f9ed3b050 .param/l "XLEN" 0 5 3, +C4<00000000000000000000000000100000>;
v0x561f9ecdbdb0_0 .net *"_ivl_0", 31 0, L_0x561f9ed76ff0;  1 drivers
v0x561f9ed3b130_0 .net *"_ivl_10", 31 0, L_0x561f9ed87280;  1 drivers
v0x561f9ed39d50_0 .net *"_ivl_12", 6 0, L_0x561f9ed87320;  1 drivers
L_0x7fac9317f1c8 .functor BUFT 1, C4<00>, C4<0>, C4<0>, C4<0>;
v0x561f9ed6bc20_0 .net *"_ivl_15", 1 0, L_0x7fac9317f1c8;  1 drivers
v0x561f9ed6bd00_0 .net *"_ivl_18", 31 0, L_0x561f9ed87620;  1 drivers
L_0x7fac9317f210 .functor BUFT 1, C4<000000000000000000000000000>, C4<0>, C4<0>, C4<0>;
v0x561f9ed6be30_0 .net *"_ivl_21", 26 0, L_0x7fac9317f210;  1 drivers
L_0x7fac9317f258 .functor BUFT 1, C4<00000000000000000000000000000000>, C4<0>, C4<0>, C4<0>;
v0x561f9ed6bf10_0 .net/2u *"_ivl_22", 31 0, L_0x7fac9317f258;  1 drivers
v0x561f9ed6bff0_0 .net *"_ivl_24", 0 0, L_0x561f9ed87750;  1 drivers
L_0x7fac9317f2a0 .functor BUFT 1, C4<00000000000000000000000000000000>, C4<0>, C4<0>, C4<0>;
v0x561f9ed6c0b0_0 .net/2u *"_ivl_26", 31 0, L_0x7fac9317f2a0;  1 drivers
v0x561f9ed6c190_0 .net *"_ivl_28", 31 0, L_0x561f9ed87840;  1 drivers
L_0x7fac9317f0f0 .functor BUFT 1, C4<000000000000000000000000000>, C4<0>, C4<0>, C4<0>;
v0x561f9ed6c270_0 .net *"_ivl_3", 26 0, L_0x7fac9317f0f0;  1 drivers
v0x561f9ed6c350_0 .net *"_ivl_30", 6 0, L_0x561f9ed87930;  1 drivers
L_0x7fac9317f2e8 .functor BUFT 1, C4<00>, C4<0>, C4<0>, C4<0>;
v0x561f9ed6c430_0 .net *"_ivl_33", 1 0, L_0x7fac9317f2e8;  1 drivers
L_0x7fac9317f600 .functor BUFT 1, C4<00000000000000000000000000001010>, C4<0>, C4<0>, C4<0>;
v0x561f9ed6c510_0 .net *"_ivl_36", 31 0, L_0x7fac9317f600;  1 drivers
L_0x7fac9317f138 .functor BUFT 1, C4<00000000000000000000000000000000>, C4<0>, C4<0>, C4<0>;
v0x561f9ed6c5f0_0 .net/2u *"_ivl_4", 31 0, L_0x7fac9317f138;  1 drivers
L_0x7fac9317f330 .functor BUFT 1, C4<00000000000000000000000000000000>, C4<0>, C4<0>, C4<0>;
v0x561f9ed6c6d0_0 .net/2u *"_ivl_40", 31 0, L_0x7fac9317f330;  1 drivers
v0x561f9ed6c7b0_0 .net *"_ivl_42", 0 0, L_0x561f9ed87c10;  1 drivers
L_0x7fac9317f378 .functor BUFT 1, C4<00000000000000000000000000000000>, C4<0>, C4<0>, C4<0>;
v0x561f9ed6c870_0 .net/2u *"_ivl_44", 31 0, L_0x7fac9317f378;  1 drivers
v0x561f9ed6c950_0 .net *"_ivl_46", 31 0, L_0x561f9ed87d00;  1 drivers
L_0x7fac9317f648 .functor BUFT 1, C4<0001010>, C4<0>, C4<0>, C4<0>;
v0x561f9ed6ca30_0 .net *"_ivl_48", 6 0, L_0x7fac9317f648;  1 drivers
v0x561f9ed6cb10_0 .net *"_ivl_6", 0 0, L_0x561f9ed87140;  1 drivers
L_0x7fac9317f180 .functor BUFT 1, C4<00000000000000000000000000000000>, C4<0>, C4<0>, C4<0>;
v0x561f9ed6cbd0_0 .net/2u *"_ivl_8", 31 0, L_0x7fac9317f180;  1 drivers
v0x561f9ed6ccb0_0 .net "clk", 0 0, v0x561f9ed73d00_0;  alias, 1 drivers
L_0x7fac9317f3c0 .functor BUFT 1, C4<01010>, C4<0>, C4<0>, C4<0>;
v0x561f9ed6cd70_0 .net "dbg_addr", 4 0, L_0x7fac9317f3c0;  1 drivers
v0x561f9ed6ce50_0 .net "dbg_data", 31 0, L_0x561f9ed87e10;  alias, 1 drivers
v0x561f9ed6cf30_0 .var/i "i", 31 0;
v0x561f9ed6d010_0 .net "rd", 4 0, v0x561f9ed73a20_0;  1 drivers
v0x561f9ed6d0f0_0 .net "rd1", 31 0, L_0x561f9ed87440;  alias, 1 drivers
v0x561f9ed6d1d0_0 .net "rd2", 31 0, L_0x561f9ed87a20;  alias, 1 drivers
v0x561f9ed6d2b0 .array "regs", 31 0, 31 0;
v0x561f9ed6d370_0 .net "rs1", 4 0, L_0x561f9ed74790;  alias, 1 drivers
v0x561f9ed6d450_0 .net "rs2", 4 0, L_0x561f9ed74880;  alias, 1 drivers
v0x561f9ed6d530_0 .net "rst", 0 0, v0x561f9ed73f50_0;  alias, 1 drivers
v0x561f9ed6d5f0_0 .net "wd", 31 0, v0x561f9ed73af0_0;  1 drivers
v0x561f9ed6d6d0_0 .net "we", 0 0, v0x561f9ed73bc0_0;  1 drivers
E_0x561f9ed4ffd0 .event negedge, v0x561f9ed6ccb0_0;
L_0x561f9ed76ff0 .concat [ 5 27 0 0], L_0x561f9ed74790, L_0x7fac9317f0f0;
L_0x561f9ed87140 .cmp/eq 32, L_0x561f9ed76ff0, L_0x7fac9317f138;
L_0x561f9ed87280 .array/port v0x561f9ed6d2b0, L_0x561f9ed87320;
L_0x561f9ed87320 .concat [ 5 2 0 0], L_0x561f9ed74790, L_0x7fac9317f1c8;
L_0x561f9ed87440 .functor MUXZ 32, L_0x561f9ed87280, L_0x7fac9317f180, L_0x561f9ed87140, C4<>;
L_0x561f9ed87620 .concat [ 5 27 0 0], L_0x561f9ed74880, L_0x7fac9317f210;
L_0x561f9ed87750 .cmp/eq 32, L_0x561f9ed87620, L_0x7fac9317f258;
L_0x561f9ed87840 .array/port v0x561f9ed6d2b0, L_0x561f9ed87930;
L_0x561f9ed87930 .concat [ 5 2 0 0], L_0x561f9ed74880, L_0x7fac9317f2e8;
L_0x561f9ed87a20 .functor MUXZ 32, L_0x561f9ed87840, L_0x7fac9317f2a0, L_0x561f9ed87750, C4<>;
L_0x561f9ed87c10 .cmp/eq 32, L_0x7fac9317f600, L_0x7fac9317f330;
L_0x561f9ed87d00 .array/port v0x561f9ed6d2b0, L_0x7fac9317f648;
L_0x561f9ed87e10 .functor MUXZ 32, L_0x561f9ed87d00, L_0x7fac9317f378, L_0x561f9ed87c10, C4<>;
    .scope S_0x561f9ed6b8a0;
T_1 ;
    %wait E_0x561f9ed4ffd0;
    %load/vec4 v0x561f9ed6d530_0;
    %flag_set/vec4 8;
    %jmp/0xz  T_1.0, 8;
    %pushi/vec4 0, 0, 32;
    %store/vec4 v0x561f9ed6cf30_0, 0, 32;
T_1.2 ;
    %load/vec4 v0x561f9ed6cf30_0;
    %cmpi/s 32, 0, 32;
    %jmp/0xz T_1.3, 5;
    %pushi/vec4 0, 0, 32;
    %ix/getv/s 3, v0x561f9ed6cf30_0;
    %ix/load 4, 0, 0; Constant delay
    %assign/vec4/a/d v0x561f9ed6d2b0, 0, 4;
    %load/vec4 v0x561f9ed6cf30_0;
    %addi 1, 0, 32;
    %store/vec4 v0x561f9ed6cf30_0, 0, 32;
    %jmp T_1.2;
T_1.3 ;
    %jmp T_1.1;
T_1.0 ;
    %load/vec4 v0x561f9ed6d6d0_0;
    %load/vec4 v0x561f9ed6d010_0;
    %pad/u 32;
    %pushi/vec4 0, 0, 32;
    %cmp/ne;
    %flag_get/vec4 4;
    %and;
    %flag_set/vec4 8;
    %jmp/0xz  T_1.4, 8;
    %load/vec4 v0x561f9ed6d5f0_0;
    %load/vec4 v0x561f9ed6d010_0;
    %pad/u 7;
    %ix/vec4 3;
    %ix/load 4, 0, 0; Constant delay
    %assign/vec4/a/d v0x561f9ed6d2b0, 0, 4;
T_1.4 ;
T_1.1 ;
    %jmp T_1;
    .thread T_1;
    .scope S_0x561f9ed43500;
T_2 ;
    %pushi/vec4 0, 0, 32;
    %store/vec4 v0x561f9ed719f0_0, 0, 32;
T_2.0 ;
    %load/vec4 v0x561f9ed719f0_0;
    %cmpi/s 64, 0, 32;
    %jmp/0xz T_2.1, 5;
    %pushi/vec4 19, 0, 32;
    %ix/getv/s 4, v0x561f9ed719f0_0;
    %store/vec4a v0x561f9ed72a70, 4, 0;
    %load/vec4 v0x561f9ed719f0_0;
    %addi 1, 0, 32;
    %store/vec4 v0x561f9ed719f0_0, 0, 32;
    %jmp T_2.0;
T_2.1 ;
    %pushi/vec4 0, 0, 32;
    %store/vec4 v0x561f9ed719f0_0, 0, 32;
T_2.2 ;
    %load/vec4 v0x561f9ed719f0_0;
    %cmpi/s 64, 0, 32;
    %jmp/0xz T_2.3, 5;
    %pushi/vec4 0, 0, 32;
    %ix/getv/s 4, v0x561f9ed719f0_0;
    %store/vec4a v0x561f9ed703a0, 4, 0;
    %load/vec4 v0x561f9ed719f0_0;
    %addi 1, 0, 32;
    %store/vec4 v0x561f9ed719f0_0, 0, 32;
    %jmp T_2.2;
T_2.3 ;
    %vpi_call/w 4 29 "$readmemh", P_0x561f9ecd9d30, v0x561f9ed72a70 {0 0 0};
    %end;
    .thread T_2;
    .scope S_0x561f9ed43500;
T_3 ;
    %wait E_0x561f9ecec390;
    %load/vec4 v0x561f9ed72550_0;
    %store/vec4 v0x561f9ed70b20_0, 0, 32;
    %load/vec4 v0x561f9ed72710_0;
    %store/vec4 v0x561f9ed70c00_0, 0, 32;
    %load/vec4 v0x561f9ed710e0_0;
    %load/vec4 v0x561f9ed71000_0;
    %pad/u 32;
    %pushi/vec4 0, 0, 32;
    %cmp/ne;
    %flag_get/vec4 4;
    %and;
    %load/vec4 v0x561f9ed71000_0;
    %load/vec4 v0x561f9ed72470_0;
    %cmp/e;
    %flag_get/vec4 4;
    %and;
    %flag_set/vec4 8;
    %jmp/0xz  T_3.0, 8;
    %load/vec4 v0x561f9ed70da0_0;
    %store/vec4 v0x561f9ed70b20_0, 0, 32;
T_3.0 ;
    %load/vec4 v0x561f9ed710e0_0;
    %load/vec4 v0x561f9ed71000_0;
    %pad/u 32;
    %pushi/vec4 0, 0, 32;
    %cmp/ne;
    %flag_get/vec4 4;
    %and;
    %load/vec4 v0x561f9ed71000_0;
    %load/vec4 v0x561f9ed72630_0;
    %cmp/e;
    %flag_get/vec4 4;
    %and;
    %flag_set/vec4 8;
    %jmp/0xz  T_3.2, 8;
    %load/vec4 v0x561f9ed70da0_0;
    %store/vec4 v0x561f9ed70c00_0, 0, 32;
T_3.2 ;
    %load/vec4 v0x561f9ed73210_0;
    %load/vec4 v0x561f9ed73050_0;
    %pad/u 32;
    %pushi/vec4 0, 0, 32;
    %cmp/ne;
    %flag_get/vec4 4;
    %and;
    %load/vec4 v0x561f9ed73050_0;
    %load/vec4 v0x561f9ed72470_0;
    %cmp/e;
    %flag_get/vec4 4;
    %and;
    %flag_set/vec4 8;
    %jmp/0xz  T_3.4, 8;
    %load/vec4 v0x561f9ed73130_0;
    %store/vec4 v0x561f9ed70b20_0, 0, 32;
T_3.4 ;
    %load/vec4 v0x561f9ed73210_0;
    %load/vec4 v0x561f9ed73050_0;
    %pad/u 32;
    %pushi/vec4 0, 0, 32;
    %cmp/ne;
    %flag_get/vec4 4;
    %and;
    %load/vec4 v0x561f9ed73050_0;
    %load/vec4 v0x561f9ed72630_0;
    %cmp/e;
    %flag_get/vec4 4;
    %and;
    %flag_set/vec4 8;
    %jmp/0xz  T_3.6, 8;
    %load/vec4 v0x561f9ed73130_0;
    %store/vec4 v0x561f9ed70c00_0, 0, 32;
T_3.6 ;
    %jmp T_3;
    .thread T_3, $push;
    .scope S_0x561f9ed43500;
T_4 ;
    %wait E_0x561f9ed16050;
    %pushi/vec4 0, 0, 1;
    %store/vec4 v0x561f9ed71930_0, 0, 1;
    %load/vec4 v0x561f9ed733b0_0;
    %addi 4, 0, 32;
    %store/vec4 v0x561f9ed73490_0, 0, 32;
    %load/vec4 v0x561f9ed70ce0_0;
    %flag_set/vec4 8;
    %jmp/0xz  T_4.0, 8;
    %load/vec4 v0x561f9ed70880_0;
    %store/vec4 v0x561f9ed73490_0, 0, 32;
    %pushi/vec4 1, 0, 1;
    %store/vec4 v0x561f9ed71930_0, 0, 1;
T_4.0 ;
    %load/vec4 v0x561f9ed71fb0_0;
    %flag_set/vec4 8;
    %jmp/0xz  T_4.2, 8;
    %load/vec4 v0x561f9ed70960_0;
    %store/vec4 v0x561f9ed73490_0, 0, 32;
    %pushi/vec4 1, 0, 1;
    %store/vec4 v0x561f9ed71930_0, 0, 1;
T_4.2 ;
    %jmp T_4;
    .thread T_4, $push;
    .scope S_0x561f9ed43500;
T_5 ;
    %wait E_0x561f9ed11f10;
    %load/vec4 v0x561f9ed73950_0;
    %flag_set/vec4 8;
    %jmp/0xz  T_5.0, 8;
    %pushi/vec4 0, 0, 32;
    %assign/vec4 v0x561f9ed733b0_0, 0;
    %pushi/vec4 19, 0, 32;
    %assign/vec4 v0x561f9ed727f0_0, 0;
    %pushi/vec4 0, 0, 32;
    %assign/vec4 v0x561f9ed728d0_0, 0;
    %jmp T_5.1;
T_5.0 ;
    %load/vec4 v0x561f9ed73210_0;
    %assign/vec4 v0x561f9ed73bc0_0, 0;
    %load/vec4 v0x561f9ed73050_0;
    %assign/vec4 v0x561f9ed73a20_0, 0;
    %load/vec4 v0x561f9ed73130_0;
    %assign/vec4 v0x561f9ed73af0_0, 0;
    %load/vec4 v0x561f9ed70f40_0;
    %flag_set/vec4 8;
    %jmp/0xz  T_5.2, 8;
    %load/vec4 v0x561f9ed715b0_0;
    %load/vec4 v0x561f9ed70da0_0;
    %parti/s 6, 2, 3;
    %pad/u 8;
    %ix/vec4 3;
    %ix/load 4, 0, 0; Constant delay
    %assign/vec4/a/d v0x561f9ed703a0, 0, 4;
T_5.2 ;
    %load/vec4 v0x561f9ed70e80_0;
    %flag_set/vec4 8;
    %jmp/0 T_5.4, 8;
    %load/vec4 v0x561f9ed70440_0;
    %jmp/1 T_5.5, 8;
T_5.4 ; End of true expr.
    %load/vec4 v0x561f9ed71690_0;
    %jmp/0 T_5.5, 8;
 ; End of false expr.
    %blend;
T_5.5;
    %assign/vec4 v0x561f9ed73130_0, 0;
    %load/vec4 v0x561f9ed71000_0;
    %assign/vec4 v0x561f9ed73050_0, 0;
    %load/vec4 v0x561f9ed710e0_0;
    %assign/vec4 v0x561f9ed73210_0, 0;
    %load/vec4 v0x561f9ed70600_0;
    %assign/vec4 v0x561f9ed70da0_0, 0;
    %load/vec4 v0x561f9ed70c00_0;
    %assign/vec4 v0x561f9ed715b0_0, 0;
    %load/vec4 v0x561f9ed722d0_0;
    %assign/vec4 v0x561f9ed71000_0, 0;
    %load/vec4 v0x561f9ed723b0_0;
    %assign/vec4 v0x561f9ed710e0_0, 0;
    %load/vec4 v0x561f9ed72070_0;
    %assign/vec4 v0x561f9ed70e80_0, 0;
    %load/vec4 v0x561f9ed72130_0;
    %assign/vec4 v0x561f9ed70f40_0, 0;
    %load/vec4 v0x561f9ed71fb0_0;
    %flag_set/vec4 8;
    %jmp/0 T_5.6, 8;
    %load/vec4 v0x561f9ed70a40_0;
    %jmp/1 T_5.7, 8;
T_5.6 ; End of true expr.
    %load/vec4 v0x561f9ed70600_0;
    %jmp/0 T_5.7, 8;
 ; End of false expr.
    %blend;
T_5.7;
    %assign/vec4 v0x561f9ed71690_0, 0;
    %load/vec4 v0x561f9ed72f90_0;
    %flag_set/vec4 8;
    %jmp/0xz  T_5.8, 8;
    %pushi/vec4 0, 0, 1;
    %assign/vec4 v0x561f9ed723b0_0, 0;
    %pushi/vec4 0, 0, 1;
    %assign/vec4 v0x561f9ed72070_0, 0;
    %pushi/vec4 0, 0, 1;
    %assign/vec4 v0x561f9ed72130_0, 0;
    %pushi/vec4 0, 0, 1;
    %assign/vec4 v0x561f9ed71ef0_0, 0;
    %pushi/vec4 0, 0, 1;
    %assign/vec4 v0x561f9ed71fb0_0, 0;
    %jmp T_5.9;
T_5.8 ;
    %load/vec4 v0x561f9ed728d0_0;
    %assign/vec4 v0x561f9ed721f0_0, 0;
    %load/vec4 v0x561f9ed73650_0;
    %assign/vec4 v0x561f9ed72550_0, 0;
    %load/vec4 v0x561f9ed73710_0;
    %assign/vec4 v0x561f9ed72710_0, 0;
    %load/vec4 v0x561f9ed737b0_0;
    %assign/vec4 v0x561f9ed72470_0, 0;
    %load/vec4 v0x561f9ed73880_0;
    %assign/vec4 v0x561f9ed72630_0, 0;
    %load/vec4 v0x561f9ed73570_0;
    %assign/vec4 v0x561f9ed722d0_0, 0;
    %load/vec4 v0x561f9ed71770_0;
    %assign/vec4 v0x561f9ed71d30_0, 0;
    %pushi/vec4 0, 0, 1;
    %assign/vec4 v0x561f9ed723b0_0, 0;
    %pushi/vec4 0, 0, 1;
    %assign/vec4 v0x561f9ed72070_0, 0;
    %pushi/vec4 0, 0, 1;
    %assign/vec4 v0x561f9ed72130_0, 0;
    %pushi/vec4 0, 0, 1;
    %assign/vec4 v0x561f9ed71ef0_0, 0;
    %pushi/vec4 0, 0, 1;
    %assign/vec4 v0x561f9ed71fb0_0, 0;
    %pushi/vec4 0, 0, 1;
    %assign/vec4 v0x561f9ed71b90_0, 0;
    %pushi/vec4 0, 0, 4;
    %assign/vec4 v0x561f9ed71c50_0, 0;
    %load/vec4 v0x561f9ed72c10_0;
    %assign/vec4 v0x561f9ed71e10_0, 0;
    %load/vec4 v0x561f9ed732d0_0;
    %dup/vec4;
    %pushi/vec4 51, 0, 7;
    %cmp/u;
    %jmp/1 T_5.10, 6;
    %dup/vec4;
    %pushi/vec4 19, 0, 7;
    %cmp/u;
    %jmp/1 T_5.11, 6;
    %dup/vec4;
    %pushi/vec4 3, 0, 7;
    %cmp/u;
    %jmp/1 T_5.12, 6;
    %dup/vec4;
    %pushi/vec4 35, 0, 7;
    %cmp/u;
    %jmp/1 T_5.13, 6;
    %dup/vec4;
    %pushi/vec4 99, 0, 7;
    %cmp/u;
    %jmp/1 T_5.14, 6;
    %dup/vec4;
    %pushi/vec4 111, 0, 7;
    %cmp/u;
    %jmp/1 T_5.15, 6;
    %pushi/vec4 1, 0, 1;
    %assign/vec4 v0x561f9ed729b0_0, 0;
    %jmp T_5.17;
T_5.10 ;
    %pushi/vec4 1, 0, 1;
    %assign/vec4 v0x561f9ed723b0_0, 0;
    %jmp T_5.17;
T_5.11 ;
    %pushi/vec4 1, 0, 1;
    %assign/vec4 v0x561f9ed723b0_0, 0;
    %pushi/vec4 1, 0, 1;
    %assign/vec4 v0x561f9ed71b90_0, 0;
    %jmp T_5.17;
T_5.12 ;
    %pushi/vec4 1, 0, 1;
    %assign/vec4 v0x561f9ed723b0_0, 0;
    %pushi/vec4 1, 0, 1;
    %assign/vec4 v0x561f9ed72070_0, 0;
    %pushi/vec4 1, 0, 1;
    %assign/vec4 v0x561f9ed71b90_0, 0;
    %jmp T_5.17;
T_5.13 ;
    %pushi/vec4 1, 0, 1;
    %assign/vec4 v0x561f9ed72130_0, 0;
    %pushi/vec4 1, 0, 1;
    %assign/vec4 v0x561f9ed71b90_0, 0;
    %load/vec4 v0x561f9ed72dd0_0;
    %assign/vec4 v0x561f9ed71e10_0, 0;
    %jmp T_5.17;
T_5.14 ;
    %pushi/vec4 1, 0, 1;
    %assign/vec4 v0x561f9ed71ef0_0, 0;
    %load/vec4 v0x561f9ed72b30_0;
    %assign/vec4 v0x561f9ed71e10_0, 0;
    %jmp T_5.17;
T_5.15 ;
    %pushi/vec4 1, 0, 1;
    %assign/vec4 v0x561f9ed723b0_0, 0;
    %pushi/vec4 1, 0, 1;
    %assign/vec4 v0x561f9ed71fb0_0, 0;
    %load/vec4 v0x561f9ed72cf0_0;
    %assign/vec4 v0x561f9ed71e10_0, 0;
    %jmp T_5.17;
T_5.17 ;
    %pop/vec4 1;
T_5.9 ;
    %load/vec4 v0x561f9ed71930_0;
    %flag_set/vec4 8;
    %jmp/0xz  T_5.18, 8;
    %pushi/vec4 19, 0, 32;
    %assign/vec4 v0x561f9ed727f0_0, 0;
    %load/vec4 v0x561f9ed73490_0;
    %assign/vec4 v0x561f9ed733b0_0, 0;
    %jmp T_5.19;
T_5.18 ;
    %load/vec4 v0x561f9ed72f90_0;
    %flag_set/vec4 8;
    %jmp/0xz  T_5.20, 8;
    %load/vec4 v0x561f9ed733b0_0;
    %assign/vec4 v0x561f9ed733b0_0, 0;
    %load/vec4 v0x561f9ed727f0_0;
    %assign/vec4 v0x561f9ed727f0_0, 0;
    %jmp T_5.21;
T_5.20 ;
    %load/vec4 v0x561f9ed733b0_0;
    %assign/vec4 v0x561f9ed728d0_0, 0;
    %load/vec4 v0x561f9ed72eb0_0;
    %assign/vec4 v0x561f9ed727f0_0, 0;
    %load/vec4 v0x561f9ed73490_0;
    %assign/vec4 v0x561f9ed733b0_0, 0;
T_5.21 ;
T_5.19 ;
T_5.1 ;
    %jmp T_5;
    .thread T_5;
    .scope S_0x561f9ed429b0;
T_6 ;
    %pushi/vec4 0, 0, 1;
    %store/vec4 v0x561f9ed73d00_0, 0, 1;
    %end;
    .thread T_6;
    .scope S_0x561f9ed429b0;
T_7 ;
    %delay 5000, 0;
    %load/vec4 v0x561f9ed73d00_0;
    %inv;
    %store/vec4 v0x561f9ed73d00_0, 0, 1;
    %jmp T_7;
    .thread T_7;
    .scope S_0x561f9ed429b0;
T_8 ;
    %vpi_call/w 3 26 "$dumpfile", "build/wave_pipe_alu.vcd" {0 0 0};
    %vpi_call/w 3 27 "$dumpvars", 32'sb00000000000000000000000000000000, S_0x561f9ed429b0 {0 0 0};
    %vpi_call/w 3 29 "$display", "SIM START (PIPE ALU)" {0 0 0};
    %pushi/vec4 1, 0, 1;
    %store/vec4 v0x561f9ed73f50_0, 0, 1;
    %delay 20000, 0;
    %pushi/vec4 0, 0, 1;
    %store/vec4 v0x561f9ed73f50_0, 0, 1;
    %delay 300000, 0;
    %load/vec4 v0x561f9ed73dc0_0;
    %flag_set/vec4 8;
    %jmp/0xz  T_8.0, 8;
    %vpi_call/w 3 35 "$display", "FAIL: illegal_insn=1" {0 0 0};
    %jmp T_8.1;
T_8.0 ;
    %load/vec4 v0x561f9ed74040_0;
    %cmpi/e 12, 0, 32;
    %jmp/0xz  T_8.2, 4;
    %vpi_call/w 3 36 "$display", "PASS: x10=%0d", v0x561f9ed74040_0 {0 0 0};
    %jmp T_8.3;
T_8.2 ;
    %vpi_call/w 3 37 "$display", "FAIL: x10=%0d expected 12", v0x561f9ed74040_0 {0 0 0};
T_8.3 ;
T_8.1 ;
    %vpi_call/w 3 39 "$finish" {0 0 0};
    %end;
    .thread T_8;
# The file index is used to find the file name in the following table.
:file_names 6;
    "N/A";
    "<interactive>";
    "-";
    "tb/tb_core_pipe5.sv";
    "rtl/core_pipe5.sv";
    "rtl/regfile.sv";
