#! /usr/bin/vvp
:ivl_version "11.0 (stable)";
:ivl_delay_selection "TYPICAL";
:vpi_time_precision - 12;
:vpi_module "/usr/lib/x86_64-linux-gnu/ivl/system.vpi";
:vpi_module "/usr/lib/x86_64-linux-gnu/ivl/vhdl_sys.vpi";
:vpi_module "/usr/lib/x86_64-linux-gnu/ivl/vhdl_textio.vpi";
:vpi_module "/usr/lib/x86_64-linux-gnu/ivl/v2005_math.vpi";
:vpi_module "/usr/lib/x86_64-linux-gnu/ivl/va_math.vpi";
:vpi_module "/usr/lib/x86_64-linux-gnu/ivl/v2009.vpi";
S_0x558120cb0640 .scope package, "$unit" "$unit" 2 1;
 .timescale 0 0;
S_0x558120cfe3b0 .scope module, "tb_core_pipe5_branch" "tb_core_pipe5_branch" 3 2;
 .timescale -9 -12;
v0x558120d33240_0 .var "clk", 0 0;
v0x558120d33300_0 .net "illegal", 0 0, v0x558120d31ef0_0;  1 drivers
v0x558120d333c0_0 .net "pc", 31 0, v0x558120d328f0_0;  1 drivers
v0x558120d33490_0 .var "rst", 0 0;
v0x558120d33580_0 .net "x10", 31 0, L_0x558120d47350;  1 drivers
S_0x558120cfef00 .scope module, "dut" "core_pipe5" 3 13, 4 7 0, S_0x558120cfe3b0;
 .timescale -9 -12;
    .port_info 0 /INPUT 1 "clk";
    .port_info 1 /INPUT 1 "rst";
    .port_info 2 /OUTPUT 32 "pc";
    .port_info 3 /OUTPUT 1 "illegal_insn";
    .port_info 4 /OUTPUT 32 "dbg_x10";
P_0x558120c8ec70 .param/l "ALU_ADD" 1 4 94, C4<0000>;
P_0x558120c8ecb0 .param/l "ALU_SUB" 1 4 95, C4<0001>;
P_0x558120c8ecf0 .param/l "DMEM_WORDS" 0 4 11, +C4<00000000000000000000000001000000>;
P_0x558120c8ed30 .param/str "IMEM_HEX" 0 4 10, "build/padded.hex";
P_0x558120c8ed70 .param/l "IMEM_WORDS" 0 4 9, +C4<00000000000000000000000001000000>;
P_0x558120c8edb0 .param/l "NOP" 1 4 25, C4<00000000000000000000000000010011>;
P_0x558120c8edf0 .param/l "XLEN" 0 4 8, +C4<00000000000000000000000000100000>;
L_0x558120cf6aa0 .functor BUFZ 32, L_0x558120d336c0, C4<00000000000000000000000000000000>, C4<00000000000000000000000000000000>, C4<00000000000000000000000000000000>;
L_0x558120cf56e0 .functor BUFZ 32, L_0x558120d474e0, C4<00000000000000000000000000000000>, C4<00000000000000000000000000000000>, C4<00000000000000000000000000000000>;
L_0x558120d47b90 .functor OR 1, L_0x558120d47920, L_0x558120d47620, C4<0>, C4<0>;
L_0x558120d47e80 .functor OR 1, L_0x558120d47b90, L_0x558120d47ca0, C4<0>, C4<0>;
L_0x558120d48310 .functor AND 1, v0x558120d315b0_0, L_0x558120d48080, C4<1>, C4<1>;
L_0x558120d486c0 .functor AND 1, L_0x558120d47e80, L_0x558120d484c0, C4<1>, C4<1>;
L_0x558120d48840 .functor OR 1, L_0x558120d483d0, L_0x558120d486c0, C4<0>, C4<0>;
L_0x558120d48950 .functor AND 1, L_0x558120d48310, L_0x558120d48840, C4<1>, C4<1>;
L_0x558120d48ab0 .functor BUFZ 32, v0x558120d30060_0, C4<00000000000000000000000000000000>, C4<00000000000000000000000000000000>, C4<00000000000000000000000000000000>;
L_0x558120d49070 .functor AND 1, v0x558120d31430_0, L_0x558120d48f30, C4<1>, C4<1>;
v0x558120d2ce90_0 .net *"_ivl_0", 31 0, L_0x558120d336c0;  1 drivers
v0x558120d2cf90_0 .net *"_ivl_100", 31 0, L_0x558120d47f90;  1 drivers
L_0x7feed8bf9528 .functor BUFT 1, C4<000000000000000000000000000>, C4<0>, C4<0>, C4<0>;
v0x558120d2d070_0 .net *"_ivl_103", 26 0, L_0x7feed8bf9528;  1 drivers
L_0x7feed8bf9570 .functor BUFT 1, C4<00000000000000000000000000000000>, C4<0>, C4<0>, C4<0>;
v0x558120d2d130_0 .net/2u *"_ivl_104", 31 0, L_0x7feed8bf9570;  1 drivers
v0x558120d2d210_0 .net *"_ivl_106", 0 0, L_0x558120d48080;  1 drivers
v0x558120d2d2d0_0 .net *"_ivl_109", 0 0, L_0x558120d48310;  1 drivers
v0x558120d2d390_0 .net *"_ivl_110", 0 0, L_0x558120d483d0;  1 drivers
v0x558120d2d450_0 .net *"_ivl_112", 0 0, L_0x558120d484c0;  1 drivers
v0x558120d2d510_0 .net *"_ivl_115", 0 0, L_0x558120d486c0;  1 drivers
v0x558120d2d5d0_0 .net *"_ivl_117", 0 0, L_0x558120d48840;  1 drivers
L_0x7feed8bf95b8 .functor BUFT 1, C4<00000000000000000000000000000100>, C4<0>, C4<0>, C4<0>;
v0x558120d2d690_0 .net/2u *"_ivl_134", 31 0, L_0x7feed8bf95b8;  1 drivers
v0x558120d2d770_0 .net *"_ivl_23", 0 0, L_0x558120d33f50;  1 drivers
v0x558120d2d850_0 .net *"_ivl_24", 19 0, L_0x558120d34050;  1 drivers
v0x558120d2d930_0 .net *"_ivl_27", 11 0, L_0x558120d340f0;  1 drivers
v0x558120d2da10_0 .net *"_ivl_3", 5 0, L_0x558120d33760;  1 drivers
v0x558120d2daf0_0 .net *"_ivl_31", 0 0, L_0x558120d34320;  1 drivers
v0x558120d2dbd0_0 .net *"_ivl_32", 19 0, L_0x558120d34440;  1 drivers
v0x558120d2dcb0_0 .net *"_ivl_35", 6 0, L_0x558120d34900;  1 drivers
v0x558120d2dd90_0 .net *"_ivl_37", 4 0, L_0x558120d34a30;  1 drivers
v0x558120d2de70_0 .net *"_ivl_4", 7 0, L_0x558120d33850;  1 drivers
v0x558120d2df50_0 .net *"_ivl_41", 0 0, L_0x558120d34d40;  1 drivers
v0x558120d2e030_0 .net *"_ivl_42", 18 0, L_0x558120d34de0;  1 drivers
v0x558120d2e110_0 .net *"_ivl_45", 0 0, L_0x558120d34ca0;  1 drivers
v0x558120d2e1f0_0 .net *"_ivl_47", 0 0, L_0x558120d35240;  1 drivers
v0x558120d2e2d0_0 .net *"_ivl_49", 5 0, L_0x558120d353a0;  1 drivers
v0x558120d2e3b0_0 .net *"_ivl_51", 3 0, L_0x558120d35470;  1 drivers
L_0x7feed8bf9060 .functor BUFT 1, C4<0>, C4<0>, C4<0>, C4<0>;
v0x558120d2e490_0 .net/2u *"_ivl_52", 0 0, L_0x7feed8bf9060;  1 drivers
v0x558120d2e570_0 .net *"_ivl_57", 0 0, L_0x558120d35ab0;  1 drivers
v0x558120d2e650_0 .net *"_ivl_58", 10 0, L_0x558120d35c30;  1 drivers
v0x558120d2e730_0 .net *"_ivl_61", 0 0, L_0x558120d35d20;  1 drivers
v0x558120d2e810_0 .net *"_ivl_63", 7 0, L_0x558120d35eb0;  1 drivers
v0x558120d2e8f0_0 .net *"_ivl_65", 0 0, L_0x558120d35f50;  1 drivers
v0x558120d2e9d0_0 .net *"_ivl_67", 9 0, L_0x558120d360f0;  1 drivers
L_0x7feed8bf90a8 .functor BUFT 1, C4<0>, C4<0>, C4<0>, C4<0>;
v0x558120d2ecc0_0 .net/2u *"_ivl_68", 0 0, L_0x7feed8bf90a8;  1 drivers
L_0x7feed8bf9018 .functor BUFT 1, C4<00>, C4<0>, C4<0>, C4<0>;
v0x558120d2eda0_0 .net *"_ivl_7", 1 0, L_0x7feed8bf9018;  1 drivers
v0x558120d2ee80_0 .net *"_ivl_74", 31 0, L_0x558120d474e0;  1 drivers
v0x558120d2ef60_0 .net *"_ivl_77", 5 0, L_0x558120d47580;  1 drivers
v0x558120d2f040_0 .net *"_ivl_78", 7 0, L_0x558120d47740;  1 drivers
L_0x7feed8bf9408 .functor BUFT 1, C4<00>, C4<0>, C4<0>, C4<0>;
v0x558120d2f120_0 .net *"_ivl_81", 1 0, L_0x7feed8bf9408;  1 drivers
L_0x7feed8bf9450 .functor BUFT 1, C4<0110011>, C4<0>, C4<0>, C4<0>;
v0x558120d2f200_0 .net/2u *"_ivl_84", 6 0, L_0x7feed8bf9450;  1 drivers
v0x558120d2f2e0_0 .net *"_ivl_86", 0 0, L_0x558120d47920;  1 drivers
L_0x7feed8bf9498 .functor BUFT 1, C4<0100011>, C4<0>, C4<0>, C4<0>;
v0x558120d2f3a0_0 .net/2u *"_ivl_88", 6 0, L_0x7feed8bf9498;  1 drivers
v0x558120d2f480_0 .net *"_ivl_90", 0 0, L_0x558120d47620;  1 drivers
v0x558120d2f540_0 .net *"_ivl_93", 0 0, L_0x558120d47b90;  1 drivers
L_0x7feed8bf94e0 .functor BUFT 1, C4<1100011>, C4<0>, C4<0>, C4<0>;
v0x558120d2f600_0 .net/2u *"_ivl_94", 6 0, L_0x7feed8bf94e0;  1 drivers
v0x558120d2f6e0_0 .net *"_ivl_96", 0 0, L_0x558120d47ca0;  1 drivers
v0x558120d2f7a0_0 .net "clk", 0 0, v0x558120d33240_0;  1 drivers
v0x558120d2f840_0 .net "dbg_x10", 31 0, L_0x558120d47350;  alias, 1 drivers
v0x558120d2f8e0 .array "dmem", 63 0, 31 0;
v0x558120d2f980_0 .net "dmem_rdata", 31 0, L_0x558120cf56e0;  1 drivers
v0x558120d2fa60_0 .net "ex_a", 31 0, L_0x558120d48ab0;  1 drivers
v0x558120d2fb40_0 .net "ex_alu", 31 0, L_0x558120d48bf0;  1 drivers
v0x558120d2fc20_0 .net "ex_b", 31 0, L_0x558120d48b20;  1 drivers
v0x558120d2fd00_0 .net "ex_beq", 0 0, L_0x558120d48f30;  1 drivers
v0x558120d2fdc0_0 .net "ex_branch_tgt", 31 0, L_0x558120d49190;  1 drivers
v0x558120d2fea0_0 .net "ex_jal_tgt", 31 0, L_0x558120d49420;  1 drivers
v0x558120d2ff80_0 .net "ex_pc_plus4", 31 0, L_0x558120d49510;  1 drivers
v0x558120d30060_0 .var "ex_rs1_fwd", 31 0;
v0x558120d30140_0 .var "ex_rs2_fwd", 31 0;
v0x558120d30220_0 .net "ex_take_branch", 0 0, L_0x558120d49070;  1 drivers
v0x558120d302e0_0 .var "exmem_alu", 31 0;
v0x558120d303c0_0 .var "exmem_is_load", 0 0;
v0x558120d30480_0 .var "exmem_is_store", 0 0;
v0x558120d30540_0 .var "exmem_rd", 4 0;
v0x558120d30620_0 .var "exmem_regwrite", 0 0;
v0x558120d30af0_0 .var "exmem_store_data", 31 0;
v0x558120d30bd0_0 .var "exmem_wb_data", 31 0;
v0x558120d30cb0_0 .net "f3_d", 2 0, L_0x558120d33bf0;  1 drivers
v0x558120d30d90_0 .net "f7_d", 6 0, L_0x558120d33eb0;  1 drivers
v0x558120d30e70_0 .var "flush_ifid", 0 0;
v0x558120d30f30_0 .var/i "i", 31 0;
v0x558120d31010_0 .net "id_uses_rs2", 0 0, L_0x558120d47e80;  1 drivers
v0x558120d310d0_0 .var "idex_alu_imm", 0 0;
v0x558120d31190_0 .var "idex_alu_op", 3 0;
v0x558120d31270_0 .var "idex_f3", 2 0;
v0x558120d31350_0 .var "idex_imm", 31 0;
v0x558120d31430_0 .var "idex_is_branch", 0 0;
v0x558120d314f0_0 .var "idex_is_jal", 0 0;
v0x558120d315b0_0 .var "idex_is_load", 0 0;
v0x558120d31670_0 .var "idex_is_store", 0 0;
v0x558120d31730_0 .var "idex_pc", 31 0;
v0x558120d31810_0 .var "idex_rd", 4 0;
v0x558120d318f0_0 .var "idex_regwrite", 0 0;
v0x558120d319b0_0 .var "idex_rs1", 4 0;
v0x558120d31a90_0 .var "idex_rs1_val", 31 0;
v0x558120d31b70_0 .var "idex_rs2", 4 0;
v0x558120d31c50_0 .var "idex_rs2_val", 31 0;
v0x558120d31d30_0 .var "ifid_instr", 31 0;
v0x558120d31e10_0 .var "ifid_pc", 31 0;
v0x558120d31ef0_0 .var "illegal_insn", 0 0;
v0x558120d31fb0 .array "imem", 63 0, 31 0;
v0x558120d32070_0 .net "imm_b_d", 31 0, L_0x558120d35850;  1 drivers
v0x558120d32150_0 .net "imm_i_d", 31 0, L_0x558120d34200;  1 drivers
v0x558120d32230_0 .net "imm_j_d", 31 0, L_0x558120d361c0;  1 drivers
v0x558120d32310_0 .net "imm_s_d", 31 0, L_0x558120d34b00;  1 drivers
v0x558120d323f0_0 .net "instr_f", 31 0, L_0x558120cf6aa0;  1 drivers
v0x558120d324d0_0 .net "load_use_hazard", 0 0, L_0x558120d48950;  1 drivers
v0x558120d32590_0 .var "memwb_rd", 4 0;
v0x558120d32670_0 .var "memwb_wdata", 31 0;
v0x558120d32750_0 .var "memwb_we", 0 0;
v0x558120d32810_0 .net "op_d", 6 0, L_0x558120d33a30;  1 drivers
v0x558120d328f0_0 .var "pc", 31 0;
v0x558120d329d0_0 .var "pc_next", 31 0;
v0x558120d32ab0_0 .net "rd_d", 4 0, L_0x558120d33b00;  1 drivers
v0x558120d32b90_0 .net "rf_rd1", 31 0, L_0x558120d46980;  1 drivers
v0x558120d32c50_0 .net "rf_rd2", 31 0, L_0x558120d46f60;  1 drivers
v0x558120d32cf0_0 .net "rs1_d", 4 0, L_0x558120d33cd0;  1 drivers
v0x558120d32dc0_0 .net "rs2_d", 4 0, L_0x558120d33dc0;  1 drivers
v0x558120d32e90_0 .net "rst", 0 0, v0x558120d33490_0;  1 drivers
v0x558120d32f60_0 .var "wb_rd", 4 0;
v0x558120d33030_0 .var "wb_wd", 31 0;
v0x558120d33100_0 .var "wb_we", 0 0;
E_0x558120cc6f10 .event posedge, v0x558120d2c1f0_0;
E_0x558120ccb050/0 .event edge, v0x558120d328f0_0, v0x558120d30220_0, v0x558120d2fdc0_0, v0x558120d314f0_0;
E_0x558120ccb050/1 .event edge, v0x558120d2fea0_0;
E_0x558120ccb050 .event/or E_0x558120ccb050/0, E_0x558120ccb050/1;
E_0x558120ca1390/0 .event edge, v0x558120d31a90_0, v0x558120d31c50_0, v0x558120d30620_0, v0x558120d303c0_0;
E_0x558120ca1390/1 .event edge, v0x558120d30540_0, v0x558120d319b0_0, v0x558120d302e0_0, v0x558120d32750_0;
E_0x558120ca1390/2 .event edge, v0x558120d32590_0, v0x558120d32670_0, v0x558120d31b70_0;
E_0x558120ca1390 .event/or E_0x558120ca1390/0, E_0x558120ca1390/1, E_0x558120ca1390/2;
L_0x558120d336c0 .array/port v0x558120d31fb0, L_0x558120d33850;
L_0x558120d33760 .part v0x558120d328f0_0, 2, 6;
L_0x558120d33850 .concat [ 6 2 0 0], L_0x558120d33760, L_0x7feed8bf9018;
L_0x558120d33a30 .part v0x558120d31d30_0, 0, 7;
L_0x558120d33b00 .part v0x558120d31d30_0, 7, 5;
L_0x558120d33bf0 .part v0x558120d31d30_0, 12, 3;
L_0x558120d33cd0 .part v0x558120d31d30_0, 15, 5;
L_0x558120d33dc0 .part v0x558120d31d30_0, 20, 5;
L_0x558120d33eb0 .part v0x558120d31d30_0, 25, 7;
L_0x558120d33f50 .part v0x558120d31d30_0, 31, 1;
LS_0x558120d34050_0_0 .concat [ 1 1 1 1], L_0x558120d33f50, L_0x558120d33f50, L_0x558120d33f50, L_0x558120d33f50;
LS_0x558120d34050_0_4 .concat [ 1 1 1 1], L_0x558120d33f50, L_0x558120d33f50, L_0x558120d33f50, L_0x558120d33f50;
LS_0x558120d34050_0_8 .concat [ 1 1 1 1], L_0x558120d33f50, L_0x558120d33f50, L_0x558120d33f50, L_0x558120d33f50;
LS_0x558120d34050_0_12 .concat [ 1 1 1 1], L_0x558120d33f50, L_0x558120d33f50, L_0x558120d33f50, L_0x558120d33f50;
LS_0x558120d34050_0_16 .concat [ 1 1 1 1], L_0x558120d33f50, L_0x558120d33f50, L_0x558120d33f50, L_0x558120d33f50;
LS_0x558120d34050_1_0 .concat [ 4 4 4 4], LS_0x558120d34050_0_0, LS_0x558120d34050_0_4, LS_0x558120d34050_0_8, LS_0x558120d34050_0_12;
LS_0x558120d34050_1_4 .concat [ 4 0 0 0], LS_0x558120d34050_0_16;
L_0x558120d34050 .concat [ 16 4 0 0], LS_0x558120d34050_1_0, LS_0x558120d34050_1_4;
L_0x558120d340f0 .part v0x558120d31d30_0, 20, 12;
L_0x558120d34200 .concat [ 12 20 0 0], L_0x558120d340f0, L_0x558120d34050;
L_0x558120d34320 .part v0x558120d31d30_0, 31, 1;
LS_0x558120d34440_0_0 .concat [ 1 1 1 1], L_0x558120d34320, L_0x558120d34320, L_0x558120d34320, L_0x558120d34320;
LS_0x558120d34440_0_4 .concat [ 1 1 1 1], L_0x558120d34320, L_0x558120d34320, L_0x558120d34320, L_0x558120d34320;
LS_0x558120d34440_0_8 .concat [ 1 1 1 1], L_0x558120d34320, L_0x558120d34320, L_0x558120d34320, L_0x558120d34320;
LS_0x558120d34440_0_12 .concat [ 1 1 1 1], L_0x558120d34320, L_0x558120d34320, L_0x558120d34320, L_0x558120d34320;
LS_0x558120d34440_0_16 .concat [ 1 1 1 1], L_0x558120d34320, L_0x558120d34320, L_0x558120d34320, L_0x558120d34320;
LS_0x558120d34440_1_0 .concat [ 4 4 4 4], LS_0x558120d34440_0_0, LS_0x558120d34440_0_4, LS_0x558120d34440_0_8, LS_0x558120d34440_0_12;
LS_0x558120d34440_1_4 .concat [ 4 0 0 0], LS_0x558120d34440_0_16;
L_0x558120d34440 .concat [ 16 4 0 0], LS_0x558120d34440_1_0, LS_0x558120d34440_1_4;
L_0x558120d34900 .part v0x558120d31d30_0, 25, 7;
L_0x558120d34a30 .part v0x558120d31d30_0, 7, 5;
L_0x558120d34b00 .concat [ 5 7 20 0], L_0x558120d34a30, L_0x558120d34900, L_0x558120d34440;
L_0x558120d34d40 .part v0x558120d31d30_0, 31, 1;
LS_0x558120d34de0_0_0 .concat [ 1 1 1 1], L_0x558120d34d40, L_0x558120d34d40, L_0x558120d34d40, L_0x558120d34d40;
LS_0x558120d34de0_0_4 .concat [ 1 1 1 1], L_0x558120d34d40, L_0x558120d34d40, L_0x558120d34d40, L_0x558120d34d40;
LS_0x558120d34de0_0_8 .concat [ 1 1 1 1], L_0x558120d34d40, L_0x558120d34d40, L_0x558120d34d40, L_0x558120d34d40;
LS_0x558120d34de0_0_12 .concat [ 1 1 1 1], L_0x558120d34d40, L_0x558120d34d40, L_0x558120d34d40, L_0x558120d34d40;
LS_0x558120d34de0_0_16 .concat [ 1 1 1 0], L_0x558120d34d40, L_0x558120d34d40, L_0x558120d34d40;
LS_0x558120d34de0_1_0 .concat [ 4 4 4 4], LS_0x558120d34de0_0_0, LS_0x558120d34de0_0_4, LS_0x558120d34de0_0_8, LS_0x558120d34de0_0_12;
LS_0x558120d34de0_1_4 .concat [ 3 0 0 0], LS_0x558120d34de0_0_16;
L_0x558120d34de0 .concat [ 16 3 0 0], LS_0x558120d34de0_1_0, LS_0x558120d34de0_1_4;
L_0x558120d34ca0 .part v0x558120d31d30_0, 31, 1;
L_0x558120d35240 .part v0x558120d31d30_0, 7, 1;
L_0x558120d353a0 .part v0x558120d31d30_0, 25, 6;
L_0x558120d35470 .part v0x558120d31d30_0, 8, 4;
LS_0x558120d35850_0_0 .concat [ 1 4 6 1], L_0x7feed8bf9060, L_0x558120d35470, L_0x558120d353a0, L_0x558120d35240;
LS_0x558120d35850_0_4 .concat [ 1 19 0 0], L_0x558120d34ca0, L_0x558120d34de0;
L_0x558120d35850 .concat [ 12 20 0 0], LS_0x558120d35850_0_0, LS_0x558120d35850_0_4;
L_0x558120d35ab0 .part v0x558120d31d30_0, 31, 1;
LS_0x558120d35c30_0_0 .concat [ 1 1 1 1], L_0x558120d35ab0, L_0x558120d35ab0, L_0x558120d35ab0, L_0x558120d35ab0;
LS_0x558120d35c30_0_4 .concat [ 1 1 1 1], L_0x558120d35ab0, L_0x558120d35ab0, L_0x558120d35ab0, L_0x558120d35ab0;
LS_0x558120d35c30_0_8 .concat [ 1 1 1 0], L_0x558120d35ab0, L_0x558120d35ab0, L_0x558120d35ab0;
L_0x558120d35c30 .concat [ 4 4 3 0], LS_0x558120d35c30_0_0, LS_0x558120d35c30_0_4, LS_0x558120d35c30_0_8;
L_0x558120d35d20 .part v0x558120d31d30_0, 31, 1;
L_0x558120d35eb0 .part v0x558120d31d30_0, 12, 8;
L_0x558120d35f50 .part v0x558120d31d30_0, 20, 1;
L_0x558120d360f0 .part v0x558120d31d30_0, 21, 10;
LS_0x558120d361c0_0_0 .concat [ 1 10 1 8], L_0x7feed8bf90a8, L_0x558120d360f0, L_0x558120d35f50, L_0x558120d35eb0;
LS_0x558120d361c0_0_4 .concat [ 1 11 0 0], L_0x558120d35d20, L_0x558120d35c30;
L_0x558120d361c0 .concat [ 20 12 0 0], LS_0x558120d361c0_0_0, LS_0x558120d361c0_0_4;
L_0x558120d474e0 .array/port v0x558120d2f8e0, L_0x558120d47740;
L_0x558120d47580 .part v0x558120d302e0_0, 2, 6;
L_0x558120d47740 .concat [ 6 2 0 0], L_0x558120d47580, L_0x7feed8bf9408;
L_0x558120d47920 .cmp/eq 7, L_0x558120d33a30, L_0x7feed8bf9450;
L_0x558120d47620 .cmp/eq 7, L_0x558120d33a30, L_0x7feed8bf9498;
L_0x558120d47ca0 .cmp/eq 7, L_0x558120d33a30, L_0x7feed8bf94e0;
L_0x558120d47f90 .concat [ 5 27 0 0], v0x558120d31810_0, L_0x7feed8bf9528;
L_0x558120d48080 .cmp/ne 32, L_0x558120d47f90, L_0x7feed8bf9570;
L_0x558120d483d0 .cmp/eq 5, v0x558120d31810_0, L_0x558120d33cd0;
L_0x558120d484c0 .cmp/eq 5, v0x558120d31810_0, L_0x558120d33dc0;
L_0x558120d48b20 .functor MUXZ 32, v0x558120d30140_0, v0x558120d31350_0, v0x558120d310d0_0, C4<>;
L_0x558120d48bf0 .ufunc/vec4 TD_tb_core_pipe5_branch.dut.alu_fn, 32, v0x558120d31190_0, L_0x558120d48ab0, L_0x558120d48b20 (v0x558120cbc2d0_0, v0x558120cbbe50_0, v0x558120cbc140_0) S_0x558120cf9ba0;
L_0x558120d48f30 .cmp/eq 32, v0x558120d30060_0, v0x558120d30140_0;
L_0x558120d49190 .arith/sum 32, v0x558120d31730_0, v0x558120d31350_0;
L_0x558120d49420 .arith/sum 32, v0x558120d31730_0, v0x558120d31350_0;
L_0x558120d49510 .arith/sum 32, v0x558120d31730_0, L_0x7feed8bf95b8;
S_0x558120cf9ba0 .scope function.vec4.s32, "alu_fn" "alu_fn" 4 97, 4 97 0, S_0x558120cfef00;
 .timescale -9 -12;
v0x558120cbbe50_0 .var "a", 31 0;
; Variable alu_fn is vec4 return value of scope S_0x558120cf9ba0
v0x558120cbc140_0 .var "b", 31 0;
v0x558120cbc2d0_0 .var "op", 3 0;
TD_tb_core_pipe5_branch.dut.alu_fn ;
    %load/vec4 v0x558120cbc2d0_0;
    %dup/vec4;
    %pushi/vec4 0, 0, 4;
    %cmp/u;
    %jmp/1 T_0.0, 6;
    %dup/vec4;
    %pushi/vec4 1, 0, 4;
    %cmp/u;
    %jmp/1 T_0.1, 6;
    %pushi/vec4 0, 0, 32;
    %ret/vec4 0, 0, 32;  Assign to alu_fn (store_vec4_to_lval)
    %jmp T_0.3;
T_0.0 ;
    %load/vec4 v0x558120cbbe50_0;
    %load/vec4 v0x558120cbc140_0;
    %add;
    %ret/vec4 0, 0, 32;  Assign to alu_fn (store_vec4_to_lval)
    %jmp T_0.3;
T_0.1 ;
    %load/vec4 v0x558120cbbe50_0;
    %load/vec4 v0x558120cbc140_0;
    %sub;
    %ret/vec4 0, 0, 32;  Assign to alu_fn (store_vec4_to_lval)
    %jmp T_0.3;
T_0.3 ;
    %pop/vec4 1;
    %end;
S_0x558120d2ade0 .scope module, "u_rf" "regfile" 4 61, 5 2 0, S_0x558120cfef00;
 .timescale -9 -12;
    .port_info 0 /INPUT 1 "clk";
    .port_info 1 /INPUT 1 "rst";
    .port_info 2 /INPUT 1 "we";
    .port_info 3 /INPUT 5 "rs1";
    .port_info 4 /INPUT 5 "rs2";
    .port_info 5 /INPUT 5 "rd";
    .port_info 6 /INPUT 32 "wd";
    .port_info 7 /OUTPUT 32 "rd1";
    .port_info 8 /OUTPUT 32 "rd2";
    .port_info 9 /INPUT 5 "dbg_addr";
    .port_info 10 /OUTPUT 32 "dbg_data";
P_0x558120cf6a10 .param/l "REG_COUNT" 0 5 4, +C4<00000000000000000000000000100000>;
P_0x558120cf6a50 .param/l "XLEN" 0 5 3, +C4<00000000000000000000000000100000>;
v0x558120c90db0_0 .net *"_ivl_0", 31 0, L_0x558120d36530;  1 drivers
v0x558120cf6b30_0 .net *"_ivl_10", 31 0, L_0x558120d467c0;  1 drivers
v0x558120cf5750_0 .net *"_ivl_12", 6 0, L_0x558120d46860;  1 drivers
L_0x7feed8bf91c8 .functor BUFT 1, C4<00>, C4<0>, C4<0>, C4<0>;
v0x558120d2b160_0 .net *"_ivl_15", 1 0, L_0x7feed8bf91c8;  1 drivers
v0x558120d2b240_0 .net *"_ivl_18", 31 0, L_0x558120d46b60;  1 drivers
L_0x7feed8bf9210 .functor BUFT 1, C4<000000000000000000000000000>, C4<0>, C4<0>, C4<0>;
v0x558120d2b370_0 .net *"_ivl_21", 26 0, L_0x7feed8bf9210;  1 drivers
L_0x7feed8bf9258 .functor BUFT 1, C4<00000000000000000000000000000000>, C4<0>, C4<0>, C4<0>;
v0x558120d2b450_0 .net/2u *"_ivl_22", 31 0, L_0x7feed8bf9258;  1 drivers
v0x558120d2b530_0 .net *"_ivl_24", 0 0, L_0x558120d46c90;  1 drivers
L_0x7feed8bf92a0 .functor BUFT 1, C4<00000000000000000000000000000000>, C4<0>, C4<0>, C4<0>;
v0x558120d2b5f0_0 .net/2u *"_ivl_26", 31 0, L_0x7feed8bf92a0;  1 drivers
v0x558120d2b6d0_0 .net *"_ivl_28", 31 0, L_0x558120d46d80;  1 drivers
L_0x7feed8bf90f0 .functor BUFT 1, C4<000000000000000000000000000>, C4<0>, C4<0>, C4<0>;
v0x558120d2b7b0_0 .net *"_ivl_3", 26 0, L_0x7feed8bf90f0;  1 drivers
v0x558120d2b890_0 .net *"_ivl_30", 6 0, L_0x558120d46e70;  1 drivers
L_0x7feed8bf92e8 .functor BUFT 1, C4<00>, C4<0>, C4<0>, C4<0>;
v0x558120d2b970_0 .net *"_ivl_33", 1 0, L_0x7feed8bf92e8;  1 drivers
L_0x7feed8bf9600 .functor BUFT 1, C4<00000000000000000000000000001010>, C4<0>, C4<0>, C4<0>;
v0x558120d2ba50_0 .net *"_ivl_36", 31 0, L_0x7feed8bf9600;  1 drivers
L_0x7feed8bf9138 .functor BUFT 1, C4<00000000000000000000000000000000>, C4<0>, C4<0>, C4<0>;
v0x558120d2bb30_0 .net/2u *"_ivl_4", 31 0, L_0x7feed8bf9138;  1 drivers
L_0x7feed8bf9330 .functor BUFT 1, C4<00000000000000000000000000000000>, C4<0>, C4<0>, C4<0>;
v0x558120d2bc10_0 .net/2u *"_ivl_40", 31 0, L_0x7feed8bf9330;  1 drivers
v0x558120d2bcf0_0 .net *"_ivl_42", 0 0, L_0x558120d47150;  1 drivers
L_0x7feed8bf9378 .functor BUFT 1, C4<00000000000000000000000000000000>, C4<0>, C4<0>, C4<0>;
v0x558120d2bdb0_0 .net/2u *"_ivl_44", 31 0, L_0x7feed8bf9378;  1 drivers
v0x558120d2be90_0 .net *"_ivl_46", 31 0, L_0x558120d47240;  1 drivers
L_0x7feed8bf9648 .functor BUFT 1, C4<0001010>, C4<0>, C4<0>, C4<0>;
v0x558120d2bf70_0 .net *"_ivl_48", 6 0, L_0x7feed8bf9648;  1 drivers
v0x558120d2c050_0 .net *"_ivl_6", 0 0, L_0x558120d46680;  1 drivers
L_0x7feed8bf9180 .functor BUFT 1, C4<00000000000000000000000000000000>, C4<0>, C4<0>, C4<0>;
v0x558120d2c110_0 .net/2u *"_ivl_8", 31 0, L_0x7feed8bf9180;  1 drivers
v0x558120d2c1f0_0 .net "clk", 0 0, v0x558120d33240_0;  alias, 1 drivers
L_0x7feed8bf93c0 .functor BUFT 1, C4<01010>, C4<0>, C4<0>, C4<0>;
v0x558120d2c2b0_0 .net "dbg_addr", 4 0, L_0x7feed8bf93c0;  1 drivers
v0x558120d2c390_0 .net "dbg_data", 31 0, L_0x558120d47350;  alias, 1 drivers
v0x558120d2c470_0 .var/i "i", 31 0;
v0x558120d2c550_0 .net "rd", 4 0, v0x558120d32f60_0;  1 drivers
v0x558120d2c630_0 .net "rd1", 31 0, L_0x558120d46980;  alias, 1 drivers
v0x558120d2c710_0 .net "rd2", 31 0, L_0x558120d46f60;  alias, 1 drivers
v0x558120d2c7f0 .array "regs", 31 0, 31 0;
v0x558120d2c8b0_0 .net "rs1", 4 0, L_0x558120d33cd0;  alias, 1 drivers
v0x558120d2c990_0 .net "rs2", 4 0, L_0x558120d33dc0;  alias, 1 drivers
v0x558120d2ca70_0 .net "rst", 0 0, v0x558120d33490_0;  alias, 1 drivers
v0x558120d2cb30_0 .net "wd", 31 0, v0x558120d33030_0;  1 drivers
v0x558120d2cc10_0 .net "we", 0 0, v0x558120d33100_0;  1 drivers
E_0x558120d0f560 .event negedge, v0x558120d2c1f0_0;
L_0x558120d36530 .concat [ 5 27 0 0], L_0x558120d33cd0, L_0x7feed8bf90f0;
L_0x558120d46680 .cmp/eq 32, L_0x558120d36530, L_0x7feed8bf9138;
L_0x558120d467c0 .array/port v0x558120d2c7f0, L_0x558120d46860;
L_0x558120d46860 .concat [ 5 2 0 0], L_0x558120d33cd0, L_0x7feed8bf91c8;
L_0x558120d46980 .functor MUXZ 32, L_0x558120d467c0, L_0x7feed8bf9180, L_0x558120d46680, C4<>;
L_0x558120d46b60 .concat [ 5 27 0 0], L_0x558120d33dc0, L_0x7feed8bf9210;
L_0x558120d46c90 .cmp/eq 32, L_0x558120d46b60, L_0x7feed8bf9258;
L_0x558120d46d80 .array/port v0x558120d2c7f0, L_0x558120d46e70;
L_0x558120d46e70 .concat [ 5 2 0 0], L_0x558120d33dc0, L_0x7feed8bf92e8;
L_0x558120d46f60 .functor MUXZ 32, L_0x558120d46d80, L_0x7feed8bf92a0, L_0x558120d46c90, C4<>;
L_0x558120d47150 .cmp/eq 32, L_0x7feed8bf9600, L_0x7feed8bf9330;
L_0x558120d47240 .array/port v0x558120d2c7f0, L_0x7feed8bf9648;
L_0x558120d47350 .functor MUXZ 32, L_0x558120d47240, L_0x7feed8bf9378, L_0x558120d47150, C4<>;
    .scope S_0x558120d2ade0;
T_1 ;
    %wait E_0x558120d0f560;
    %load/vec4 v0x558120d2ca70_0;
    %flag_set/vec4 8;
    %jmp/0xz  T_1.0, 8;
    %pushi/vec4 0, 0, 32;
    %store/vec4 v0x558120d2c470_0, 0, 32;
T_1.2 ;
    %load/vec4 v0x558120d2c470_0;
    %cmpi/s 32, 0, 32;
    %jmp/0xz T_1.3, 5;
    %pushi/vec4 0, 0, 32;
    %ix/getv/s 3, v0x558120d2c470_0;
    %ix/load 4, 0, 0; Constant delay
    %assign/vec4/a/d v0x558120d2c7f0, 0, 4;
    %load/vec4 v0x558120d2c470_0;
    %addi 1, 0, 32;
    %store/vec4 v0x558120d2c470_0, 0, 32;
    %jmp T_1.2;
T_1.3 ;
    %jmp T_1.1;
T_1.0 ;
    %load/vec4 v0x558120d2cc10_0;
    %load/vec4 v0x558120d2c550_0;
    %pad/u 32;
    %pushi/vec4 0, 0, 32;
    %cmp/ne;
    %flag_get/vec4 4;
    %and;
    %flag_set/vec4 8;
    %jmp/0xz  T_1.4, 8;
    %load/vec4 v0x558120d2cb30_0;
    %load/vec4 v0x558120d2c550_0;
    %pad/u 7;
    %ix/vec4 3;
    %ix/load 4, 0, 0; Constant delay
    %assign/vec4/a/d v0x558120d2c7f0, 0, 4;
T_1.4 ;
T_1.1 ;
    %jmp T_1;
    .thread T_1;
    .scope S_0x558120cfef00;
T_2 ;
    %pushi/vec4 0, 0, 32;
    %store/vec4 v0x558120d30f30_0, 0, 32;
T_2.0 ;
    %load/vec4 v0x558120d30f30_0;
    %cmpi/s 64, 0, 32;
    %jmp/0xz T_2.1, 5;
    %pushi/vec4 19, 0, 32;
    %ix/getv/s 4, v0x558120d30f30_0;
    %store/vec4a v0x558120d31fb0, 4, 0;
    %load/vec4 v0x558120d30f30_0;
    %addi 1, 0, 32;
    %store/vec4 v0x558120d30f30_0, 0, 32;
    %jmp T_2.0;
T_2.1 ;
    %pushi/vec4 0, 0, 32;
    %store/vec4 v0x558120d30f30_0, 0, 32;
T_2.2 ;
    %load/vec4 v0x558120d30f30_0;
    %cmpi/s 64, 0, 32;
    %jmp/0xz T_2.3, 5;
    %pushi/vec4 0, 0, 32;
    %ix/getv/s 4, v0x558120d30f30_0;
    %store/vec4a v0x558120d2f8e0, 4, 0;
    %load/vec4 v0x558120d30f30_0;
    %addi 1, 0, 32;
    %store/vec4 v0x558120d30f30_0, 0, 32;
    %jmp T_2.2;
T_2.3 ;
    %vpi_call/w 4 32 "$readmemh", P_0x558120c8ed30, v0x558120d31fb0 {0 0 0};
    %end;
    .thread T_2;
    .scope S_0x558120cfef00;
T_3 ;
    %wait E_0x558120ca1390;
    %load/vec4 v0x558120d31a90_0;
    %store/vec4 v0x558120d30060_0, 0, 32;
    %load/vec4 v0x558120d31c50_0;
    %store/vec4 v0x558120d30140_0, 0, 32;
    %load/vec4 v0x558120d30620_0;
    %load/vec4 v0x558120d303c0_0;
    %nor/r;
    %and;
    %load/vec4 v0x558120d30540_0;
    %pad/u 32;
    %pushi/vec4 0, 0, 32;
    %cmp/ne;
    %flag_get/vec4 4;
    %and;
    %load/vec4 v0x558120d30540_0;
    %load/vec4 v0x558120d319b0_0;
    %cmp/e;
    %flag_get/vec4 4;
    %and;
    %flag_set/vec4 8;
    %jmp/0xz  T_3.0, 8;
    %load/vec4 v0x558120d302e0_0;
    %store/vec4 v0x558120d30060_0, 0, 32;
    %jmp T_3.1;
T_3.0 ;
    %load/vec4 v0x558120d32750_0;
    %load/vec4 v0x558120d32590_0;
    %pad/u 32;
    %pushi/vec4 0, 0, 32;
    %cmp/ne;
    %flag_get/vec4 4;
    %and;
    %load/vec4 v0x558120d32590_0;
    %load/vec4 v0x558120d319b0_0;
    %cmp/e;
    %flag_get/vec4 4;
    %and;
    %flag_set/vec4 8;
    %jmp/0xz  T_3.2, 8;
    %load/vec4 v0x558120d32670_0;
    %store/vec4 v0x558120d30060_0, 0, 32;
T_3.2 ;
T_3.1 ;
    %load/vec4 v0x558120d30620_0;
    %load/vec4 v0x558120d303c0_0;
    %nor/r;
    %and;
    %load/vec4 v0x558120d30540_0;
    %pad/u 32;
    %pushi/vec4 0, 0, 32;
    %cmp/ne;
    %flag_get/vec4 4;
    %and;
    %load/vec4 v0x558120d30540_0;
    %load/vec4 v0x558120d31b70_0;
    %cmp/e;
    %flag_get/vec4 4;
    %and;
    %flag_set/vec4 8;
    %jmp/0xz  T_3.4, 8;
    %load/vec4 v0x558120d302e0_0;
    %store/vec4 v0x558120d30140_0, 0, 32;
    %jmp T_3.5;
T_3.4 ;
    %load/vec4 v0x558120d32750_0;
    %load/vec4 v0x558120d32590_0;
    %pad/u 32;
    %pushi/vec4 0, 0, 32;
    %cmp/ne;
    %flag_get/vec4 4;
    %and;
    %load/vec4 v0x558120d32590_0;
    %load/vec4 v0x558120d31b70_0;
    %cmp/e;
    %flag_get/vec4 4;
    %and;
    %flag_set/vec4 8;
    %jmp/0xz  T_3.6, 8;
    %load/vec4 v0x558120d32670_0;
    %store/vec4 v0x558120d30140_0, 0, 32;
T_3.6 ;
T_3.5 ;
    %jmp T_3;
    .thread T_3, $push;
    .scope S_0x558120cfef00;
T_4 ;
    %wait E_0x558120ccb050;
    %pushi/vec4 0, 0, 1;
    %store/vec4 v0x558120d30e70_0, 0, 1;
    %load/vec4 v0x558120d328f0_0;
    %addi 4, 0, 32;
    %store/vec4 v0x558120d329d0_0, 0, 32;
    %load/vec4 v0x558120d30220_0;
    %flag_set/vec4 8;
    %jmp/0xz  T_4.0, 8;
    %load/vec4 v0x558120d2fdc0_0;
    %store/vec4 v0x558120d329d0_0, 0, 32;
    %pushi/vec4 1, 0, 1;
    %store/vec4 v0x558120d30e70_0, 0, 1;
T_4.0 ;
    %load/vec4 v0x558120d314f0_0;
    %flag_set/vec4 8;
    %jmp/0xz  T_4.2, 8;
    %load/vec4 v0x558120d2fea0_0;
    %store/vec4 v0x558120d329d0_0, 0, 32;
    %pushi/vec4 1, 0, 1;
    %store/vec4 v0x558120d30e70_0, 0, 1;
T_4.2 ;
    %jmp T_4;
    .thread T_4, $push;
    .scope S_0x558120cfef00;
T_5 ;
    %wait E_0x558120cc6f10;
    %load/vec4 v0x558120d32e90_0;
    %flag_set/vec4 8;
    %jmp/0xz  T_5.0, 8;
    %pushi/vec4 0, 0, 32;
    %assign/vec4 v0x558120d328f0_0, 0;
    %pushi/vec4 19, 0, 32;
    %assign/vec4 v0x558120d31d30_0, 0;
    %pushi/vec4 0, 0, 32;
    %assign/vec4 v0x558120d31e10_0, 0;
    %pushi/vec4 0, 0, 1;
    %assign/vec4 v0x558120d31ef0_0, 0;
    %pushi/vec4 0, 0, 1;
    %assign/vec4 v0x558120d33100_0, 0;
    %pushi/vec4 0, 0, 5;
    %assign/vec4 v0x558120d32f60_0, 0;
    %pushi/vec4 0, 0, 32;
    %assign/vec4 v0x558120d33030_0, 0;
    %pushi/vec4 0, 0, 32;
    %assign/vec4 v0x558120d32670_0, 0;
    %pushi/vec4 0, 0, 5;
    %assign/vec4 v0x558120d32590_0, 0;
    %pushi/vec4 0, 0, 1;
    %assign/vec4 v0x558120d32750_0, 0;
    %pushi/vec4 0, 0, 32;
    %assign/vec4 v0x558120d302e0_0, 0;
    %pushi/vec4 0, 0, 32;
    %assign/vec4 v0x558120d30af0_0, 0;
    %pushi/vec4 0, 0, 32;
    %assign/vec4 v0x558120d30bd0_0, 0;
    %pushi/vec4 0, 0, 5;
    %assign/vec4 v0x558120d30540_0, 0;
    %pushi/vec4 0, 0, 1;
    %assign/vec4 v0x558120d30620_0, 0;
    %pushi/vec4 0, 0, 1;
    %assign/vec4 v0x558120d303c0_0, 0;
    %pushi/vec4 0, 0, 1;
    %assign/vec4 v0x558120d30480_0, 0;
    %pushi/vec4 0, 0, 32;
    %assign/vec4 v0x558120d31730_0, 0;
    %pushi/vec4 0, 0, 32;
    %assign/vec4 v0x558120d31a90_0, 0;
    %pushi/vec4 0, 0, 32;
    %assign/vec4 v0x558120d31c50_0, 0;
    %pushi/vec4 0, 0, 32;
    %assign/vec4 v0x558120d31350_0, 0;
    %pushi/vec4 0, 0, 5;
    %assign/vec4 v0x558120d31810_0, 0;
    %pushi/vec4 0, 0, 5;
    %assign/vec4 v0x558120d319b0_0, 0;
    %pushi/vec4 0, 0, 5;
    %assign/vec4 v0x558120d31b70_0, 0;
    %pushi/vec4 0, 0, 3;
    %assign/vec4 v0x558120d31270_0, 0;
    %pushi/vec4 0, 0, 1;
    %assign/vec4 v0x558120d318f0_0, 0;
    %pushi/vec4 0, 0, 1;
    %assign/vec4 v0x558120d315b0_0, 0;
    %pushi/vec4 0, 0, 1;
    %assign/vec4 v0x558120d31670_0, 0;
    %pushi/vec4 0, 0, 1;
    %assign/vec4 v0x558120d31430_0, 0;
    %pushi/vec4 0, 0, 1;
    %assign/vec4 v0x558120d314f0_0, 0;
    %pushi/vec4 0, 0, 1;
    %assign/vec4 v0x558120d310d0_0, 0;
    %pushi/vec4 0, 0, 4;
    %assign/vec4 v0x558120d31190_0, 0;
    %jmp T_5.1;
T_5.0 ;
    %pushi/vec4 0, 0, 1;
    %assign/vec4 v0x558120d31ef0_0, 0;
    %load/vec4 v0x558120d32750_0;
    %assign/vec4 v0x558120d33100_0, 0;
    %load/vec4 v0x558120d32590_0;
    %assign/vec4 v0x558120d32f60_0, 0;
    %load/vec4 v0x558120d32670_0;
    %assign/vec4 v0x558120d33030_0, 0;
    %load/vec4 v0x558120d30480_0;
    %flag_set/vec4 8;
    %jmp/0xz  T_5.2, 8;
    %load/vec4 v0x558120d30af0_0;
    %load/vec4 v0x558120d302e0_0;
    %parti/s 6, 2, 3;
    %pad/u 8;
    %ix/vec4 3;
    %ix/load 4, 0, 0; Constant delay
    %assign/vec4/a/d v0x558120d2f8e0, 0, 4;
T_5.2 ;
    %load/vec4 v0x558120d303c0_0;
    %flag_set/vec4 8;
    %jmp/0 T_5.4, 8;
    %load/vec4 v0x558120d2f980_0;
    %jmp/1 T_5.5, 8;
T_5.4 ; End of true expr.
    %load/vec4 v0x558120d30bd0_0;
    %jmp/0 T_5.5, 8;
 ; End of false expr.
    %blend;
T_5.5;
    %assign/vec4 v0x558120d32670_0, 0;
    %load/vec4 v0x558120d30540_0;
    %assign/vec4 v0x558120d32590_0, 0;
    %load/vec4 v0x558120d30620_0;
    %assign/vec4 v0x558120d32750_0, 0;
    %load/vec4 v0x558120d2fb40_0;
    %assign/vec4 v0x558120d302e0_0, 0;
    %load/vec4 v0x558120d30140_0;
    %assign/vec4 v0x558120d30af0_0, 0;
    %load/vec4 v0x558120d31810_0;
    %assign/vec4 v0x558120d30540_0, 0;
    %load/vec4 v0x558120d318f0_0;
    %assign/vec4 v0x558120d30620_0, 0;
    %load/vec4 v0x558120d315b0_0;
    %assign/vec4 v0x558120d303c0_0, 0;
    %load/vec4 v0x558120d31670_0;
    %assign/vec4 v0x558120d30480_0, 0;
    %load/vec4 v0x558120d314f0_0;
    %flag_set/vec4 8;
    %jmp/0 T_5.6, 8;
    %load/vec4 v0x558120d2ff80_0;
    %jmp/1 T_5.7, 8;
T_5.6 ; End of true expr.
    %load/vec4 v0x558120d2fb40_0;
    %jmp/0 T_5.7, 8;
 ; End of false expr.
    %blend;
T_5.7;
    %assign/vec4 v0x558120d30bd0_0, 0;
    %load/vec4 v0x558120d324d0_0;
    %flag_set/vec4 8;
    %load/vec4 v0x558120d30e70_0;
    %flag_set/vec4 9;
    %flag_or 9, 8;
    %jmp/0xz  T_5.8, 9;
    %pushi/vec4 0, 0, 32;
    %assign/vec4 v0x558120d31730_0, 0;
    %pushi/vec4 0, 0, 32;
    %assign/vec4 v0x558120d31a90_0, 0;
    %pushi/vec4 0, 0, 32;
    %assign/vec4 v0x558120d31c50_0, 0;
    %pushi/vec4 0, 0, 32;
    %assign/vec4 v0x558120d31350_0, 0;
    %pushi/vec4 0, 0, 5;
    %assign/vec4 v0x558120d31810_0, 0;
    %pushi/vec4 0, 0, 5;
    %assign/vec4 v0x558120d319b0_0, 0;
    %pushi/vec4 0, 0, 5;
    %assign/vec4 v0x558120d31b70_0, 0;
    %pushi/vec4 0, 0, 3;
    %assign/vec4 v0x558120d31270_0, 0;
    %pushi/vec4 0, 0, 1;
    %assign/vec4 v0x558120d318f0_0, 0;
    %pushi/vec4 0, 0, 1;
    %assign/vec4 v0x558120d315b0_0, 0;
    %pushi/vec4 0, 0, 1;
    %assign/vec4 v0x558120d31670_0, 0;
    %pushi/vec4 0, 0, 1;
    %assign/vec4 v0x558120d31430_0, 0;
    %pushi/vec4 0, 0, 1;
    %assign/vec4 v0x558120d314f0_0, 0;
    %pushi/vec4 0, 0, 1;
    %assign/vec4 v0x558120d310d0_0, 0;
    %pushi/vec4 0, 0, 4;
    %assign/vec4 v0x558120d31190_0, 0;
    %jmp T_5.9;
T_5.8 ;
    %load/vec4 v0x558120d31e10_0;
    %assign/vec4 v0x558120d31730_0, 0;
    %load/vec4 v0x558120d32b90_0;
    %assign/vec4 v0x558120d31a90_0, 0;
    %load/vec4 v0x558120d32c50_0;
    %assign/vec4 v0x558120d31c50_0, 0;
    %load/vec4 v0x558120d32cf0_0;
    %assign/vec4 v0x558120d319b0_0, 0;
    %load/vec4 v0x558120d32dc0_0;
    %assign/vec4 v0x558120d31b70_0, 0;
    %load/vec4 v0x558120d32ab0_0;
    %assign/vec4 v0x558120d31810_0, 0;
    %load/vec4 v0x558120d30cb0_0;
    %assign/vec4 v0x558120d31270_0, 0;
    %pushi/vec4 0, 0, 1;
    %assign/vec4 v0x558120d318f0_0, 0;
    %pushi/vec4 0, 0, 1;
    %assign/vec4 v0x558120d315b0_0, 0;
    %pushi/vec4 0, 0, 1;
    %assign/vec4 v0x558120d31670_0, 0;
    %pushi/vec4 0, 0, 1;
    %assign/vec4 v0x558120d31430_0, 0;
    %pushi/vec4 0, 0, 1;
    %assign/vec4 v0x558120d314f0_0, 0;
    %pushi/vec4 0, 0, 1;
    %assign/vec4 v0x558120d310d0_0, 0;
    %pushi/vec4 0, 0, 4;
    %assign/vec4 v0x558120d31190_0, 0;
    %load/vec4 v0x558120d32150_0;
    %assign/vec4 v0x558120d31350_0, 0;
    %load/vec4 v0x558120d32810_0;
    %dup/vec4;
    %pushi/vec4 51, 0, 7;
    %cmp/u;
    %jmp/1 T_5.10, 6;
    %dup/vec4;
    %pushi/vec4 19, 0, 7;
    %cmp/u;
    %jmp/1 T_5.11, 6;
    %dup/vec4;
    %pushi/vec4 3, 0, 7;
    %cmp/u;
    %jmp/1 T_5.12, 6;
    %dup/vec4;
    %pushi/vec4 35, 0, 7;
    %cmp/u;
    %jmp/1 T_5.13, 6;
    %dup/vec4;
    %pushi/vec4 99, 0, 7;
    %cmp/u;
    %jmp/1 T_5.14, 6;
    %dup/vec4;
    %pushi/vec4 111, 0, 7;
    %cmp/u;
    %jmp/1 T_5.15, 6;
    %dup/vec4;
    %pushi/vec4 0, 0, 7;
    %cmp/u;
    %jmp/1 T_5.16, 6;
    %pushi/vec4 1, 0, 1;
    %assign/vec4 v0x558120d31ef0_0, 0;
    %jmp T_5.18;
T_5.10 ;
    %pushi/vec4 1, 0, 1;
    %assign/vec4 v0x558120d318f0_0, 0;
    %load/vec4 v0x558120d30cb0_0;
    %pushi/vec4 0, 0, 3;
    %cmp/e;
    %flag_get/vec4 4;
    %load/vec4 v0x558120d30d90_0;
    %pushi/vec4 32, 0, 7;
    %cmp/e;
    %flag_get/vec4 4;
    %and;
    %flag_set/vec4 8;
    %jmp/0xz  T_5.19, 8;
    %pushi/vec4 1, 0, 4;
    %assign/vec4 v0x558120d31190_0, 0;
    %jmp T_5.20;
T_5.19 ;
    %pushi/vec4 0, 0, 4;
    %assign/vec4 v0x558120d31190_0, 0;
T_5.20 ;
    %jmp T_5.18;
T_5.11 ;
    %pushi/vec4 1, 0, 1;
    %assign/vec4 v0x558120d318f0_0, 0;
    %pushi/vec4 1, 0, 1;
    %assign/vec4 v0x558120d310d0_0, 0;
    %pushi/vec4 0, 0, 4;
    %assign/vec4 v0x558120d31190_0, 0;
    %jmp T_5.18;
T_5.12 ;
    %pushi/vec4 1, 0, 1;
    %assign/vec4 v0x558120d318f0_0, 0;
    %pushi/vec4 1, 0, 1;
    %assign/vec4 v0x558120d315b0_0, 0;
    %pushi/vec4 1, 0, 1;
    %assign/vec4 v0x558120d310d0_0, 0;
    %pushi/vec4 0, 0, 4;
    %assign/vec4 v0x558120d31190_0, 0;
    %jmp T_5.18;
T_5.13 ;
    %pushi/vec4 1, 0, 1;
    %assign/vec4 v0x558120d31670_0, 0;
    %pushi/vec4 1, 0, 1;
    %assign/vec4 v0x558120d310d0_0, 0;
    %pushi/vec4 0, 0, 4;
    %assign/vec4 v0x558120d31190_0, 0;
    %load/vec4 v0x558120d32310_0;
    %assign/vec4 v0x558120d31350_0, 0;
    %jmp T_5.18;
T_5.14 ;
    %pushi/vec4 1, 0, 1;
    %assign/vec4 v0x558120d31430_0, 0;
    %load/vec4 v0x558120d32070_0;
    %assign/vec4 v0x558120d31350_0, 0;
    %pushi/vec4 1, 0, 4;
    %assign/vec4 v0x558120d31190_0, 0;
    %jmp T_5.18;
T_5.15 ;
    %pushi/vec4 1, 0, 1;
    %assign/vec4 v0x558120d318f0_0, 0;
    %pushi/vec4 1, 0, 1;
    %assign/vec4 v0x558120d314f0_0, 0;
    %load/vec4 v0x558120d32230_0;
    %assign/vec4 v0x558120d31350_0, 0;
    %jmp T_5.18;
T_5.16 ;
    %jmp T_5.18;
T_5.18 ;
    %pop/vec4 1;
T_5.9 ;
    %load/vec4 v0x558120d30e70_0;
    %flag_set/vec4 8;
    %jmp/0xz  T_5.21, 8;
    %pushi/vec4 0, 0, 32;
    %assign/vec4 v0x558120d31e10_0, 0;
    %pushi/vec4 19, 0, 32;
    %assign/vec4 v0x558120d31d30_0, 0;
    %load/vec4 v0x558120d329d0_0;
    %assign/vec4 v0x558120d328f0_0, 0;
    %jmp T_5.22;
T_5.21 ;
    %load/vec4 v0x558120d324d0_0;
    %flag_set/vec4 8;
    %jmp/0xz  T_5.23, 8;
    %load/vec4 v0x558120d328f0_0;
    %assign/vec4 v0x558120d328f0_0, 0;
    %load/vec4 v0x558120d31e10_0;
    %assign/vec4 v0x558120d31e10_0, 0;
    %load/vec4 v0x558120d31d30_0;
    %assign/vec4 v0x558120d31d30_0, 0;
    %jmp T_5.24;
T_5.23 ;
    %load/vec4 v0x558120d328f0_0;
    %assign/vec4 v0x558120d31e10_0, 0;
    %load/vec4 v0x558120d323f0_0;
    %assign/vec4 v0x558120d31d30_0, 0;
    %load/vec4 v0x558120d329d0_0;
    %assign/vec4 v0x558120d328f0_0, 0;
T_5.24 ;
T_5.22 ;
T_5.1 ;
    %jmp T_5;
    .thread T_5;
    .scope S_0x558120cfe3b0;
T_6 ;
    %pushi/vec4 0, 0, 1;
    %store/vec4 v0x558120d33240_0, 0, 1;
    %end;
    .thread T_6;
    .scope S_0x558120cfe3b0;
T_7 ;
    %delay 5000, 0;
    %load/vec4 v0x558120d33240_0;
    %inv;
    %store/vec4 v0x558120d33240_0, 0, 1;
    %jmp T_7;
    .thread T_7;
    .scope S_0x558120cfe3b0;
T_8 ;
    %vpi_call/w 3 25 "$display", "SIM START (PIPE BRANCH)" {0 0 0};
    %pushi/vec4 1, 0, 1;
    %store/vec4 v0x558120d33490_0, 0, 1;
    %delay 20000, 0;
    %pushi/vec4 0, 0, 1;
    %store/vec4 v0x558120d33490_0, 0, 1;
    %delay 500000, 0;
    %load/vec4 v0x558120d33300_0;
    %flag_set/vec4 8;
    %jmp/0xz  T_8.0, 8;
    %vpi_call/w 3 30 "$display", "FAIL: illegal_insn=1" {0 0 0};
    %jmp T_8.1;
T_8.0 ;
    %load/vec4 v0x558120d33580_0;
    %cmpi/e 12, 0, 32;
    %jmp/0xz  T_8.2, 4;
    %vpi_call/w 3 31 "$display", "PASS: x10=%0d", v0x558120d33580_0 {0 0 0};
    %jmp T_8.3;
T_8.2 ;
    %vpi_call/w 3 32 "$display", "FAIL: x10=%0d expected 12", v0x558120d33580_0 {0 0 0};
T_8.3 ;
T_8.1 ;
    %vpi_call/w 3 34 "$finish" {0 0 0};
    %end;
    .thread T_8;
# The file index is used to find the file name in the following table.
:file_names 6;
    "N/A";
    "<interactive>";
    "-";
    "tb/tb_core_pipe5_branch.sv";
    "rtl/core_pipe5.sv";
    "rtl/regfile.sv";
