#! /usr/bin/vvp
:ivl_version "11.0 (stable)";
:ivl_delay_selection "TYPICAL";
:vpi_time_precision + 0;
:vpi_module "/usr/lib/x86_64-linux-gnu/ivl/system.vpi";
:vpi_module "/usr/lib/x86_64-linux-gnu/ivl/vhdl_sys.vpi";
:vpi_module "/usr/lib/x86_64-linux-gnu/ivl/vhdl_textio.vpi";
:vpi_module "/usr/lib/x86_64-linux-gnu/ivl/v2005_math.vpi";
:vpi_module "/usr/lib/x86_64-linux-gnu/ivl/va_math.vpi";
:vpi_module "/usr/lib/x86_64-linux-gnu/ivl/v2009.vpi";
S_0x55b307aad820 .scope package, "$unit" "$unit" 2 1;
 .timescale 0 0;
S_0x55b307aad9b0 .scope module, "tb_regfile" "tb_regfile" 3 2;
 .timescale 0 0;
P_0x55b307ac0570 .param/l "REG_COUNT" 1 3 5, +C4<00000000000000000000000000100000>;
P_0x55b307ac05b0 .param/l "XLEN" 1 3 4, +C4<00000000000000000000000000100000>;
v0x55b307ae3850_0 .var "clk", 0 0;
v0x55b307ae3910_0 .var "d", 31 0;
v0x55b307ae39d0_0 .var/i "k", 31 0;
v0x55b307ae3ac0 .array "model", 0 31, 31 0;
v0x55b307ae3b80_0 .var/i "r", 31 0;
v0x55b307ae3cb0_0 .var/i "r1", 31 0;
v0x55b307ae3d90_0 .var/i "r2", 31 0;
v0x55b307ae3e70_0 .var "rd", 4 0;
v0x55b307ae3f30_0 .net "rd1", 31 0, L_0x55b307af4a20;  1 drivers
v0x55b307ae4000_0 .net "rd2", 31 0, L_0x55b307af5140;  1 drivers
v0x55b307ae40d0_0 .var "rs1", 4 0;
v0x55b307ae41a0_0 .var "rs2", 4 0;
v0x55b307ae4270_0 .var "rst", 0 0;
v0x55b307ae4340_0 .var "wd", 31 0;
v0x55b307ae4410_0 .var "we", 0 0;
E_0x55b307aa9080 .event negedge, v0x55b307ae2b80_0;
S_0x55b307ac2080 .scope begin, "$ivl_for_loop1" "$ivl_for_loop1" 3 79, 3 79 0, S_0x55b307aad9b0;
 .timescale 0 0;
v0x55b307a9bfb0_0 .var/i "i", 31 0;
S_0x55b307ae10f0 .scope autotask, "check_read" "check_read" 3 45, 3 45 0, S_0x55b307aad9b0;
 .timescale 0 0;
v0x55b307a9c6c0_0 .var/i "cr1", 31 0;
v0x55b307ae1330_0 .var/i "cr2", 31 0;
v0x55b307ae1410_0 .var "exp1", 31 0;
v0x55b307ae14d0_0 .var "exp2", 31 0;
TD_tb_regfile.check_read ;
    %load/vec4 v0x55b307a9c6c0_0;
    %parti/s 5, 0, 2;
    %store/vec4 v0x55b307ae40d0_0, 0, 5;
    %load/vec4 v0x55b307ae1330_0;
    %parti/s 5, 0, 2;
    %store/vec4 v0x55b307ae41a0_0, 0, 5;
    %delay 1, 0;
    %load/vec4 v0x55b307ae3f30_0;
    %load/vec4 v0x55b307ae1410_0;
    %cmp/ne;
    %jmp/0xz  T_0.0, 6;
    %vpi_call/w 3 55 "$display", "FAIL rd1: rs1=%0d got=%h exp=%h", v0x55b307a9c6c0_0, v0x55b307ae3f30_0, v0x55b307ae1410_0 {0 0 0};
    %vpi_call/w 3 56 "$finish" {0 0 0};
T_0.0 ;
    %load/vec4 v0x55b307ae4000_0;
    %load/vec4 v0x55b307ae14d0_0;
    %cmp/ne;
    %jmp/0xz  T_0.2, 6;
    %vpi_call/w 3 59 "$display", "FAIL rd2: rs2=%0d got=%h exp=%h", v0x55b307ae1330_0, v0x55b307ae4000_0, v0x55b307ae14d0_0 {0 0 0};
    %vpi_call/w 3 60 "$finish" {0 0 0};
T_0.2 ;
    %end;
S_0x55b307ae15b0 .scope module, "dut" "regfile" 3 13, 4 2 0, S_0x55b307aad9b0;
 .timescale 0 0;
    .port_info 0 /INPUT 1 "clk";
    .port_info 1 /INPUT 1 "rst";
    .port_info 2 /INPUT 1 "we";
    .port_info 3 /INPUT 5 "rs1";
    .port_info 4 /INPUT 5 "rs2";
    .port_info 5 /INPUT 5 "rd";
    .port_info 6 /INPUT 32 "wd";
    .port_info 7 /OUTPUT 32 "rd1";
    .port_info 8 /OUTPUT 32 "rd2";
P_0x55b307aadb90 .param/l "REG_COUNT" 0 4 4, +C4<00000000000000000000000000100000>;
P_0x55b307aadbd0 .param/l "XLEN" 0 4 3, +C4<00000000000000000000000000100000>;
v0x55b307ae1d40_0 .net *"_ivl_0", 31 0, L_0x55b307ae44e0;  1 drivers
v0x55b307ae1e40_0 .net *"_ivl_10", 31 0, L_0x55b307af47b0;  1 drivers
v0x55b307ae1f20_0 .net *"_ivl_12", 6 0, L_0x55b307af48b0;  1 drivers
L_0x7ffbe71220f0 .functor BUFT 1, C4<00>, C4<0>, C4<0>, C4<0>;
v0x55b307ae2010_0 .net *"_ivl_15", 1 0, L_0x7ffbe71220f0;  1 drivers
v0x55b307ae20f0_0 .net *"_ivl_18", 31 0, L_0x55b307af4c00;  1 drivers
L_0x7ffbe7122138 .functor BUFT 1, C4<000000000000000000000000000>, C4<0>, C4<0>, C4<0>;
v0x55b307ae2220_0 .net *"_ivl_21", 26 0, L_0x7ffbe7122138;  1 drivers
L_0x7ffbe7122180 .functor BUFT 1, C4<00000000000000000000000000000000>, C4<0>, C4<0>, C4<0>;
v0x55b307ae2300_0 .net/2u *"_ivl_22", 31 0, L_0x7ffbe7122180;  1 drivers
v0x55b307ae23e0_0 .net *"_ivl_24", 0 0, L_0x55b307af4dd0;  1 drivers
L_0x7ffbe71221c8 .functor BUFT 1, C4<00000000000000000000000000000000>, C4<0>, C4<0>, C4<0>;
v0x55b307ae24a0_0 .net/2u *"_ivl_26", 31 0, L_0x7ffbe71221c8;  1 drivers
v0x55b307ae2580_0 .net *"_ivl_28", 31 0, L_0x55b307af4f10;  1 drivers
L_0x7ffbe7122018 .functor BUFT 1, C4<000000000000000000000000000>, C4<0>, C4<0>, C4<0>;
v0x55b307ae2660_0 .net *"_ivl_3", 26 0, L_0x7ffbe7122018;  1 drivers
v0x55b307ae2740_0 .net *"_ivl_30", 6 0, L_0x55b307af5000;  1 drivers
L_0x7ffbe7122210 .functor BUFT 1, C4<00>, C4<0>, C4<0>, C4<0>;
v0x55b307ae2820_0 .net *"_ivl_33", 1 0, L_0x7ffbe7122210;  1 drivers
L_0x7ffbe7122060 .functor BUFT 1, C4<00000000000000000000000000000000>, C4<0>, C4<0>, C4<0>;
v0x55b307ae2900_0 .net/2u *"_ivl_4", 31 0, L_0x7ffbe7122060;  1 drivers
v0x55b307ae29e0_0 .net *"_ivl_6", 0 0, L_0x55b307af4640;  1 drivers
L_0x7ffbe71220a8 .functor BUFT 1, C4<00000000000000000000000000000000>, C4<0>, C4<0>, C4<0>;
v0x55b307ae2aa0_0 .net/2u *"_ivl_8", 31 0, L_0x7ffbe71220a8;  1 drivers
v0x55b307ae2b80_0 .net "clk", 0 0, v0x55b307ae3850_0;  1 drivers
v0x55b307ae2c40_0 .net "rd", 4 0, v0x55b307ae3e70_0;  1 drivers
v0x55b307ae2d20_0 .net "rd1", 31 0, L_0x55b307af4a20;  alias, 1 drivers
v0x55b307ae2e00_0 .net "rd2", 31 0, L_0x55b307af5140;  alias, 1 drivers
v0x55b307ae2ee0 .array "regs", 0 31, 31 0;
v0x55b307ae2fa0_0 .net "rs1", 4 0, v0x55b307ae40d0_0;  1 drivers
v0x55b307ae3080_0 .net "rs2", 4 0, v0x55b307ae41a0_0;  1 drivers
v0x55b307ae3160_0 .net "rst", 0 0, v0x55b307ae4270_0;  1 drivers
v0x55b307ae3220_0 .net "wd", 31 0, v0x55b307ae4340_0;  1 drivers
v0x55b307ae3300_0 .net "we", 0 0, v0x55b307ae4410_0;  1 drivers
E_0x55b307aa8150 .event posedge, v0x55b307ae2b80_0;
L_0x55b307ae44e0 .concat [ 5 27 0 0], v0x55b307ae40d0_0, L_0x7ffbe7122018;
L_0x55b307af4640 .cmp/eq 32, L_0x55b307ae44e0, L_0x7ffbe7122060;
L_0x55b307af47b0 .array/port v0x55b307ae2ee0, L_0x55b307af48b0;
L_0x55b307af48b0 .concat [ 5 2 0 0], v0x55b307ae40d0_0, L_0x7ffbe71220f0;
L_0x55b307af4a20 .functor MUXZ 32, L_0x55b307af47b0, L_0x7ffbe71220a8, L_0x55b307af4640, C4<>;
L_0x55b307af4c00 .concat [ 5 27 0 0], v0x55b307ae41a0_0, L_0x7ffbe7122138;
L_0x55b307af4dd0 .cmp/eq 32, L_0x55b307af4c00, L_0x7ffbe7122180;
L_0x55b307af4f10 .array/port v0x55b307ae2ee0, L_0x55b307af5000;
L_0x55b307af5000 .concat [ 5 2 0 0], v0x55b307ae41a0_0, L_0x7ffbe7122210;
L_0x55b307af5140 .functor MUXZ 32, L_0x55b307af4f10, L_0x7ffbe71221c8, L_0x55b307af4dd0, C4<>;
S_0x55b307ae1a40 .scope begin, "$ivl_for_loop0" "$ivl_for_loop0" 4 24, 4 24 0, S_0x55b307ae15b0;
 .timescale 0 0;
v0x55b307ae1c40_0 .var/2s "i", 31 0;
S_0x55b307ae34e0 .scope autotask, "write_reg" "write_reg" 3 33, 3 33 0, S_0x55b307aad9b0;
 .timescale 0 0;
v0x55b307ae3670_0 .var "data", 31 0;
v0x55b307ae3770_0 .var/i "wr", 31 0;
TD_tb_regfile.write_reg ;
    %wait E_0x55b307aa9080;
    %pushi/vec4 1, 0, 1;
    %store/vec4 v0x55b307ae4410_0, 0, 1;
    %load/vec4 v0x55b307ae3770_0;
    %parti/s 5, 0, 2;
    %store/vec4 v0x55b307ae3e70_0, 0, 5;
    %load/vec4 v0x55b307ae3670_0;
    %store/vec4 v0x55b307ae4340_0, 0, 32;
    %wait E_0x55b307aa9080;
    %pushi/vec4 0, 0, 1;
    %store/vec4 v0x55b307ae4410_0, 0, 1;
    %end;
    .scope S_0x55b307ae15b0;
T_2 ;
    %wait E_0x55b307aa8150;
    %load/vec4 v0x55b307ae3160_0;
    %flag_set/vec4 8;
    %jmp/0xz  T_2.0, 8;
    %fork t_1, S_0x55b307ae1a40;
    %jmp t_0;
    .scope S_0x55b307ae1a40;
t_1 ;
    %pushi/vec4 0, 0, 32;
    %store/vec4 v0x55b307ae1c40_0, 0, 32;
T_2.2 ;
    %load/vec4 v0x55b307ae1c40_0;
    %cmpi/s 32, 0, 32;
    %jmp/0xz T_2.3, 5;
    %pushi/vec4 0, 0, 32;
    %ix/getv/s 3, v0x55b307ae1c40_0;
    %ix/load 4, 0, 0; Constant delay
    %assign/vec4/a/d v0x55b307ae2ee0, 0, 4;
    ; show_stmt_assign_vector: Get l-value for compressed += operand
    %load/vec4 v0x55b307ae1c40_0;
    %pushi/vec4 1, 0, 32;
    %add;
    %cast2;
    %store/vec4 v0x55b307ae1c40_0, 0, 32;
    %jmp T_2.2;
T_2.3 ;
    %end;
    .scope S_0x55b307ae15b0;
t_0 %join;
    %jmp T_2.1;
T_2.0 ;
    %load/vec4 v0x55b307ae3300_0;
    %load/vec4 v0x55b307ae2c40_0;
    %pad/u 32;
    %pushi/vec4 0, 0, 32;
    %cmp/ne;
    %flag_get/vec4 4;
    %and;
    %flag_set/vec4 8;
    %jmp/0xz  T_2.4, 8;
    %load/vec4 v0x55b307ae3220_0;
    %load/vec4 v0x55b307ae2c40_0;
    %pad/u 7;
    %ix/vec4 3;
    %ix/load 4, 0, 0; Constant delay
    %assign/vec4/a/d v0x55b307ae2ee0, 0, 4;
T_2.4 ;
T_2.1 ;
    %jmp T_2;
    .thread T_2;
    .scope S_0x55b307aad9b0;
T_3 ;
    %pushi/vec4 0, 0, 1;
    %store/vec4 v0x55b307ae3850_0, 0, 1;
    %end;
    .thread T_3;
    .scope S_0x55b307aad9b0;
T_4 ;
    %delay 5, 0;
    %load/vec4 v0x55b307ae3850_0;
    %inv;
    %store/vec4 v0x55b307ae3850_0, 0, 1;
    %jmp T_4;
    .thread T_4;
    .scope S_0x55b307aad9b0;
T_5 ;
    %pushi/vec4 0, 0, 1;
    %store/vec4 v0x55b307ae4410_0, 0, 1;
    %pushi/vec4 0, 0, 5;
    %store/vec4 v0x55b307ae40d0_0, 0, 5;
    %pushi/vec4 0, 0, 5;
    %store/vec4 v0x55b307ae41a0_0, 0, 5;
    %pushi/vec4 0, 0, 5;
    %store/vec4 v0x55b307ae3e70_0, 0, 5;
    %pushi/vec4 0, 0, 32;
    %store/vec4 v0x55b307ae4340_0, 0, 32;
    %vpi_call/w 3 70 "$dumpfile", "build/wave_regfile.vcd" {0 0 0};
    %vpi_call/w 3 71 "$dumpvars", 32'sb00000000000000000000000000000000, S_0x55b307aad9b0 {0 0 0};
    %pushi/vec4 1, 0, 1;
    %store/vec4 v0x55b307ae4270_0, 0, 1;
    %pushi/vec4 2, 0, 32;
T_5.0 %dup/vec4;
    %pushi/vec4 0, 0, 32;
    %cmp/s;
    %jmp/1xz T_5.1, 5;
    %jmp/1 T_5.1, 4;
    %pushi/vec4 1, 0, 32;
    %sub;
    %wait E_0x55b307aa9080;
    %jmp T_5.0;
T_5.1 ;
    %pop/vec4 1;
    %pushi/vec4 0, 0, 1;
    %store/vec4 v0x55b307ae4270_0, 0, 1;
    %fork t_3, S_0x55b307ac2080;
    %jmp t_2;
    .scope S_0x55b307ac2080;
t_3 ;
    %pushi/vec4 0, 0, 32;
    %store/vec4 v0x55b307a9bfb0_0, 0, 32;
T_5.2 ;
    %load/vec4 v0x55b307a9bfb0_0;
    %cmpi/s 32, 0, 32;
    %jmp/0xz T_5.3, 5;
    %pushi/vec4 0, 0, 32;
    %ix/getv/s 4, v0x55b307a9bfb0_0;
    %store/vec4a v0x55b307ae3ac0, 4, 0;
    %load/vec4 v0x55b307a9bfb0_0;
    %addi 1, 0, 32;
    %store/vec4 v0x55b307a9bfb0_0, 0, 32;
    %jmp T_5.2;
T_5.3 ;
    %end;
    .scope S_0x55b307aad9b0;
t_2 %join;
    %alloc S_0x55b307ae10f0;
    %pushi/vec4 0, 0, 32;
    %store/vec4 v0x55b307a9c6c0_0, 0, 32;
    %pushi/vec4 0, 0, 32;
    %store/vec4 v0x55b307ae1330_0, 0, 32;
    %pushi/vec4 0, 0, 32;
    %store/vec4 v0x55b307ae1410_0, 0, 32;
    %pushi/vec4 0, 0, 32;
    %store/vec4 v0x55b307ae14d0_0, 0, 32;
    %fork TD_tb_regfile.check_read, S_0x55b307ae10f0;
    %join;
    %free S_0x55b307ae10f0;
    %alloc S_0x55b307ae34e0;
    %pushi/vec4 1, 0, 32;
    %store/vec4 v0x55b307ae3770_0, 0, 32;
    %pushi/vec4 286331153, 0, 32;
    %store/vec4 v0x55b307ae3670_0, 0, 32;
    %fork TD_tb_regfile.write_reg, S_0x55b307ae34e0;
    %join;
    %free S_0x55b307ae34e0;
    %pushi/vec4 286331153, 0, 32;
    %ix/load 4, 1, 0;
    %flag_set/imm 4, 0;
    %store/vec4a v0x55b307ae3ac0, 4, 0;
    %alloc S_0x55b307ae34e0;
    %pushi/vec4 2, 0, 32;
    %store/vec4 v0x55b307ae3770_0, 0, 32;
    %pushi/vec4 572662306, 0, 32;
    %store/vec4 v0x55b307ae3670_0, 0, 32;
    %fork TD_tb_regfile.write_reg, S_0x55b307ae34e0;
    %join;
    %free S_0x55b307ae34e0;
    %pushi/vec4 572662306, 0, 32;
    %ix/load 4, 2, 0;
    %flag_set/imm 4, 0;
    %store/vec4a v0x55b307ae3ac0, 4, 0;
    %alloc S_0x55b307ae34e0;
    %pushi/vec4 31, 0, 32;
    %store/vec4 v0x55b307ae3770_0, 0, 32;
    %pushi/vec4 3735928559, 0, 32;
    %store/vec4 v0x55b307ae3670_0, 0, 32;
    %fork TD_tb_regfile.write_reg, S_0x55b307ae34e0;
    %join;
    %free S_0x55b307ae34e0;
    %pushi/vec4 3735928559, 0, 32;
    %ix/load 4, 31, 0;
    %flag_set/imm 4, 0;
    %store/vec4a v0x55b307ae3ac0, 4, 0;
    %alloc S_0x55b307ae10f0;
    %pushi/vec4 1, 0, 32;
    %store/vec4 v0x55b307a9c6c0_0, 0, 32;
    %pushi/vec4 2, 0, 32;
    %store/vec4 v0x55b307ae1330_0, 0, 32;
    %ix/load 4, 1, 0;
    %flag_set/imm 4, 0;
    %load/vec4a v0x55b307ae3ac0, 4;
    %store/vec4 v0x55b307ae1410_0, 0, 32;
    %ix/load 4, 2, 0;
    %flag_set/imm 4, 0;
    %load/vec4a v0x55b307ae3ac0, 4;
    %store/vec4 v0x55b307ae14d0_0, 0, 32;
    %fork TD_tb_regfile.check_read, S_0x55b307ae10f0;
    %join;
    %free S_0x55b307ae10f0;
    %alloc S_0x55b307ae10f0;
    %pushi/vec4 31, 0, 32;
    %store/vec4 v0x55b307a9c6c0_0, 0, 32;
    %pushi/vec4 0, 0, 32;
    %store/vec4 v0x55b307ae1330_0, 0, 32;
    %ix/load 4, 31, 0;
    %flag_set/imm 4, 0;
    %load/vec4a v0x55b307ae3ac0, 4;
    %store/vec4 v0x55b307ae1410_0, 0, 32;
    %pushi/vec4 0, 0, 32;
    %store/vec4 v0x55b307ae14d0_0, 0, 32;
    %fork TD_tb_regfile.check_read, S_0x55b307ae10f0;
    %join;
    %free S_0x55b307ae10f0;
    %alloc S_0x55b307ae34e0;
    %pushi/vec4 0, 0, 32;
    %store/vec4 v0x55b307ae3770_0, 0, 32;
    %pushi/vec4 4294967295, 0, 32;
    %store/vec4 v0x55b307ae3670_0, 0, 32;
    %fork TD_tb_regfile.write_reg, S_0x55b307ae34e0;
    %join;
    %free S_0x55b307ae34e0;
    %pushi/vec4 0, 0, 32;
    %ix/load 4, 0, 0;
    %flag_set/imm 4, 0;
    %store/vec4a v0x55b307ae3ac0, 4, 0;
    %alloc S_0x55b307ae10f0;
    %pushi/vec4 0, 0, 32;
    %store/vec4 v0x55b307a9c6c0_0, 0, 32;
    %pushi/vec4 1, 0, 32;
    %store/vec4 v0x55b307ae1330_0, 0, 32;
    %pushi/vec4 0, 0, 32;
    %store/vec4 v0x55b307ae1410_0, 0, 32;
    %ix/load 4, 1, 0;
    %flag_set/imm 4, 0;
    %load/vec4a v0x55b307ae3ac0, 4;
    %store/vec4 v0x55b307ae14d0_0, 0, 32;
    %fork TD_tb_regfile.check_read, S_0x55b307ae10f0;
    %join;
    %free S_0x55b307ae10f0;
    %pushi/vec4 0, 0, 32;
    %store/vec4 v0x55b307ae39d0_0, 0, 32;
T_5.4 ;
    %load/vec4 v0x55b307ae39d0_0;
    %cmpi/s 500, 0, 32;
    %jmp/0xz T_5.5, 5;
    %vpi_func 3 100 "$urandom_range" 32, 32'sb00000000000000000000000000000000, 32'sb00000000000000000000000000011111 {0 0 0};
    %store/vec4 v0x55b307ae3b80_0, 0, 32;
    %vpi_func 3 101 "$urandom" 32 {0 0 0};
    %store/vec4 v0x55b307ae3910_0, 0, 32;
    %alloc S_0x55b307ae34e0;
    %load/vec4 v0x55b307ae3b80_0;
    %store/vec4 v0x55b307ae3770_0, 0, 32;
    %load/vec4 v0x55b307ae3910_0;
    %store/vec4 v0x55b307ae3670_0, 0, 32;
    %fork TD_tb_regfile.write_reg, S_0x55b307ae34e0;
    %join;
    %free S_0x55b307ae34e0;
    %load/vec4 v0x55b307ae3b80_0;
    %cmpi/ne 0, 0, 32;
    %jmp/0xz  T_5.6, 4;
    %load/vec4 v0x55b307ae3910_0;
    %ix/getv/s 4, v0x55b307ae3b80_0;
    %store/vec4a v0x55b307ae3ac0, 4, 0;
    %jmp T_5.7;
T_5.6 ;
    %pushi/vec4 0, 0, 32;
    %ix/load 4, 0, 0;
    %flag_set/imm 4, 0;
    %store/vec4a v0x55b307ae3ac0, 4, 0;
T_5.7 ;
    %vpi_func 3 107 "$urandom_range" 32, 32'sb00000000000000000000000000000000, 32'sb00000000000000000000000000011111 {0 0 0};
    %store/vec4 v0x55b307ae3cb0_0, 0, 32;
    %vpi_func 3 108 "$urandom_range" 32, 32'sb00000000000000000000000000000000, 32'sb00000000000000000000000000011111 {0 0 0};
    %store/vec4 v0x55b307ae3d90_0, 0, 32;
    %alloc S_0x55b307ae10f0;
    %load/vec4 v0x55b307ae3cb0_0;
    %store/vec4 v0x55b307a9c6c0_0, 0, 32;
    %load/vec4 v0x55b307ae3d90_0;
    %store/vec4 v0x55b307ae1330_0, 0, 32;
    %load/vec4 v0x55b307ae3cb0_0;
    %cmpi/e 0, 0, 32;
    %flag_mov 8, 4;
    %jmp/0 T_5.8, 8;
    %pushi/vec4 0, 0, 32;
    %jmp/1 T_5.9, 8;
T_5.8 ; End of true expr.
    %ix/getv/s 4, v0x55b307ae3cb0_0;
    %load/vec4a v0x55b307ae3ac0, 4;
    %jmp/0 T_5.9, 8;
 ; End of false expr.
    %blend;
T_5.9;
    %store/vec4 v0x55b307ae1410_0, 0, 32;
    %load/vec4 v0x55b307ae3d90_0;
    %cmpi/e 0, 0, 32;
    %flag_mov 8, 4;
    %jmp/0 T_5.10, 8;
    %pushi/vec4 0, 0, 32;
    %jmp/1 T_5.11, 8;
T_5.10 ; End of true expr.
    %ix/getv/s 4, v0x55b307ae3d90_0;
    %load/vec4a v0x55b307ae3ac0, 4;
    %jmp/0 T_5.11, 8;
 ; End of false expr.
    %blend;
T_5.11;
    %store/vec4 v0x55b307ae14d0_0, 0, 32;
    %fork TD_tb_regfile.check_read, S_0x55b307ae10f0;
    %join;
    %free S_0x55b307ae10f0;
    %load/vec4 v0x55b307ae39d0_0;
    %addi 1, 0, 32;
    %store/vec4 v0x55b307ae39d0_0, 0, 32;
    %jmp T_5.4;
T_5.5 ;
    %vpi_call/w 3 117 "$display", "PASS: regfile random regression ok" {0 0 0};
    %vpi_call/w 3 118 "$finish" {0 0 0};
    %end;
    .thread T_5;
# The file index is used to find the file name in the following table.
:file_names 5;
    "N/A";
    "<interactive>";
    "-";
    "tb/tb_regfile.sv";
    "rtl/regfile.sv";
